[run_asm_unicorn.py] ARGV: ['/Users/hedge/workspace/comic-c/src/tests/asm/run_asm_unicorn.py', '1', '--x', '64', '--y', '58', '--set-tile', '4', '3', '1', '--force-decision', '--force-aggr', '--inline-calls']
[run_asm_unicorn.py] patching marker b'MD' at 0 -> value 1
[run_asm_unicorn.py] converting INX from 64 (pixels) -> 8 (asm units: tile=4, span=0)
[run_asm_unicorn.py] patching marker b'INX' at 3 -> value 8
[run_asm_unicorn.py] converting INY from 58 (pixels) -> 7 (asm units: tile=3, span=1)
[run_asm_unicorn.py] patching marker b'INY' at 7 -> value 7
[run_asm_unicorn.py] set tile at offset 435 (map_start 47) from 0 to 1
[run_asm_unicorn.py] regs IP=0x1100 EIP=0x1100 CS=0x110 DS=0x100 SS=0x110 entry_linear=0x1100 entry_seg=0x110 entry_ip=0x0 data_seg=0x100
[run_asm_unicorn.py] added DBG mem-write hook for 0x1645-0x1684
[run_asm_unicorn.py] added DBG mem-read hook for 0x1645-0x1684
[run_asm_unicorn.py] installed global AGGRESSIVE mem-write hook (--force-aggr)
[run_asm_unicorn.py] added MAP mem-read hook for 0x112f-0x192e
[run_asm_unicorn.py] added MAP mem-write hook for 0x112f-0x192e
[run_asm_unicorn.py] exec @ 0x1655 opcode_bytes: c70631063412
[run_asm_unicorn.py] AGGR_GLOBAL MEMWRITE SEQ=1 @ 0x1631 size 2 val 0000 pc 0x1655 REGS {'IP': 1365, 'CS': 272}
[run_asm_unicorn.py] exec @ 0x165b opcode_bytes: c606330612
[run_asm_unicorn.py] AGGR_GLOBAL MEMWRITE SEQ=3 @ 0x1633 size 1 val 00 pc 0x165b REGS {'IP': 1371, 'CS': 272}
[run_asm_unicorn.py] exec @ 0x1660 opcode_bytes: 8a260601
[run_asm_unicorn.py] exec @ 0x1664 opcode_bytes: a00a01
[run_asm_unicorn.py] exec @ 0x1667 opcode_bytes: 88265106
[run_asm_unicorn.py] AGGR_GLOBAL MEMWRITE SEQ=6 @ 0x1651 size 1 val 00 pc 0x1667 REGS {'IP': 1383, 'CS': 272}
[run_asm_unicorn.py] exec @ 0x166b opcode_bytes: a25006
[run_asm_unicorn.py] AGGR_GLOBAL MEMWRITE SEQ=9 @ 0x1650 size 1 val 00 pc 0x166b REGS {'IP': 1387, 'CS': 272}
[run_asm_unicorn.py] exec @ 0x166e opcode_bytes: 8a160201
[run_asm_unicorn.py] DECISION HIT @ 0x1672 OPC=80fa00741980fa01 REGS={'IP': 1394, 'CS': 272, 'AX': 2055, 'BX': 0, 'CX': 0, 'DX': 1, 'SI': 0, 'DI': 0, 'BP': 0, 'SP': 0} FLAGS=2
[run_asm_unicorn.py] TRACE @ 0x1672 opcode_bytes: 80fa00
[run_asm_unicorn.py] exec @ 0x1672 opcode_bytes: 80fa00
[run_asm_unicorn.py] DECISION HIT @ 0x1675 OPC=741980fa01742880 REGS={'IP': 1397, 'CS': 272, 'AX': 2055, 'BX': 0, 'CX': 0, 'DX': 1, 'SI': 0, 'DI': 0, 'BP': 0, 'SP': 0} FLAGS=2
[run_asm_unicorn.py] DECISION BRANCH SHORT @0x1675 -> 0x1690
[run_asm_unicorn.py] TRACE @ 0x1675 opcode_bytes: 7419
[run_asm_unicorn.py] TRACE JCC @0x1675 -> 0x1690 (fallthrough 0x1677) REGS={'IP': 1397, 'CS': 272, 'SS': 272, 'SP': 0, 'DS': 256, 'ES': 0}
[run_asm_unicorn.py] exec @ 0x1675 opcode_bytes: 7419
[run_asm_unicorn.py] DECISION HIT @ 0x1677 OPC=80fa01742880fa02 REGS={'IP': 1399, 'CS': 272, 'AX': 2055, 'BX': 0, 'CX': 0, 'DX': 1, 'SI': 0, 'DI': 0, 'BP': 0, 'SP': 0} FLAGS=2
[run_asm_unicorn.py] TRACE @ 0x1677 opcode_bytes: 80fa01
[run_asm_unicorn.py] exec @ 0x1677 opcode_bytes: 80fa01
[run_asm_unicorn.py] DECISION HIT @ 0x167a OPC=742880fa02743a80 REGS={'IP': 1402, 'CS': 272, 'AX': 2055, 'BX': 0, 'CX': 0, 'DX': 1, 'SI': 0, 'DI': 0, 'BP': 0, 'SP': 0} FLAGS=70
[run_asm_unicorn.py] DECISION BRANCH SHORT @0x167a -> 0x16a4
[run_asm_unicorn.py] TRACE @ 0x167a opcode_bytes: 7428
[run_asm_unicorn.py] TRACE JCC @0x167a -> 0x16a4 (fallthrough 0x167c) REGS={'IP': 1402, 'CS': 272, 'SS': 272, 'SP': 0, 'DS': 256, 'ES': 0}
[run_asm_unicorn.py] exec @ 0x167a opcode_bytes: 7428
[run_asm_unicorn.py] DECISION HIT @ 0x16a4 OPC=e81902eb007208c6 REGS={'IP': 1444, 'CS': 272, 'AX': 2055, 'BX': 0, 'CX': 0, 'DX': 1, 'SI': 0, 'DI': 0, 'BP': 0, 'SP': 0} FLAGS=70
[run_asm_unicorn.py] TRACE @ 0x16a4 opcode_bytes: e81902
[run_asm_unicorn.py] TRACE CALL @0x16a4 -> 0x18c0 REGS={'IP': 1444, 'CS': 272, 'SS': 272, 'SP': 0, 'DS': 256, 'ES': 0}
[run_asm_unicorn.py] exec @ 0x16a4 opcode_bytes: e81902
[run_asm_unicorn.py] call at 0x16a4 -> target 0x18c0; PRE-REGS: {'AX': 2055, 'BX': 0, 'CX': 0, 'DX': 1, 'SI': 0, 'DI': 0, 'BP': 0, 'SP': 0, 'SS': 272, 'DS': 256, 'ES': 0, 'stack': [77, 68, 1, 73, 78, 88, 8, 73, 78, 89, 7, 69, 78, 88, 0, 69, 78, 89, 0, 69, 66, 72, 0, 80, 76, 88, 0, 80, 76, 89, 0, 70, 66, 88, 0, 70, 66, 89, 0, 70, 66, 86, 0, 0, 77, 65, 80, 0, 0, 0, 0, 0, 0, 0, 0, 0, 0, 0, 0, 0, 0, 0, 0, 0]}
[run_asm_unicorn.py] call-target bytes @ 0x18c0: 50535152c606450621b021a2330689c1
[run_asm_unicorn.py] error writing return IP for inline call: Invalid memory write (UC_ERR_WRITE_UNMAPPED)
[run_asm_unicorn.py] trampoline in use; execution moved to helper stub
[run_asm_unicorn.py] INLINE-CALL: pushed return 0x16a7 -> stack_linear 0x110fe SP=65534; jumping to 0x18c0
[run_asm_unicorn.py] --inline-calls enabled; skipping return-watch for CALL 0x16a4 -> 0x18c0
[run_asm_unicorn.py] POST-CALL CHECK @ 0x1600 expecting 0x18c0; REGS: {'IP': 1280, 'CS': 272, 'SS': 320, 'SP': 258, 'DS': 256, 'ES': 0}; stack_top_linear=0x1502 stack_bytes=[0, 0, 0, 0, 0, 0, 0, 0, 0, 0, 0, 0, 0, 0, 0, 0]
[run_asm_unicorn.py] STEP @0x1600 PC=0x1600 OPC=50 INSTR=50535152565755e8 REGS={'IP': 1280, 'CS': 272, 'SS': 320, 'SP': 258, 'AX': 2055, 'BX': 0, 'CX': 0, 'DX': 1, 'SI': 0, 'DI': 0, 'DS': 256, 'ES': 0}
[run_asm_unicorn.py] CFTRACE @0x1600 PC=0x1600 OPC=50 INSTR=50535152565755e8 REGS={'IP': 1280, 'CS': 272, 'DS': 256, 'ES': 0} ORIGIN=0x16a4
[run_asm_unicorn.py] TRACE @ 0x1600 opcode_bytes: 50
[run_asm_unicorn.py] exec @ 0x1600 opcode_bytes: 50
[run_asm_unicorn.py] AGGR_GLOBAL MEMWRITE SEQ=11 @ 0x1500 size 2 val 0000 pc 0x1600 REGS {'IP': 1280, 'CS': 272}
[run_asm_unicorn.py] MAP MEMWRITE SEQ=12 IN_TRACE=True @ 0x1500 size 2 val 0000 pc 0x1600 instr 50535152565755e8 PRE-REGS {'IP': 1280, 'CS': 272, 'AX': 2055, 'DS': 256, 'ES': 0}
[run_asm_unicorn.py] STEP @0x1601 PC=0x1601 OPC=53 INSTR=535152565755e8b6 REGS={'IP': 1281, 'CS': 272, 'SS': 320, 'SP': 256, 'AX': 2055, 'BX': 0, 'CX': 0, 'DX': 1, 'SI': 0, 'DI': 0, 'DS': 256, 'ES': 0}
[run_asm_unicorn.py] CFTRACE @0x1601 PC=0x1601 OPC=53 INSTR=535152565755e8b6 REGS={'IP': 1281, 'CS': 272, 'DS': 256, 'ES': 0} ORIGIN=0x16a4
[run_asm_unicorn.py] TRACE @ 0x1601 opcode_bytes: 53
[run_asm_unicorn.py] exec @ 0x1601 opcode_bytes: 53
[run_asm_unicorn.py] AGGR_GLOBAL MEMWRITE SEQ=13 @ 0x14fe size 2 val 0000 pc 0x1601 REGS {'IP': 1281, 'CS': 272}
[run_asm_unicorn.py] MAP MEMWRITE SEQ=14 IN_TRACE=True @ 0x14fe size 2 val 0000 pc 0x1601 instr 535152565755e8b6 PRE-REGS {'IP': 1281, 'CS': 272, 'AX': 2055, 'DS': 256, 'ES': 0}
[run_asm_unicorn.py] STEP @0x1602 PC=0x1602 OPC=51 INSTR=5152565755e8b602 REGS={'IP': 1282, 'CS': 272, 'SS': 320, 'SP': 254, 'AX': 2055, 'BX': 0, 'CX': 0, 'DX': 1, 'SI': 0, 'DI': 0, 'DS': 256, 'ES': 0}
[run_asm_unicorn.py] CFTRACE @0x1602 PC=0x1602 OPC=51 INSTR=5152565755e8b602 REGS={'IP': 1282, 'CS': 272, 'DS': 256, 'ES': 0} ORIGIN=0x16a4
[run_asm_unicorn.py] TRACE @ 0x1602 opcode_bytes: 51
[run_asm_unicorn.py] exec @ 0x1602 opcode_bytes: 51
[run_asm_unicorn.py] AGGR_GLOBAL MEMWRITE SEQ=15 @ 0x14fc size 2 val 0000 pc 0x1602 REGS {'IP': 1282, 'CS': 272}
[run_asm_unicorn.py] MAP MEMWRITE SEQ=16 IN_TRACE=True @ 0x14fc size 2 val 0000 pc 0x1602 instr 5152565755e8b602 PRE-REGS {'IP': 1282, 'CS': 272, 'AX': 2055, 'DS': 256, 'ES': 0}
[run_asm_unicorn.py] STEP @0x1603 PC=0x1603 OPC=52 INSTR=52565755e8b6025d REGS={'IP': 1283, 'CS': 272, 'SS': 320, 'SP': 252, 'AX': 2055, 'BX': 0, 'CX': 0, 'DX': 1, 'SI': 0, 'DI': 0, 'DS': 256, 'ES': 0}
[run_asm_unicorn.py] CFTRACE @0x1603 PC=0x1603 OPC=52 INSTR=52565755e8b6025d REGS={'IP': 1283, 'CS': 272, 'DS': 256, 'ES': 0} ORIGIN=0x16a4
[run_asm_unicorn.py] TRACE @ 0x1603 opcode_bytes: 52
[run_asm_unicorn.py] exec @ 0x1603 opcode_bytes: 52
[run_asm_unicorn.py] AGGR_GLOBAL MEMWRITE SEQ=17 @ 0x14fa size 2 val 0000 pc 0x1603 REGS {'IP': 1283, 'CS': 272}
[run_asm_unicorn.py] MAP MEMWRITE SEQ=18 IN_TRACE=True @ 0x14fa size 2 val 0000 pc 0x1603 instr 52565755e8b6025d PRE-REGS {'IP': 1283, 'CS': 272, 'AX': 2055, 'DS': 256, 'ES': 0}
[run_asm_unicorn.py] STEP @0x1604 PC=0x1604 OPC=56 INSTR=565755e8b6025d5f REGS={'IP': 1284, 'CS': 272, 'SS': 320, 'SP': 250, 'AX': 2055, 'BX': 0, 'CX': 0, 'DX': 1, 'SI': 0, 'DI': 0, 'DS': 256, 'ES': 0}
[run_asm_unicorn.py] CFTRACE @0x1604 PC=0x1604 OPC=56 INSTR=565755e8b6025d5f REGS={'IP': 1284, 'CS': 272, 'DS': 256, 'ES': 0} ORIGIN=0x16a4
[run_asm_unicorn.py] TRACE @ 0x1604 opcode_bytes: 56
[run_asm_unicorn.py] exec @ 0x1604 opcode_bytes: 56
[run_asm_unicorn.py] AGGR_GLOBAL MEMWRITE SEQ=19 @ 0x14f8 size 2 val 0000 pc 0x1604 REGS {'IP': 1284, 'CS': 272}
[run_asm_unicorn.py] MAP MEMWRITE SEQ=20 IN_TRACE=True @ 0x14f8 size 2 val 0000 pc 0x1604 instr 565755e8b6025d5f PRE-REGS {'IP': 1284, 'CS': 272, 'AX': 2055, 'DS': 256, 'ES': 0}
[run_asm_unicorn.py] STEP @0x1605 PC=0x1605 OPC=57 INSTR=5755e8b6025d5f5e REGS={'IP': 1285, 'CS': 272, 'SS': 320, 'SP': 248, 'AX': 2055, 'BX': 0, 'CX': 0, 'DX': 1, 'SI': 0, 'DI': 0, 'DS': 256, 'ES': 0}
[run_asm_unicorn.py] CFTRACE @0x1605 PC=0x1605 OPC=57 INSTR=5755e8b6025d5f5e REGS={'IP': 1285, 'CS': 272, 'DS': 256, 'ES': 0} ORIGIN=0x16a4
[run_asm_unicorn.py] TRACE @ 0x1605 opcode_bytes: 57
[run_asm_unicorn.py] exec @ 0x1605 opcode_bytes: 57
[run_asm_unicorn.py] AGGR_GLOBAL MEMWRITE SEQ=21 @ 0x14f6 size 2 val 0000 pc 0x1605 REGS {'IP': 1285, 'CS': 272}
[run_asm_unicorn.py] MAP MEMWRITE SEQ=22 IN_TRACE=True @ 0x14f6 size 2 val 0000 pc 0x1605 instr 5755e8b6025d5f5e PRE-REGS {'IP': 1285, 'CS': 272, 'AX': 2055, 'DS': 256, 'ES': 0}
[run_asm_unicorn.py] STEP @0x1606 PC=0x1606 OPC=55 INSTR=55e8b6025d5f5e5a REGS={'IP': 1286, 'CS': 272, 'SS': 320, 'SP': 246, 'AX': 2055, 'BX': 0, 'CX': 0, 'DX': 1, 'SI': 0, 'DI': 0, 'DS': 256, 'ES': 0}
[run_asm_unicorn.py] CFTRACE @0x1606 PC=0x1606 OPC=55 INSTR=55e8b6025d5f5e5a REGS={'IP': 1286, 'CS': 272, 'DS': 256, 'ES': 0} ORIGIN=0x16a4
[run_asm_unicorn.py] TRACE @ 0x1606 opcode_bytes: 55
[run_asm_unicorn.py] exec @ 0x1606 opcode_bytes: 55
[run_asm_unicorn.py] AGGR_GLOBAL MEMWRITE SEQ=23 @ 0x14f4 size 2 val 0000 pc 0x1606 REGS {'IP': 1286, 'CS': 272}
[run_asm_unicorn.py] MAP MEMWRITE SEQ=24 IN_TRACE=True @ 0x14f4 size 2 val 0000 pc 0x1606 instr 55e8b6025d5f5e5a PRE-REGS {'IP': 1286, 'CS': 272, 'AX': 2055, 'DS': 256, 'ES': 0}
[run_asm_unicorn.py] STEP @0x1607 PC=0x1607 OPC=e8b602 INSTR=e8b6025d5f5e5a59 REGS={'IP': 1287, 'CS': 272, 'SS': 320, 'SP': 244, 'AX': 2055, 'BX': 0, 'CX': 0, 'DX': 1, 'SI': 0, 'DI': 0, 'DS': 256, 'ES': 0}
[run_asm_unicorn.py] CFTRACE @0x1607 PC=0x1607 OPC=e8b602 INSTR=e8b6025d5f5e5a59 REGS={'IP': 1287, 'CS': 272, 'DS': 256, 'ES': 0} ORIGIN=0x16a4
[run_asm_unicorn.py] TRACE @ 0x1607 opcode_bytes: e8b602
[run_asm_unicorn.py] TRACE CALL @0x1607 -> 0x18c0 REGS={'IP': 1287, 'CS': 272, 'SS': 320, 'SP': 244, 'DS': 256, 'ES': 0}
[run_asm_unicorn.py] exec @ 0x1607 opcode_bytes: e8b602
[run_asm_unicorn.py] call at 0x1607 -> target 0x18c0; PRE-REGS: {'AX': 2055, 'BX': 0, 'CX': 0, 'DX': 1, 'SI': 0, 'DI': 0, 'BP': 0, 'SP': 244, 'SS': 320, 'DS': 256, 'ES': 0, 'stack': [0, 0, 0, 0, 0, 0, 1, 0, 0, 0, 0, 0, 7, 8, 0, 0, 0, 0, 0, 0, 0, 0, 0, 0, 0, 0, 0, 0, 0, 0, 0, 0, 0, 0, 0, 0, 0, 0, 0, 0, 0, 0, 0, 0, 0, 0, 0, 0, 0, 0, 0, 0, 0, 0, 0, 0, 0, 0, 0, 0, 0, 0, 0, 0]}
[run_asm_unicorn.py] call-target bytes @ 0x18c0: 50535152c606450621b021a2330689c1
[run_asm_unicorn.py] trampoline in use; execution moved to helper stub
[run_asm_unicorn.py] INLINE-CALL: pushed return 0x160a -> stack_linear 0x14f2 SP=242; jumping to 0x18c0
[run_asm_unicorn.py] --inline-calls enabled; skipping return-watch for CALL 0x1607 -> 0x18c0
[run_asm_unicorn.py] AGGR_GLOBAL MEMWRITE SEQ=25 @ 0x14f2 size 2 val 0a05 pc 0x1607 REGS {'IP': 1287, 'CS': 272}
[run_asm_unicorn.py] MAP MEMWRITE SEQ=26 IN_TRACE=True @ 0x14f2 size 2 val 0a05 pc 0x1607 instr e8b6025d5f5e5a59 PRE-REGS {'IP': 1287, 'CS': 272, 'AX': 2055, 'DS': 256, 'ES': 0}
[run_asm_unicorn.py] POST-CALL CHECK @ 0x18c0 expecting 0x18c0; REGS: {'IP': 1984, 'CS': 272, 'SS': 320, 'SP': 242, 'DS': 256, 'ES': 0}; stack_top_linear=0x14f2 stack_bytes=[10, 5, 0, 0, 0, 0, 0, 0, 1, 0, 0, 0, 0, 0, 7, 8]
[run_asm_unicorn.py] ENTRY-HIT @ 0x18c0; REGS: {'IP': 1984, 'CS': 272, 'SS': 320, 'SP': 242, 'AX': 2055, 'BX': 0, 'CX': 0, 'DX': 1, 'SI': 0, 'DI': 0}; stack_top_linear=0x14f2 stack_bytes=[10, 5, 0, 0, 0, 0, 0, 0, 1, 0, 0, 0, 0, 0, 7, 8, 0, 0, 0, 0, 0, 0, 0, 0, 0, 0, 0, 0, 0, 0, 0, 0]
[run_asm_unicorn.py] STEP @0x18c0 PC=0x18c0 OPC=50 INSTR=50535152c6064506 REGS={'IP': 1984, 'CS': 272, 'SS': 320, 'SP': 242, 'AX': 2055, 'BX': 0, 'CX': 0, 'DX': 1, 'SI': 0, 'DI': 0, 'DS': 256, 'ES': 0}
[run_asm_unicorn.py] CFTRACE @0x18c0 PC=0x18c0 OPC=50 INSTR=50535152c6064506 REGS={'IP': 1984, 'CS': 272, 'DS': 256, 'ES': 0} ORIGIN=0x1607
[run_asm_unicorn.py] TRACE @ 0x18c0 opcode_bytes: 50
[run_asm_unicorn.py] exec @ 0x18c0 opcode_bytes: 50
[run_asm_unicorn.py] HIT call-target at 0x18c0 — dumping regs & DBG area
[run_asm_unicorn.py] REGS @ 0x18c0: {'AX': 2055, 'BX': 0, 'CX': 0, 'DX': 1, 'SI': 0, 'DI': 0, 'BP': 0, 'SP': 242, 'DS': 256, 'ES': 0}
[run_asm_unicorn.py] DBG @ 0x1645 = [0, 0, 0, 0, 0, 0, 0, 0, 0, 0, 0, 7, 8, 0, 83, 84, 199, 6, 49, 6]
[run_asm_unicorn.py] AGGR_GLOBAL MEMWRITE SEQ=27 @ 0x14f0 size 2 val 0000 pc 0x18c0 REGS {'IP': 1984, 'CS': 272}
[run_asm_unicorn.py] MAP MEMWRITE SEQ=28 IN_TRACE=True @ 0x14f0 size 2 val 0000 pc 0x18c0 instr 50535152c6064506 PRE-REGS {'IP': 1984, 'CS': 272, 'AX': 2055, 'DS': 256, 'ES': 0}
[run_asm_unicorn.py] STEP @0x18c1 PC=0x18c1 OPC=53 INSTR=535152c606450621 REGS={'IP': 1985, 'CS': 272, 'SS': 320, 'SP': 240, 'AX': 2055, 'BX': 0, 'CX': 0, 'DX': 1, 'SI': 0, 'DI': 0, 'DS': 256, 'ES': 0}
[run_asm_unicorn.py] CFTRACE @0x18c1 PC=0x18c1 OPC=53 INSTR=535152c606450621 REGS={'IP': 1985, 'CS': 272, 'DS': 256, 'ES': 0} ORIGIN=0x1607
[run_asm_unicorn.py] TRACE @ 0x18c1 opcode_bytes: 53
[run_asm_unicorn.py] exec @ 0x18c1 opcode_bytes: 53
[run_asm_unicorn.py] AGGR_GLOBAL MEMWRITE SEQ=29 @ 0x14ee size 2 val 0000 pc 0x18c1 REGS {'IP': 1985, 'CS': 272}
[run_asm_unicorn.py] MAP MEMWRITE SEQ=30 IN_TRACE=True @ 0x14ee size 2 val 0000 pc 0x18c1 instr 535152c606450621 PRE-REGS {'IP': 1985, 'CS': 272, 'AX': 2055, 'DS': 256, 'ES': 0}
[run_asm_unicorn.py] STEP @0x18c2 PC=0x18c2 OPC=51 INSTR=5152c606450621b0 REGS={'IP': 1986, 'CS': 272, 'SS': 320, 'SP': 238, 'AX': 2055, 'BX': 0, 'CX': 0, 'DX': 1, 'SI': 0, 'DI': 0, 'DS': 256, 'ES': 0}
[run_asm_unicorn.py] CFTRACE @0x18c2 PC=0x18c2 OPC=51 INSTR=5152c606450621b0 REGS={'IP': 1986, 'CS': 272, 'DS': 256, 'ES': 0} ORIGIN=0x1607
[run_asm_unicorn.py] TRACE @ 0x18c2 opcode_bytes: 51
[run_asm_unicorn.py] exec @ 0x18c2 opcode_bytes: 51
[run_asm_unicorn.py] AGGR_GLOBAL MEMWRITE SEQ=31 @ 0x14ec size 2 val 0000 pc 0x18c2 REGS {'IP': 1986, 'CS': 272}
[run_asm_unicorn.py] MAP MEMWRITE SEQ=32 IN_TRACE=True @ 0x14ec size 2 val 0000 pc 0x18c2 instr 5152c606450621b0 PRE-REGS {'IP': 1986, 'CS': 272, 'AX': 2055, 'DS': 256, 'ES': 0}
[run_asm_unicorn.py] STEP @0x18c3 PC=0x18c3 OPC=52 INSTR=52c606450621b021 REGS={'IP': 1987, 'CS': 272, 'SS': 320, 'SP': 236, 'AX': 2055, 'BX': 0, 'CX': 0, 'DX': 1, 'SI': 0, 'DI': 0, 'DS': 256, 'ES': 0}
[run_asm_unicorn.py] CFTRACE @0x18c3 PC=0x18c3 OPC=52 INSTR=52c606450621b021 REGS={'IP': 1987, 'CS': 272, 'DS': 256, 'ES': 0} ORIGIN=0x1607
[run_asm_unicorn.py] TRACE @ 0x18c3 opcode_bytes: 52
[run_asm_unicorn.py] exec @ 0x18c3 opcode_bytes: 52
[run_asm_unicorn.py] AGGR_GLOBAL MEMWRITE SEQ=33 @ 0x14ea size 2 val 0000 pc 0x18c3 REGS {'IP': 1987, 'CS': 272}
[run_asm_unicorn.py] MAP MEMWRITE SEQ=34 IN_TRACE=True @ 0x14ea size 2 val 0000 pc 0x18c3 instr 52c606450621b021 PRE-REGS {'IP': 1987, 'CS': 272, 'AX': 2055, 'DS': 256, 'ES': 0}
[run_asm_unicorn.py] STEP @0x18c4 PC=0x18c4 OPC=c606450621 INSTR=c606450621b021a2 REGS={'IP': 1988, 'CS': 272, 'SS': 320, 'SP': 234, 'AX': 2055, 'BX': 0, 'CX': 0, 'DX': 1, 'SI': 0, 'DI': 0, 'DS': 256, 'ES': 0}
[run_asm_unicorn.py] CFTRACE @0x18c4 PC=0x18c4 OPC=c606450621 INSTR=c606450621b021a2 REGS={'IP': 1988, 'CS': 272, 'DS': 256, 'ES': 0} ORIGIN=0x1607
[run_asm_unicorn.py] TRACE @ 0x18c4 opcode_bytes: c606450621
[run_asm_unicorn.py] exec @ 0x18c4 opcode_bytes: c606450621
[run_asm_unicorn.py] mov byte [imm16],imm8 at 0x645 (linear 0x1645) -> 0x21
[run_asm_unicorn.py] DBG MEMWRITE SEQ=35 IN_TRACE=True @ 0x1645 offset 0 size 1 written 00 pc 0x18c4 instr c606450621b021a2 PRE-REGS {'AX': 2055, 'BX': 0, 'CX': 0, 'DX': 1, 'SI': 0, 'DI': 0, 'BP': 0, 'SP': 234, 'IP': 1988, 'CS': 272, 'DS': 256, 'ES': 0}
[run_asm_unicorn.py] AGGR_GLOBAL MEMWRITE SEQ=36 @ 0x1645 size 1 val 00 pc 0x18c4 REGS {'IP': 1988, 'CS': 272}
[run_asm_unicorn.py] MAP MEMWRITE SEQ=37 IN_TRACE=True @ 0x1645 size 1 val 00 pc 0x18c4 instr c606450621b021a2 PRE-REGS {'IP': 1988, 'CS': 272, 'AX': 2055, 'DS': 256, 'ES': 0}
[run_asm_unicorn.py] STEP @0x18c9 PC=0x18c9 OPC=b021 INSTR=b021a2330689c188 REGS={'IP': 1993, 'CS': 272, 'SS': 320, 'SP': 234, 'AX': 2055, 'BX': 0, 'CX': 0, 'DX': 1, 'SI': 0, 'DI': 0, 'DS': 256, 'ES': 0}
[run_asm_unicorn.py] CFTRACE @0x18c9 PC=0x18c9 OPC=b021 INSTR=b021a2330689c188 REGS={'IP': 1993, 'CS': 272, 'DS': 256, 'ES': 0} ORIGIN=0x1607
[run_asm_unicorn.py] TRACE @ 0x18c9 opcode_bytes: b021
[run_asm_unicorn.py] exec @ 0x18c9 opcode_bytes: b021
[run_asm_unicorn.py] STEP @0x18cb PC=0x18cb OPC=a23306 INSTR=a2330689c188e330 REGS={'IP': 1995, 'CS': 272, 'SS': 320, 'SP': 234, 'AX': 2081, 'BX': 0, 'CX': 0, 'DX': 1, 'SI': 0, 'DI': 0, 'DS': 256, 'ES': 0}
[run_asm_unicorn.py] CFTRACE @0x18cb PC=0x18cb OPC=a23306 INSTR=a2330689c188e330 REGS={'IP': 1995, 'CS': 272, 'DS': 256, 'ES': 0} ORIGIN=0x1607
[run_asm_unicorn.py] TRACE @ 0x18cb opcode_bytes: a23306
[run_asm_unicorn.py] exec @ 0x18cb opcode_bytes: a23306
[run_asm_unicorn.py] mov [imm],al at 0x633 (linear 0x1633) AL=203
[run_asm_unicorn.py] AGGR_GLOBAL MEMWRITE SEQ=38 @ 0x1633 size 1 val 12 pc 0x18cb REGS {'IP': 1995, 'CS': 272}
[run_asm_unicorn.py] MAP MEMWRITE SEQ=39 IN_TRACE=True @ 0x1633 size 1 val 12 pc 0x18cb instr a2330689c188e330 PRE-REGS {'IP': 1995, 'CS': 272, 'AX': 2081, 'DS': 256, 'ES': 0}
[run_asm_unicorn.py] STEP @0x18ce PC=0x18ce OPC=89c1 INSTR=89c188e330ff30e4 REGS={'IP': 1998, 'CS': 272, 'SS': 320, 'SP': 234, 'AX': 2081, 'BX': 0, 'CX': 0, 'DX': 1, 'SI': 0, 'DI': 0, 'DS': 256, 'ES': 0}
[run_asm_unicorn.py] CFTRACE @0x18ce PC=0x18ce OPC=89c1 INSTR=89c188e330ff30e4 REGS={'IP': 1998, 'CS': 272, 'DS': 256, 'ES': 0} ORIGIN=0x1607
[run_asm_unicorn.py] TRACE @ 0x18ce opcode_bytes: 89c1
[run_asm_unicorn.py] exec @ 0x18ce opcode_bytes: 89c1
[run_asm_unicorn.py] STEP @0x18d0 PC=0x18d0 OPC=88e3 INSTR=88e330ff30e4d1eb REGS={'IP': 2000, 'CS': 272, 'SS': 320, 'SP': 234, 'AX': 2081, 'BX': 0, 'CX': 2081, 'DX': 1, 'SI': 0, 'DI': 0, 'DS': 256, 'ES': 0}
[run_asm_unicorn.py] CFTRACE @0x18d0 PC=0x18d0 OPC=88e3 INSTR=88e330ff30e4d1eb REGS={'IP': 2000, 'CS': 272, 'DS': 256, 'ES': 0} ORIGIN=0x1607
[run_asm_unicorn.py] TRACE @ 0x18d0 opcode_bytes: 88e3
[run_asm_unicorn.py] exec @ 0x18d0 opcode_bytes: 88e3
[run_asm_unicorn.py] STEP @0x18d2 PC=0x18d2 OPC=30ff INSTR=30ff30e4d1ebd1e8 REGS={'IP': 2002, 'CS': 272, 'SS': 320, 'SP': 234, 'AX': 2081, 'BX': 8, 'CX': 2081, 'DX': 1, 'SI': 0, 'DI': 0, 'DS': 256, 'ES': 0}
[run_asm_unicorn.py] CFTRACE @0x18d2 PC=0x18d2 OPC=30ff INSTR=30ff30e4d1ebd1e8 REGS={'IP': 2002, 'CS': 272, 'DS': 256, 'ES': 0} ORIGIN=0x1607
[run_asm_unicorn.py] TRACE @ 0x18d2 opcode_bytes: 30ff
[run_asm_unicorn.py] exec @ 0x18d2 opcode_bytes: 30ff
[run_asm_unicorn.py] STEP @0x18d4 PC=0x18d4 OPC=30e4 INSTR=30e4d1ebd1e889de REGS={'IP': 2004, 'CS': 272, 'SS': 320, 'SP': 234, 'AX': 2081, 'BX': 8, 'CX': 2081, 'DX': 1, 'SI': 0, 'DI': 0, 'DS': 256, 'ES': 0}
[run_asm_unicorn.py] CFTRACE @0x18d4 PC=0x18d4 OPC=30e4 INSTR=30e4d1ebd1e889de REGS={'IP': 2004, 'CS': 272, 'DS': 256, 'ES': 0} ORIGIN=0x1607
[run_asm_unicorn.py] TRACE @ 0x18d4 opcode_bytes: 30e4
[run_asm_unicorn.py] exec @ 0x18d4 opcode_bytes: 30e4
[run_asm_unicorn.py] STEP @0x18d6 PC=0x18d6 OPC=d1eb INSTR=d1ebd1e889de89c7 REGS={'IP': 2006, 'CS': 272, 'SS': 320, 'SP': 234, 'AX': 33, 'BX': 8, 'CX': 2081, 'DX': 1, 'SI': 0, 'DI': 0, 'DS': 256, 'ES': 0}
[run_asm_unicorn.py] CFTRACE @0x18d6 PC=0x18d6 OPC=d1eb INSTR=d1ebd1e889de89c7 REGS={'IP': 2006, 'CS': 272, 'DS': 256, 'ES': 0} ORIGIN=0x1607
[run_asm_unicorn.py] TRACE @ 0x18d6 opcode_bytes: d1eb
[run_asm_unicorn.py] exec @ 0x18d6 opcode_bytes: d1eb
[run_asm_unicorn.py] STEP @0x18d8 PC=0x18d8 OPC=d1e8 INSTR=d1e889de89c7f6c5 REGS={'IP': 2008, 'CS': 272, 'SS': 320, 'SP': 234, 'AX': 33, 'BX': 4, 'CX': 2081, 'DX': 1, 'SI': 0, 'DI': 0, 'DS': 256, 'ES': 0}
[run_asm_unicorn.py] CFTRACE @0x18d8 PC=0x18d8 OPC=d1e8 INSTR=d1e889de89c7f6c5 REGS={'IP': 2008, 'CS': 272, 'DS': 256, 'ES': 0} ORIGIN=0x1607
[run_asm_unicorn.py] TRACE @ 0x18d8 opcode_bytes: d1e8
[run_asm_unicorn.py] exec @ 0x18d8 opcode_bytes: d1e8
[run_asm_unicorn.py] STEP @0x18da PC=0x18da OPC=89de INSTR=89de89c7f6c50174 REGS={'IP': 2010, 'CS': 272, 'SS': 320, 'SP': 234, 'AX': 16, 'BX': 4, 'CX': 2081, 'DX': 1, 'SI': 0, 'DI': 0, 'DS': 256, 'ES': 0}
[run_asm_unicorn.py] CFTRACE @0x18da PC=0x18da OPC=89de INSTR=89de89c7f6c50174 REGS={'IP': 2010, 'CS': 272, 'DS': 256, 'ES': 0} ORIGIN=0x1607
[run_asm_unicorn.py] TRACE @ 0x18da opcode_bytes: 89de
[run_asm_unicorn.py] exec @ 0x18da opcode_bytes: 89de
[run_asm_unicorn.py] STEP @0x18dc PC=0x18dc OPC=89c7 INSTR=89c7f6c501740146 REGS={'IP': 2012, 'CS': 272, 'SS': 320, 'SP': 234, 'AX': 16, 'BX': 4, 'CX': 2081, 'DX': 1, 'SI': 4, 'DI': 0, 'DS': 256, 'ES': 0}
[run_asm_unicorn.py] CFTRACE @0x18dc PC=0x18dc OPC=89c7 INSTR=89c7f6c501740146 REGS={'IP': 2012, 'CS': 272, 'DS': 256, 'ES': 0} ORIGIN=0x1607
[run_asm_unicorn.py] TRACE @ 0x18dc opcode_bytes: 89c7
[run_asm_unicorn.py] exec @ 0x18dc opcode_bytes: 89c7
[run_asm_unicorn.py] STEP @0x18de PC=0x18de OPC=f6c501 INSTR=f6c501740146f6c1 REGS={'IP': 2014, 'CS': 272, 'SS': 320, 'SP': 234, 'AX': 16, 'BX': 4, 'CX': 2081, 'DX': 1, 'SI': 4, 'DI': 16, 'DS': 256, 'ES': 0}
[run_asm_unicorn.py] CFTRACE @0x18de PC=0x18de OPC=f6c501 INSTR=f6c501740146f6c1 REGS={'IP': 2014, 'CS': 272, 'DS': 256, 'ES': 0} ORIGIN=0x1607
[run_asm_unicorn.py] TRACE @ 0x18de opcode_bytes: f6c501
[run_asm_unicorn.py] exec @ 0x18de opcode_bytes: f6c501
[run_asm_unicorn.py] STEP @0x18e1 PC=0x18e1 OPC=7401 INSTR=740146f6c1017401 REGS={'IP': 2017, 'CS': 272, 'SS': 320, 'SP': 234, 'AX': 16, 'BX': 4, 'CX': 2081, 'DX': 1, 'SI': 4, 'DI': 16, 'DS': 256, 'ES': 0}
[run_asm_unicorn.py] CFTRACE @0x18e1 PC=0x18e1 OPC=7401 INSTR=740146f6c1017401 REGS={'IP': 2017, 'CS': 272, 'DS': 256, 'ES': 0} ORIGIN=0x1607
[run_asm_unicorn.py] TRACE @ 0x18e1 opcode_bytes: 7401
[run_asm_unicorn.py] TRACE JCC @0x18e1 -> 0x18e4 (fallthrough 0x18e3) REGS={'IP': 2017, 'CS': 272, 'SS': 320, 'SP': 234, 'DS': 256, 'ES': 0}
[run_asm_unicorn.py] exec @ 0x18e1 opcode_bytes: 7401
[run_asm_unicorn.py] STEP @0x18e4 PC=0x18e4 OPC=f6c101 INSTR=f6c10174014789c1 REGS={'IP': 2020, 'CS': 272, 'SS': 320, 'SP': 234, 'AX': 16, 'BX': 4, 'CX': 2081, 'DX': 1, 'SI': 4, 'DI': 16, 'DS': 256, 'ES': 0}
[run_asm_unicorn.py] CFTRACE @0x18e4 PC=0x18e4 OPC=f6c101 INSTR=f6c10174014789c1 REGS={'IP': 2020, 'CS': 272, 'DS': 256, 'ES': 0} ORIGIN=0x1607
[run_asm_unicorn.py] TRACE @ 0x18e4 opcode_bytes: f6c101
[run_asm_unicorn.py] exec @ 0x18e4 opcode_bytes: f6c101
[run_asm_unicorn.py] STEP @0x18e7 PC=0x18e7 OPC=7401 INSTR=74014789c1c6064f REGS={'IP': 2023, 'CS': 272, 'SS': 320, 'SP': 234, 'AX': 16, 'BX': 4, 'CX': 2081, 'DX': 1, 'SI': 4, 'DI': 16, 'DS': 256, 'ES': 0}
[run_asm_unicorn.py] CFTRACE @0x18e7 PC=0x18e7 OPC=7401 INSTR=74014789c1c6064f REGS={'IP': 2023, 'CS': 272, 'DS': 256, 'ES': 0} ORIGIN=0x1607
[run_asm_unicorn.py] TRACE @ 0x18e7 opcode_bytes: 7401
[run_asm_unicorn.py] TRACE JCC @0x18e7 -> 0x18ea (fallthrough 0x18e9) REGS={'IP': 2023, 'CS': 272, 'SS': 320, 'SP': 234, 'DS': 256, 'ES': 0}
[run_asm_unicorn.py] exec @ 0x18e7 opcode_bytes: 7401
[run_asm_unicorn.py] STEP @0x18e9 PC=0x18e9 OPC=47 INSTR=4789c1c6064f0651 REGS={'IP': 2025, 'CS': 272, 'SS': 320, 'SP': 234, 'AX': 16, 'BX': 4, 'CX': 2081, 'DX': 1, 'SI': 4, 'DI': 16, 'DS': 256, 'ES': 0}
[run_asm_unicorn.py] CFTRACE @0x18e9 PC=0x18e9 OPC=47 INSTR=4789c1c6064f0651 REGS={'IP': 2025, 'CS': 272, 'DS': 256, 'ES': 0} ORIGIN=0x1607
[run_asm_unicorn.py] TRACE @ 0x18e9 opcode_bytes: 47
[run_asm_unicorn.py] exec @ 0x18e9 opcode_bytes: 47
[run_asm_unicorn.py] STEP @0x18ea PC=0x18ea OPC=89c1 INSTR=89c1c6064f065189 REGS={'IP': 2026, 'CS': 272, 'SS': 320, 'SP': 234, 'AX': 16, 'BX': 4, 'CX': 2081, 'DX': 1, 'SI': 4, 'DI': 17, 'DS': 256, 'ES': 0}
[run_asm_unicorn.py] CFTRACE @0x18ea PC=0x18ea OPC=89c1 INSTR=89c1c6064f065189 REGS={'IP': 2026, 'CS': 272, 'DS': 256, 'ES': 0} ORIGIN=0x1607
[run_asm_unicorn.py] TRACE @ 0x18ea opcode_bytes: 89c1
[run_asm_unicorn.py] exec @ 0x18ea opcode_bytes: 89c1
[run_asm_unicorn.py] STEP @0x18ec PC=0x18ec OPC=c6064f0651 INSTR=c6064f065189cad1 REGS={'IP': 2028, 'CS': 272, 'SS': 320, 'SP': 234, 'AX': 16, 'BX': 4, 'CX': 16, 'DX': 1, 'SI': 4, 'DI': 17, 'DS': 256, 'ES': 0}
[run_asm_unicorn.py] CFTRACE @0x18ec PC=0x18ec OPC=c6064f0651 INSTR=c6064f065189cad1 REGS={'IP': 2028, 'CS': 272, 'DS': 256, 'ES': 0} ORIGIN=0x1607
[run_asm_unicorn.py] TRACE @ 0x18ec opcode_bytes: c6064f0651
[run_asm_unicorn.py] exec @ 0x18ec opcode_bytes: c6064f0651
[run_asm_unicorn.py] mov byte [imm16],imm8 at 0x64f (linear 0x164f) -> 0x51
[run_asm_unicorn.py] DBG MEMWRITE SEQ=40 IN_TRACE=True @ 0x164f offset 10 size 1 written 00 pc 0x18ec instr c6064f065189cad1 PRE-REGS {'AX': 16, 'BX': 4, 'CX': 16, 'DX': 1, 'SI': 4, 'DI': 17, 'BP': 0, 'SP': 234, 'IP': 2028, 'CS': 272, 'DS': 256, 'ES': 0}
[run_asm_unicorn.py] DBG RECENT IPS (last 8):
  - 0x18dc: 89c7
  - 0x18de: f6c501
  - 0x18e1: 7401
  - 0x18e4: f6c101
  - 0x18e7: 7401
  - 0x18e9: 47
  - 0x18ea: 89c1
  - 0x18ec: c6064f0651
[run_asm_unicorn.py] AGGR_GLOBAL MEMWRITE SEQ=41 @ 0x164f size 1 val 00 pc 0x18ec REGS {'IP': 2028, 'CS': 272}
[run_asm_unicorn.py] MAP MEMWRITE SEQ=42 IN_TRACE=True @ 0x164f size 1 val 00 pc 0x18ec instr c6064f065189cad1 PRE-REGS {'IP': 2028, 'CS': 272, 'AX': 16, 'DS': 256, 'ES': 0}
[run_asm_unicorn.py] STEP @0x18f1 PC=0x18f1 OPC=89ca INSTR=89cad1e2d1e2d1e2 REGS={'IP': 2033, 'CS': 272, 'SS': 320, 'SP': 234, 'AX': 16, 'BX': 4, 'CX': 16, 'DX': 1, 'SI': 4, 'DI': 17, 'DS': 256, 'ES': 0}
[run_asm_unicorn.py] CFTRACE @0x18f1 PC=0x18f1 OPC=89ca INSTR=89cad1e2d1e2d1e2 REGS={'IP': 2033, 'CS': 272, 'DS': 256, 'ES': 0} ORIGIN=0x1607
[run_asm_unicorn.py] TRACE @ 0x18f1 opcode_bytes: 89ca
[run_asm_unicorn.py] exec @ 0x18f1 opcode_bytes: 89ca
[run_asm_unicorn.py] STEP @0x18f3 PC=0x18f3 OPC=d1e2 INSTR=d1e2d1e2d1e2d1e2 REGS={'IP': 2035, 'CS': 272, 'SS': 320, 'SP': 234, 'AX': 16, 'BX': 4, 'CX': 16, 'DX': 16, 'SI': 4, 'DI': 17, 'DS': 256, 'ES': 0}
[run_asm_unicorn.py] CFTRACE @0x18f3 PC=0x18f3 OPC=d1e2 INSTR=d1e2d1e2d1e2d1e2 REGS={'IP': 2035, 'CS': 272, 'DS': 256, 'ES': 0} ORIGIN=0x1607
[run_asm_unicorn.py] TRACE @ 0x18f3 opcode_bytes: d1e2
[run_asm_unicorn.py] exec @ 0x18f3 opcode_bytes: d1e2
[run_asm_unicorn.py] STEP @0x18f5 PC=0x18f5 OPC=d1e2 INSTR=d1e2d1e2d1e2d1e2 REGS={'IP': 2037, 'CS': 272, 'SS': 320, 'SP': 234, 'AX': 16, 'BX': 4, 'CX': 16, 'DX': 32, 'SI': 4, 'DI': 17, 'DS': 256, 'ES': 0}
[run_asm_unicorn.py] CFTRACE @0x18f5 PC=0x18f5 OPC=d1e2 INSTR=d1e2d1e2d1e2d1e2 REGS={'IP': 2037, 'CS': 272, 'DS': 256, 'ES': 0} ORIGIN=0x1607
[run_asm_unicorn.py] TRACE @ 0x18f5 opcode_bytes: d1e2
[run_asm_unicorn.py] exec @ 0x18f5 opcode_bytes: d1e2
[run_asm_unicorn.py] STEP @0x18f7 PC=0x18f7 OPC=d1e2 INSTR=d1e2d1e2d1e2d1e2 REGS={'IP': 2039, 'CS': 272, 'SS': 320, 'SP': 234, 'AX': 16, 'BX': 4, 'CX': 16, 'DX': 64, 'SI': 4, 'DI': 17, 'DS': 256, 'ES': 0}
[run_asm_unicorn.py] CFTRACE @0x18f7 PC=0x18f7 OPC=d1e2 INSTR=d1e2d1e2d1e2d1e2 REGS={'IP': 2039, 'CS': 272, 'DS': 256, 'ES': 0} ORIGIN=0x1607
[run_asm_unicorn.py] TRACE @ 0x18f7 opcode_bytes: d1e2
[run_asm_unicorn.py] exec @ 0x18f7 opcode_bytes: d1e2
[run_asm_unicorn.py] STEP @0x18f9 PC=0x18f9 OPC=d1e2 INSTR=d1e2d1e2d1e2d1e2 REGS={'IP': 2041, 'CS': 272, 'SS': 320, 'SP': 234, 'AX': 16, 'BX': 4, 'CX': 16, 'DX': 128, 'SI': 4, 'DI': 17, 'DS': 256, 'ES': 0}
[run_asm_unicorn.py] CFTRACE @0x18f9 PC=0x18f9 OPC=d1e2 INSTR=d1e2d1e2d1e2d1e2 REGS={'IP': 2041, 'CS': 272, 'DS': 256, 'ES': 0} ORIGIN=0x1607
[run_asm_unicorn.py] TRACE @ 0x18f9 opcode_bytes: d1e2
[run_asm_unicorn.py] exec @ 0x18f9 opcode_bytes: d1e2
[run_asm_unicorn.py] STEP @0x18fb PC=0x18fb OPC=d1e2 INSTR=d1e2d1e2d1e289dd REGS={'IP': 2043, 'CS': 272, 'SS': 320, 'SP': 234, 'AX': 16, 'BX': 4, 'CX': 16, 'DX': 256, 'SI': 4, 'DI': 17, 'DS': 256, 'ES': 0}
[run_asm_unicorn.py] CFTRACE @0x18fb PC=0x18fb OPC=d1e2 INSTR=d1e2d1e2d1e289dd REGS={'IP': 2043, 'CS': 272, 'DS': 256, 'ES': 0} ORIGIN=0x1607
[run_asm_unicorn.py] TRACE @ 0x18fb opcode_bytes: d1e2
[run_asm_unicorn.py] exec @ 0x18fb opcode_bytes: d1e2
[run_asm_unicorn.py] STEP @0x18fd PC=0x18fd OPC=d1e2 INSTR=d1e2d1e289ddc606 REGS={'IP': 2045, 'CS': 272, 'SS': 320, 'SP': 234, 'AX': 16, 'BX': 4, 'CX': 16, 'DX': 512, 'SI': 4, 'DI': 17, 'DS': 256, 'ES': 0}
[run_asm_unicorn.py] CFTRACE @0x18fd PC=0x18fd OPC=d1e2 INSTR=d1e2d1e289ddc606 REGS={'IP': 2045, 'CS': 272, 'DS': 256, 'ES': 0} ORIGIN=0x1607
[run_asm_unicorn.py] TRACE @ 0x18fd opcode_bytes: d1e2
[run_asm_unicorn.py] exec @ 0x18fd opcode_bytes: d1e2
[run_asm_unicorn.py] STEP @0x18ff PC=0x18ff OPC=d1e2 INSTR=d1e289ddc6064f06 REGS={'IP': 2047, 'CS': 272, 'SS': 320, 'SP': 234, 'AX': 16, 'BX': 4, 'CX': 16, 'DX': 1024, 'SI': 4, 'DI': 17, 'DS': 256, 'ES': 0}
[run_asm_unicorn.py] CFTRACE @0x18ff PC=0x18ff OPC=d1e2 INSTR=d1e289ddc6064f06 REGS={'IP': 2047, 'CS': 272, 'DS': 256, 'ES': 0} ORIGIN=0x1607
[run_asm_unicorn.py] TRACE @ 0x18ff opcode_bytes: d1e2
[run_asm_unicorn.py] exec @ 0x18ff opcode_bytes: d1e2
[run_asm_unicorn.py] STEP @0x1901 PC=0x1901 OPC=89dd INSTR=89ddc6064f066189 REGS={'IP': 2049, 'CS': 272, 'SS': 320, 'SP': 234, 'AX': 16, 'BX': 4, 'CX': 16, 'DX': 2048, 'SI': 4, 'DI': 17, 'DS': 256, 'ES': 0}
[run_asm_unicorn.py] CFTRACE @0x1901 PC=0x1901 OPC=89dd INSTR=89ddc6064f066189 REGS={'IP': 2049, 'CS': 272, 'DS': 256, 'ES': 0} ORIGIN=0x1607
[run_asm_unicorn.py] TRACE @ 0x1901 opcode_bytes: 89dd
[run_asm_unicorn.py] exec @ 0x1901 opcode_bytes: 89dd
[run_asm_unicorn.py] STEP @0x1903 PC=0x1903 OPC=c6064f0661 INSTR=c6064f066189d001 REGS={'IP': 2051, 'CS': 272, 'SS': 320, 'SP': 234, 'AX': 16, 'BX': 4, 'CX': 16, 'DX': 2048, 'SI': 4, 'DI': 17, 'DS': 256, 'ES': 0}
[run_asm_unicorn.py] CFTRACE @0x1903 PC=0x1903 OPC=c6064f0661 INSTR=c6064f066189d001 REGS={'IP': 2051, 'CS': 272, 'DS': 256, 'ES': 0} ORIGIN=0x1607
[run_asm_unicorn.py] TRACE @ 0x1903 opcode_bytes: c6064f0661
[run_asm_unicorn.py] exec @ 0x1903 opcode_bytes: c6064f0661
[run_asm_unicorn.py] mov byte [imm16],imm8 at 0x64f (linear 0x164f) -> 0x61
[run_asm_unicorn.py] DBG MEMWRITE SEQ=43 IN_TRACE=True @ 0x164f offset 10 size 1 written 51 pc 0x1903 instr c6064f066189d001 PRE-REGS {'AX': 16, 'BX': 4, 'CX': 16, 'DX': 2048, 'SI': 4, 'DI': 17, 'BP': 4, 'SP': 234, 'IP': 2051, 'CS': 272, 'DS': 256, 'ES': 0}
[run_asm_unicorn.py] DBG RECENT IPS (last 8):
  - 0x18f5: d1e2
  - 0x18f7: d1e2
  - 0x18f9: d1e2
  - 0x18fb: d1e2
  - 0x18fd: d1e2
  - 0x18ff: d1e2
  - 0x1901: 89dd
  - 0x1903: c6064f0661
[run_asm_unicorn.py] AGGR_GLOBAL MEMWRITE SEQ=44 @ 0x164f size 1 val 51 pc 0x1903 REGS {'IP': 2051, 'CS': 272}
[run_asm_unicorn.py] MAP MEMWRITE SEQ=45 IN_TRACE=True @ 0x164f size 1 val 51 pc 0x1903 instr c6064f066189d001 PRE-REGS {'IP': 2051, 'CS': 272, 'AX': 16, 'DS': 256, 'ES': 0}
[run_asm_unicorn.py] STEP @0x1908 PC=0x1908 OPC=89d0 INSTR=89d001e8bb2f0101 REGS={'IP': 2056, 'CS': 272, 'SS': 320, 'SP': 234, 'AX': 16, 'BX': 4, 'CX': 16, 'DX': 2048, 'SI': 4, 'DI': 17, 'DS': 256, 'ES': 0}
[run_asm_unicorn.py] CFTRACE @0x1908 PC=0x1908 OPC=89d0 INSTR=89d001e8bb2f0101 REGS={'IP': 2056, 'CS': 272, 'DS': 256, 'ES': 0} ORIGIN=0x1607
[run_asm_unicorn.py] TRACE @ 0x1908 opcode_bytes: 89d0
[run_asm_unicorn.py] exec @ 0x1908 opcode_bytes: 89d0
[run_asm_unicorn.py] STEP @0x190a PC=0x190a OPC=01e8 INSTR=01e8bb2f0101c3c6 REGS={'IP': 2058, 'CS': 272, 'SS': 320, 'SP': 234, 'AX': 2048, 'BX': 4, 'CX': 16, 'DX': 2048, 'SI': 4, 'DI': 17, 'DS': 256, 'ES': 0}
[run_asm_unicorn.py] CFTRACE @0x190a PC=0x190a OPC=01e8 INSTR=01e8bb2f0101c3c6 REGS={'IP': 2058, 'CS': 272, 'DS': 256, 'ES': 0} ORIGIN=0x1607
[run_asm_unicorn.py] TRACE @ 0x190a opcode_bytes: 01e8
[run_asm_unicorn.py] exec @ 0x190a opcode_bytes: 01e8
[run_asm_unicorn.py] STEP @0x190c PC=0x190c OPC=bb2f01 INSTR=bb2f0101c3c6064e REGS={'IP': 2060, 'CS': 272, 'SS': 320, 'SP': 234, 'AX': 2052, 'BX': 4, 'CX': 16, 'DX': 2048, 'SI': 4, 'DI': 17, 'DS': 256, 'ES': 0}
[run_asm_unicorn.py] CFTRACE @0x190c PC=0x190c OPC=bb2f01 INSTR=bb2f0101c3c6064e REGS={'IP': 2060, 'CS': 272, 'DS': 256, 'ES': 0} ORIGIN=0x1607
[run_asm_unicorn.py] TRACE @ 0x190c opcode_bytes: bb2f01
[run_asm_unicorn.py] exec @ 0x190c opcode_bytes: bb2f01
[run_asm_unicorn.py] STEP @0x190f PC=0x190f OPC=01c3 INSTR=01c3c6064e06208a REGS={'IP': 2063, 'CS': 272, 'SS': 320, 'SP': 234, 'AX': 2052, 'BX': 303, 'CX': 16, 'DX': 2048, 'SI': 4, 'DI': 17, 'DS': 256, 'ES': 0}
[run_asm_unicorn.py] CFTRACE @0x190f PC=0x190f OPC=01c3 INSTR=01c3c6064e06208a REGS={'IP': 2063, 'CS': 272, 'DS': 256, 'ES': 0} ORIGIN=0x1607
[run_asm_unicorn.py] TRACE @ 0x190f opcode_bytes: 01c3
[run_asm_unicorn.py] exec @ 0x190f opcode_bytes: 01c3
[run_asm_unicorn.py] STEP @0x1911 PC=0x1911 OPC=c6064e0620 INSTR=c6064e06208a07a2 REGS={'IP': 2065, 'CS': 272, 'SS': 320, 'SP': 234, 'AX': 2052, 'BX': 2355, 'CX': 16, 'DX': 2048, 'SI': 4, 'DI': 17, 'DS': 256, 'ES': 0}
[run_asm_unicorn.py] CFTRACE @0x1911 PC=0x1911 OPC=c6064e0620 INSTR=c6064e06208a07a2 REGS={'IP': 2065, 'CS': 272, 'DS': 256, 'ES': 0} ORIGIN=0x1607
[run_asm_unicorn.py] TRACE @ 0x1911 opcode_bytes: c6064e0620
[run_asm_unicorn.py] exec @ 0x1911 opcode_bytes: c6064e0620
[run_asm_unicorn.py] mov byte [imm16],imm8 at 0x64e (linear 0x164e) -> 0x20
[run_asm_unicorn.py] DBG MEMWRITE SEQ=46 IN_TRACE=True @ 0x164e offset 9 size 1 written 00 pc 0x1911 instr c6064e06208a07a2 PRE-REGS {'AX': 2052, 'BX': 2355, 'CX': 16, 'DX': 2048, 'SI': 4, 'DI': 17, 'BP': 4, 'SP': 234, 'IP': 2065, 'CS': 272, 'DS': 256, 'ES': 0}
[run_asm_unicorn.py] DBG RECENT IPS (last 8):
  - 0x18ff: d1e2
  - 0x1901: 89dd
  - 0x1903: c6064f0661
  - 0x1908: 89d0
  - 0x190a: 01e8
  - 0x190c: bb2f01
  - 0x190f: 01c3
  - 0x1911: c6064e0620
[run_asm_unicorn.py] AGGR_GLOBAL MEMWRITE SEQ=47 @ 0x164e size 1 val 00 pc 0x1911 REGS {'IP': 2065, 'CS': 272}
[run_asm_unicorn.py] MAP MEMWRITE SEQ=48 IN_TRACE=True @ 0x164e size 1 val 00 pc 0x1911 instr c6064e06208a07a2 PRE-REGS {'IP': 2065, 'CS': 272, 'AX': 2052, 'DS': 256, 'ES': 0}
[run_asm_unicorn.py] STEP @0x1916 PC=0x1916 OPC=8a07 INSTR=8a07a24a06b044a2 REGS={'IP': 2070, 'CS': 272, 'SS': 320, 'SP': 234, 'AX': 2052, 'BX': 2355, 'CX': 16, 'DX': 2048, 'SI': 4, 'DI': 17, 'DS': 256, 'ES': 0}
[run_asm_unicorn.py] CFTRACE @0x1916 PC=0x1916 OPC=8a07 INSTR=8a07a24a06b044a2 REGS={'IP': 2070, 'CS': 272, 'DS': 256, 'ES': 0} ORIGIN=0x1607
[run_asm_unicorn.py] TRACE @ 0x1916 opcode_bytes: 8a07
[run_asm_unicorn.py] exec @ 0x1916 opcode_bytes: 8a07
[run_asm_unicorn.py] STEP @0x1918 PC=0x1918 OPC=a24a06 INSTR=a24a06b044a23306 REGS={'IP': 2072, 'CS': 272, 'SS': 320, 'SP': 234, 'AX': 2054, 'BX': 2355, 'CX': 16, 'DX': 2048, 'SI': 4, 'DI': 17, 'DS': 256, 'ES': 0}
[run_asm_unicorn.py] CFTRACE @0x1918 PC=0x1918 OPC=a24a06 INSTR=a24a06b044a23306 REGS={'IP': 2072, 'CS': 272, 'DS': 256, 'ES': 0} ORIGIN=0x1607
[run_asm_unicorn.py] TRACE @ 0x1918 opcode_bytes: a24a06
[run_asm_unicorn.py] exec @ 0x1918 opcode_bytes: a24a06
[run_asm_unicorn.py] mov [imm],al at 0x64a (linear 0x164a) AL=24
[run_asm_unicorn.py] DBG MEMWRITE SEQ=49 IN_TRACE=True @ 0x164a offset 5 size 1 written 00 pc 0x1918 instr a24a06b044a23306 PRE-REGS {'AX': 2054, 'BX': 2355, 'CX': 16, 'DX': 2048, 'SI': 4, 'DI': 17, 'BP': 4, 'SP': 234, 'IP': 2072, 'CS': 272, 'DS': 256, 'ES': 0}
[run_asm_unicorn.py] DBG RECENT IPS (last 8):
  - 0x1903: c6064f0661
  - 0x1908: 89d0
  - 0x190a: 01e8
  - 0x190c: bb2f01
  - 0x190f: 01c3
  - 0x1911: c6064e0620
  - 0x1916: 8a07
  - 0x1918: a24a06
[run_asm_unicorn.py] AGGR_GLOBAL MEMWRITE SEQ=50 @ 0x164a size 1 val 00 pc 0x1918 REGS {'IP': 2072, 'CS': 272}
[run_asm_unicorn.py] MAP MEMWRITE SEQ=51 IN_TRACE=True @ 0x164a size 1 val 00 pc 0x1918 instr a24a06b044a23306 PRE-REGS {'IP': 2072, 'CS': 272, 'AX': 2054, 'DS': 256, 'ES': 0}
[run_asm_unicorn.py] STEP @0x191b PC=0x191b OPC=b044 INSTR=b044a233068a0e2b REGS={'IP': 2075, 'CS': 272, 'SS': 320, 'SP': 234, 'AX': 2054, 'BX': 2355, 'CX': 16, 'DX': 2048, 'SI': 4, 'DI': 17, 'DS': 256, 'ES': 0}
[run_asm_unicorn.py] CFTRACE @0x191b PC=0x191b OPC=b044 INSTR=b044a233068a0e2b REGS={'IP': 2075, 'CS': 272, 'DS': 256, 'ES': 0} ORIGIN=0x1607
[run_asm_unicorn.py] TRACE @ 0x191b opcode_bytes: b044
[run_asm_unicorn.py] exec @ 0x191b opcode_bytes: b044
[run_asm_unicorn.py] STEP @0x191d PC=0x191d OPC=a23306 INSTR=a233068a0e2b0138 REGS={'IP': 2077, 'CS': 272, 'SS': 320, 'SP': 234, 'AX': 2116, 'BX': 2355, 'CX': 16, 'DX': 2048, 'SI': 4, 'DI': 17, 'DS': 256, 'ES': 0}
[run_asm_unicorn.py] CFTRACE @0x191d PC=0x191d OPC=a23306 INSTR=a233068a0e2b0138 REGS={'IP': 2077, 'CS': 272, 'DS': 256, 'ES': 0} ORIGIN=0x1607
[run_asm_unicorn.py] TRACE @ 0x191d opcode_bytes: a23306
[run_asm_unicorn.py] exec @ 0x191d opcode_bytes: a23306
[run_asm_unicorn.py] mov [imm],al at 0x633 (linear 0x1633) AL=29
[run_asm_unicorn.py] AGGR_GLOBAL MEMWRITE SEQ=52 @ 0x1633 size 1 val 21 pc 0x191d REGS {'IP': 2077, 'CS': 272}
[run_asm_unicorn.py] MAP MEMWRITE SEQ=53 IN_TRACE=True @ 0x1633 size 1 val 21 pc 0x191d instr a233068a0e2b0138 PRE-REGS {'IP': 2077, 'CS': 272, 'AX': 2116, 'DS': 256, 'ES': 0}
[run_asm_unicorn.py] STEP @0x1920 PC=0x1920 OPC=8a0e2b01 INSTR=8a0e2b0138c87f12 REGS={'IP': 2080, 'CS': 272, 'SS': 320, 'SP': 234, 'AX': 2116, 'BX': 2355, 'CX': 16, 'DX': 2048, 'SI': 4, 'DI': 17, 'DS': 256, 'ES': 0}
[run_asm_unicorn.py] CFTRACE @0x1920 PC=0x1920 OPC=8a0e2b01 INSTR=8a0e2b0138c87f12 REGS={'IP': 2080, 'CS': 272, 'DS': 256, 'ES': 0} ORIGIN=0x1607
[run_asm_unicorn.py] TRACE @ 0x1920 opcode_bytes: 8a0e2b01
[run_asm_unicorn.py] exec @ 0x1920 opcode_bytes: 8a0e2b01
[run_asm_unicorn.py] STEP @0x1924 PC=0x1924 OPC=38c8 INSTR=38c87f124539f57e REGS={'IP': 2084, 'CS': 272, 'SS': 320, 'SP': 234, 'AX': 2116, 'BX': 2355, 'CX': 0, 'DX': 2048, 'SI': 4, 'DI': 17, 'DS': 256, 'ES': 0}
[run_asm_unicorn.py] CFTRACE @0x1924 PC=0x1924 OPC=38c8 INSTR=38c87f124539f57e REGS={'IP': 2084, 'CS': 272, 'DS': 256, 'ES': 0} ORIGIN=0x1607
[run_asm_unicorn.py] TRACE @ 0x1924 opcode_bytes: 38c8
[run_asm_unicorn.py] exec @ 0x1924 opcode_bytes: 38c8
[run_asm_unicorn.py] STEP @0x1926 PC=0x1926 OPC=7f12 INSTR=7f124539f57edb41 REGS={'IP': 2086, 'CS': 272, 'SS': 320, 'SP': 234, 'AX': 2116, 'BX': 2355, 'CX': 0, 'DX': 2048, 'SI': 4, 'DI': 17, 'DS': 256, 'ES': 0}
[run_asm_unicorn.py] CFTRACE @0x1926 PC=0x1926 OPC=7f12 INSTR=7f124539f57edb41 REGS={'IP': 2086, 'CS': 272, 'DS': 256, 'ES': 0} ORIGIN=0x1607
[run_asm_unicorn.py] TRACE @ 0x1926 opcode_bytes: 7f12
[run_asm_unicorn.py] TRACE JCC @0x1926 -> 0x193a (fallthrough 0x1928) REGS={'IP': 2086, 'CS': 272, 'SS': 320, 'SP': 234, 'DS': 256, 'ES': 0}
[run_asm_unicorn.py] exec @ 0x1926 opcode_bytes: 7f12
[run_asm_unicorn.py] STEP @0x193a PC=0x193a OPC=c6064e0699 INSTR=c6064e0699f9eb00 REGS={'IP': 2106, 'CS': 272, 'SS': 320, 'SP': 234, 'AX': 2116, 'BX': 2355, 'CX': 0, 'DX': 2048, 'SI': 4, 'DI': 17, 'DS': 256, 'ES': 0}
[run_asm_unicorn.py] CFTRACE @0x193a PC=0x193a OPC=c6064e0699 INSTR=c6064e0699f9eb00 REGS={'IP': 2106, 'CS': 272, 'DS': 256, 'ES': 0} ORIGIN=0x1607
[run_asm_unicorn.py] TRACE @ 0x193a opcode_bytes: c6064e0699
[run_asm_unicorn.py] exec @ 0x193a opcode_bytes: c6064e0699
[run_asm_unicorn.py] mov byte [imm16],imm8 at 0x64e (linear 0x164e) -> 0x99
[run_asm_unicorn.py] DBG MEMWRITE SEQ=54 IN_TRACE=True @ 0x164e offset 9 size 1 written 20 pc 0x193a instr c6064e0699f9eb00 PRE-REGS {'AX': 2116, 'BX': 2355, 'CX': 0, 'DX': 2048, 'SI': 4, 'DI': 17, 'BP': 4, 'SP': 234, 'IP': 2106, 'CS': 272, 'DS': 256, 'ES': 0}
[run_asm_unicorn.py] DBG RECENT IPS (last 8):
  - 0x1916: 8a07
  - 0x1918: a24a06
  - 0x191b: b044
  - 0x191d: a23306
  - 0x1920: 8a0e2b01
  - 0x1924: 38c8
  - 0x1926: 7f12
  - 0x193a: c6064e0699
[run_asm_unicorn.py] AGGR_GLOBAL MEMWRITE SEQ=55 @ 0x164e size 1 val 20 pc 0x193a REGS {'IP': 2106, 'CS': 272}
[run_asm_unicorn.py] MAP MEMWRITE SEQ=56 IN_TRACE=True @ 0x164e size 1 val 20 pc 0x193a instr c6064e0699f9eb00 PRE-REGS {'IP': 2106, 'CS': 272, 'AX': 2116, 'DS': 256, 'ES': 0}
[run_asm_unicorn.py] STEP @0x193f PC=0x193f OPC=f9 INSTR=f9eb005a595b58c3 REGS={'IP': 2111, 'CS': 272, 'SS': 320, 'SP': 234, 'AX': 2116, 'BX': 2355, 'CX': 0, 'DX': 2048, 'SI': 4, 'DI': 17, 'DS': 256, 'ES': 0}
[run_asm_unicorn.py] CFTRACE @0x193f PC=0x193f OPC=f9 INSTR=f9eb005a595b58c3 REGS={'IP': 2111, 'CS': 272, 'DS': 256, 'ES': 0} ORIGIN=0x1607
[run_asm_unicorn.py] TRACE @ 0x193f opcode_bytes: f9
[run_asm_unicorn.py] exec @ 0x193f opcode_bytes: f9
[run_asm_unicorn.py] STEP @0x1940 PC=0x1940 OPC=eb00 INSTR=eb005a595b58c390 REGS={'IP': 2112, 'CS': 272, 'SS': 320, 'SP': 234, 'AX': 2116, 'BX': 2355, 'CX': 0, 'DX': 2048, 'SI': 4, 'DI': 17, 'DS': 256, 'ES': 0}
[run_asm_unicorn.py] CFTRACE @0x1940 PC=0x1940 OPC=eb00 INSTR=eb005a595b58c390 REGS={'IP': 2112, 'CS': 272, 'DS': 256, 'ES': 0} ORIGIN=0x1607
[run_asm_unicorn.py] TRACE @ 0x1940 opcode_bytes: eb00
[run_asm_unicorn.py] TRACE JMP8 @0x1940 -> 0x1942 REGS={'IP': 2112, 'CS': 272, 'SS': 320, 'SP': 234, 'DS': 256, 'ES': 0}
[run_asm_unicorn.py] exec @ 0x1940 opcode_bytes: eb00
[run_asm_unicorn.py] STEP @0x1942 PC=0x1942 OPC=5a INSTR=5a595b58c3900000 REGS={'IP': 2114, 'CS': 272, 'SS': 320, 'SP': 234, 'AX': 2116, 'BX': 2355, 'CX': 0, 'DX': 2048, 'SI': 4, 'DI': 17, 'DS': 256, 'ES': 0}
[run_asm_unicorn.py] CFTRACE @0x1942 PC=0x1942 OPC=5a INSTR=5a595b58c3900000 REGS={'IP': 2114, 'CS': 272, 'DS': 256, 'ES': 0} ORIGIN=0x1607
[run_asm_unicorn.py] TRACE @ 0x1942 opcode_bytes: 5a
[run_asm_unicorn.py] exec @ 0x1942 opcode_bytes: 5a
[run_asm_unicorn.py] MAP MEMREAD @ 0x14ea size 2 val 0100 pc 0x1942 instr 5a595b58c3900000 PRE-REGS {'IP': 2114, 'CS': 272, 'AX': 2116, 'DS': 256, 'ES': 0}
[run_asm_unicorn.py] STEP @0x1943 PC=0x1943 OPC=59 INSTR=595b58c390000000 REGS={'IP': 2115, 'CS': 272, 'SS': 320, 'SP': 236, 'AX': 2116, 'BX': 2355, 'CX': 0, 'DX': 1, 'SI': 4, 'DI': 17, 'DS': 256, 'ES': 0}
[run_asm_unicorn.py] CFTRACE @0x1943 PC=0x1943 OPC=59 INSTR=595b58c390000000 REGS={'IP': 2115, 'CS': 272, 'DS': 256, 'ES': 0} ORIGIN=0x1607
[run_asm_unicorn.py] TRACE @ 0x1943 opcode_bytes: 59
[run_asm_unicorn.py] exec @ 0x1943 opcode_bytes: 59
[run_asm_unicorn.py] MAP MEMREAD @ 0x14ec size 2 val 0000 pc 0x1943 instr 595b58c390000000 PRE-REGS {'IP': 2115, 'CS': 272, 'AX': 2116, 'DS': 256, 'ES': 0}
[run_asm_unicorn.py] STEP @0x1944 PC=0x1944 OPC=5b INSTR=5b58c39000000000 REGS={'IP': 2116, 'CS': 272, 'SS': 320, 'SP': 238, 'AX': 2116, 'BX': 2355, 'CX': 0, 'DX': 1, 'SI': 4, 'DI': 17, 'DS': 256, 'ES': 0}
[run_asm_unicorn.py] CFTRACE @0x1944 PC=0x1944 OPC=5b INSTR=5b58c39000000000 REGS={'IP': 2116, 'CS': 272, 'DS': 256, 'ES': 0} ORIGIN=0x1607
[run_asm_unicorn.py] TRACE @ 0x1944 opcode_bytes: 5b
[run_asm_unicorn.py] exec @ 0x1944 opcode_bytes: 5b
[run_asm_unicorn.py] MAP MEMREAD @ 0x14ee size 2 val 0000 pc 0x1944 instr 5b58c39000000000 PRE-REGS {'IP': 2116, 'CS': 272, 'AX': 2116, 'DS': 256, 'ES': 0}
[run_asm_unicorn.py] STEP @0x1945 PC=0x1945 OPC=58 INSTR=58c3900000000000 REGS={'IP': 2117, 'CS': 272, 'SS': 320, 'SP': 240, 'AX': 2116, 'BX': 0, 'CX': 0, 'DX': 1, 'SI': 4, 'DI': 17, 'DS': 256, 'ES': 0}
[run_asm_unicorn.py] CFTRACE @0x1945 PC=0x1945 OPC=58 INSTR=58c3900000000000 REGS={'IP': 2117, 'CS': 272, 'DS': 256, 'ES': 0} ORIGIN=0x1607
[run_asm_unicorn.py] TRACE @ 0x1945 opcode_bytes: 58
[run_asm_unicorn.py] exec @ 0x1945 opcode_bytes: 58
[run_asm_unicorn.py] MAP MEMREAD @ 0x14f0 size 2 val 0708 pc 0x1945 instr 58c3900000000000 PRE-REGS {'IP': 2117, 'CS': 272, 'AX': 2116, 'DS': 256, 'ES': 0}
[run_asm_unicorn.py] STEP @0x1946 PC=0x1946 OPC=c3 INSTR=c390000000000000 REGS={'IP': 2118, 'CS': 272, 'SS': 320, 'SP': 242, 'AX': 2055, 'BX': 0, 'CX': 0, 'DX': 1, 'SI': 4, 'DI': 17, 'DS': 256, 'ES': 0}
[run_asm_unicorn.py] STEP saw RET at 0x1946 — ending single-step
[run_asm_unicorn.py] INLINE-RET: returning to 0x160a; cleared inline state
[run_asm_unicorn.py] CFTRACE @0x1946 PC=0x160a OPC=c3 INSTR=5d5f5e5a595b58c3 REGS={'IP': 1290, 'CS': 272, 'DS': 256, 'ES': 0} ORIGIN=0x1607
[run_asm_unicorn.py] CFTRACE saw RET at 0x1946 — ending CFTRACE
[run_asm_unicorn.py] TRACE @ 0x1946 opcode_bytes: c3
[run_asm_unicorn.py] TRACE RET @0x1946 will return to IP 0x444d (stack_linear 0x1100) REGS={'IP': 1290, 'CS': 272, 'SS': 272, 'SP': 0, 'DS': 256, 'ES': 0}
[run_asm_unicorn.py] exec @ 0x1946 opcode_bytes: c3
[run_asm_unicorn.py] TRACE @ 0x160a opcode_bytes: 5d
[run_asm_unicorn.py] exec @ 0x160a opcode_bytes: 5d
[run_asm_unicorn.py] TRACE @ 0x160b opcode_bytes: 5f
[run_asm_unicorn.py] exec @ 0x160b opcode_bytes: 5f
[run_asm_unicorn.py] TRACE @ 0x160c opcode_bytes: 5e
[run_asm_unicorn.py] exec @ 0x160c opcode_bytes: 5e
[run_asm_unicorn.py] TRACE @ 0x160d opcode_bytes: 5a
[run_asm_unicorn.py] exec @ 0x160d opcode_bytes: 5a
[run_asm_unicorn.py] TRACE @ 0x160e opcode_bytes: 59
[run_asm_unicorn.py] exec @ 0x160e opcode_bytes: 59
[run_asm_unicorn.py] TRACE @ 0x160f opcode_bytes: 5b
[run_asm_unicorn.py] exec @ 0x160f opcode_bytes: 5b
[run_asm_unicorn.py] TRACE @ 0x1610 opcode_bytes: 58
[run_asm_unicorn.py] exec @ 0x1610 opcode_bytes: 58
[run_asm_unicorn.py] TRACE @ 0x1611 opcode_bytes: c3
[run_asm_unicorn.py] TRACE RET @0x1611 will return to IP 0x4500 (stack_linear 0x110e) REGS={'IP': 1297, 'CS': 272, 'SS': 272, 'SP': 14, 'DS': 256, 'ES': 0}
[run_asm_unicorn.py] exec @ 0x1611 opcode_bytes: c3
[run_asm_unicorn.py] emu mem at offset 435 = 1
[run_asm_unicorn.py] emu debug-slot @ 5701 = [33, 0, 0, 0, 0, 6, 0, 0, 0, 153, 97, 7, 8, 0, 83, 84, 199, 6, 49, 6]
[run_asm_unicorn.py] computed tile idx (file offset) = 435, mem val = 1
[run_asm_unicorn.py] debug_slot entry @ 1349 = 33
[run_asm_unicorn.py] debug_slot left @ 1350 = 0
[run_asm_unicorn.py] debug_slot right @ 1351 = 0
[run_asm_unicorn.py] debug_slot top @ 1352 = 0
[run_asm_unicorn.py] debug_slot bottom @ 1353 = 0
[run_asm_unicorn.py] debug_slot tile_val @ 1354 = 6
[run_asm_unicorn.py] debug_slot threshold @ 1355 = 0
[run_asm_unicorn.py] debug_slot cur_tx @ 1356 = 0
[run_asm_unicorn.py] debug_slot cur_ty @ 1357 = 0
[run_asm_unicorn.py] debug_slot collision_marker @ 1358 = 153
[run_asm_unicorn.py] debug_slot row_marker @ 1359 = 97
[run_asm_unicorn.py] debug_slot flags_lo @ 1360 = 7
[run_asm_unicorn.py] debug_slot flags_hi @ 1361 = 8
[run_asm_unicorn.py] debug_slot fire_active @ 1362 = 0
bytearray(b'RS\x00RNE')
0
