[run_asm_unicorn.py] ARGV: ['src/tests/asm/run_asm_unicorn.py', '1', '--x', '56', '--y', '50', '--set-tile', '4', '3', '1', '--force-decision', '--force-aggr']
[run_asm_unicorn.py] patching marker b'MD' at 0 -> value 1
[run_asm_unicorn.py] converting INX from 56 (pixels) -> 7 (asm units: tile=3, span=1)
[run_asm_unicorn.py] patching marker b'INX' at 3 -> value 7
[run_asm_unicorn.py] converting INY from 50 (pixels) -> 7 (asm units: tile=3, span=1)
[run_asm_unicorn.py] patching marker b'INY' at 7 -> value 7
[run_asm_unicorn.py] set tile at offset 435 (map_start 47) from 0 to 1
[run_asm_unicorn.py] regs IP=0x1100 EIP=0x1100 CS=0x110 DS=0x100 SS=0x110 entry_linear=0x1100 entry_seg=0x110 entry_ip=0x0 data_seg=0x100
[run_asm_unicorn.py] added DBG mem-write hook for 0x1645-0x1684
[run_asm_unicorn.py] added DBG mem-read hook for 0x1645-0x1684
[run_asm_unicorn.py] installed global AGGRESSIVE mem-write hook (--force-aggr)
[run_asm_unicorn.py] added MAP mem-read hook for 0x112f-0x192e
[run_asm_unicorn.py] added MAP mem-write hook for 0x112f-0x192e
[run_asm_unicorn.py] exec @ 0x1655 opcode_bytes: c70631063412
[run_asm_unicorn.py] AGGR_GLOBAL MEMWRITE SEQ=1 @ 0x1631 size 2 val 0000 pc 0x1655 REGS {'IP': 1365, 'CS': 272}
[run_asm_unicorn.py] exec @ 0x165b opcode_bytes: c606330612
[run_asm_unicorn.py] AGGR_GLOBAL MEMWRITE SEQ=3 @ 0x1633 size 1 val 00 pc 0x165b REGS {'IP': 1371, 'CS': 272}
[run_asm_unicorn.py] exec @ 0x1660 opcode_bytes: 8a260601
[run_asm_unicorn.py] exec @ 0x1664 opcode_bytes: a00a01
[run_asm_unicorn.py] exec @ 0x1667 opcode_bytes: 88265106
[run_asm_unicorn.py] AGGR_GLOBAL MEMWRITE SEQ=6 @ 0x1651 size 1 val 00 pc 0x1667 REGS {'IP': 1383, 'CS': 272}
[run_asm_unicorn.py] exec @ 0x166b opcode_bytes: a25006
[run_asm_unicorn.py] AGGR_GLOBAL MEMWRITE SEQ=9 @ 0x1650 size 1 val 00 pc 0x166b REGS {'IP': 1387, 'CS': 272}
[run_asm_unicorn.py] exec @ 0x166e opcode_bytes: 8a160201
[run_asm_unicorn.py] DECISION HIT @ 0x1672 OPC=80fa00741980fa01 REGS={'IP': 1394, 'CS': 272, 'AX': 1799, 'BX': 0, 'CX': 0, 'DX': 1, 'SI': 0, 'DI': 0, 'BP': 0, 'SP': 0} FLAGS=2
[run_asm_unicorn.py] TRACE @ 0x1672 opcode_bytes: 80fa00
[run_asm_unicorn.py] exec @ 0x1672 opcode_bytes: 80fa00
[run_asm_unicorn.py] DECISION HIT @ 0x1675 OPC=741980fa01742880 REGS={'IP': 1397, 'CS': 272, 'AX': 1799, 'BX': 0, 'CX': 0, 'DX': 1, 'SI': 0, 'DI': 0, 'BP': 0, 'SP': 0} FLAGS=2
[run_asm_unicorn.py] DECISION BRANCH SHORT @0x1675 -> 0x1690
[run_asm_unicorn.py] TRACE @ 0x1675 opcode_bytes: 7419
[run_asm_unicorn.py] TRACE JCC @0x1675 -> 0x1690 (fallthrough 0x1677) REGS={'IP': 1397, 'CS': 272, 'SS': 272, 'SP': 0, 'DS': 256, 'ES': 0}
[run_asm_unicorn.py] exec @ 0x1675 opcode_bytes: 7419
[run_asm_unicorn.py] DECISION HIT @ 0x1677 OPC=80fa01742880fa02 REGS={'IP': 1399, 'CS': 272, 'AX': 1799, 'BX': 0, 'CX': 0, 'DX': 1, 'SI': 0, 'DI': 0, 'BP': 0, 'SP': 0} FLAGS=2
[run_asm_unicorn.py] TRACE @ 0x1677 opcode_bytes: 80fa01
[run_asm_unicorn.py] exec @ 0x1677 opcode_bytes: 80fa01
[run_asm_unicorn.py] DECISION HIT @ 0x167a OPC=742880fa02743a80 REGS={'IP': 1402, 'CS': 272, 'AX': 1799, 'BX': 0, 'CX': 0, 'DX': 1, 'SI': 0, 'DI': 0, 'BP': 0, 'SP': 0} FLAGS=70
[run_asm_unicorn.py] DECISION BRANCH SHORT @0x167a -> 0x16a4
[run_asm_unicorn.py] TRACE @ 0x167a opcode_bytes: 7428
[run_asm_unicorn.py] TRACE JCC @0x167a -> 0x16a4 (fallthrough 0x167c) REGS={'IP': 1402, 'CS': 272, 'SS': 272, 'SP': 0, 'DS': 256, 'ES': 0}
[run_asm_unicorn.py] exec @ 0x167a opcode_bytes: 7428
[run_asm_unicorn.py] DECISION HIT @ 0x16a4 OPC=e81902eb007208c6 REGS={'IP': 1444, 'CS': 272, 'AX': 1799, 'BX': 0, 'CX': 0, 'DX': 1, 'SI': 0, 'DI': 0, 'BP': 0, 'SP': 0} FLAGS=70
[run_asm_unicorn.py] TRACE @ 0x16a4 opcode_bytes: e81902
[run_asm_unicorn.py] TRACE CALL @0x16a4 -> 0x18c0 REGS={'IP': 1444, 'CS': 272, 'SS': 272, 'SP': 0, 'DS': 256, 'ES': 0}
[run_asm_unicorn.py] exec @ 0x16a4 opcode_bytes: e81902
[run_asm_unicorn.py] call at 0x16a4 -> target 0x18c0; PRE-REGS: {'AX': 1799, 'BX': 0, 'CX': 0, 'DX': 1, 'SI': 0, 'DI': 0, 'BP': 0, 'SP': 0, 'SS': 272, 'DS': 256, 'ES': 0, 'stack': [77, 68, 1, 73, 78, 88, 7, 73, 78, 89, 7, 69, 78, 88, 0, 69, 78, 89, 0, 69, 66, 72, 0, 80, 76, 88, 0, 80, 76, 89, 0, 70, 66, 88, 0, 70, 66, 89, 0, 70, 66, 86, 0, 0, 77, 65, 80, 0, 0, 0, 0, 0, 0, 0, 0, 0, 0, 0, 0, 0, 0, 0, 0, 0]}
[run_asm_unicorn.py] call-target bytes @ 0x18c0: 50535152c606450621b021a2330689c1
[run_asm_unicorn.py] installed RETURN-WRITE/READ watch at 0x110fe / 0x110ff for CALL 0x16a4 -> 0x18c0
[run_asm_unicorn.py] AGGR_GLOBAL MEMWRITE SEQ=11 @ 0x110fe size 2 val <err> pc 0x16a4 REGS {'IP': 1444, 'CS': 272}
[run_asm_unicorn.py] RETURN-WRITE @ 0x110fe size 2 val 1447 call_site 0x16a4 target 0x18c0 PRE-REGS {'AX': 1799, 'BX': 0, 'CX': 0, 'DX': 1, 'SI': 0, 'DI': 0, 'BP': 0, 'SP': 0, 'SS': 272, 'DS': 256, 'ES': 0, 'stack': [77, 68, 1, 73, 78, 88, 7, 73, 78, 89, 7, 69, 78, 88, 0, 69, 78, 89, 0, 69, 66, 72, 0, 80, 76, 88, 0, 80, 76, 89, 0, 70, 66, 88, 0, 70, 66, 89, 0, 70, 66, 86, 0, 0, 77, 65, 80, 0, 0, 0, 0, 0, 0, 0, 0, 0, 0, 0, 0, 0, 0, 0, 0, 0]} CURR-REGS {'IP': 1444, 'CS': 272, 'SP': 0, 'SS': 272, 'DS': 256, 'ES': 0}
[run_asm_unicorn.py] RECENT IPS (last 12):
  - 0x1655: c70631063412
  - 0x165b: c606330612
  - 0x1660: 8a260601
  - 0x1664: a00a01
  - 0x1667: 88265106
  - 0x166b: a25006
  - 0x166e: 8a160201
  - 0x1672: 80fa00
  - 0x1675: 7419
  - 0x1677: 80fa01
  - 0x167a: 7428
  - 0x16a4: e81902
[run_asm_unicorn.py] BYTES AROUND PC 0x16a4 (start 0x1694 len 48): bbc6064f06f0e81901c6064f06f9eb05e81902eb007208c606360600e9d100c606360601e9c900a00e018a1e1a0138d8
[run_asm_unicorn.py] STACK AROUND SP 0x1100: 000000000000000000000000000000004d4401494e5807494e5907454e5800454e590045424800504c5800504c5900464258004642590046425600004d415000
[run_asm_unicorn.py] STACK DIFF: no changes in captured stack snapshot
[run_asm_unicorn.py] LIKELY WRITER @ 0x166b: a25006
[run_asm_unicorn.py] BYTES BACKWARD FROM PC start 0x1684 len 64: 746680fa040f84ae00e9f300c6064506bbc6064f06f0e81901c6064f06f9eb05e81902eb007208c606360600e9d100c606360601e9c900a00e018a1e1a0138d8
[run_asm_unicorn.py] BACKWARD DISASM (around 0x16a4):
  0x1684:	je	0x16ec
  0x1686:	cmp	dl, 4
  0x1689:	je	0x173b
  0x168d:	jmp	0x1783
  0x1690:	mov	byte ptr [0x645], 0xbb
[run_asm_unicorn.py] BACKWARD DISASM HINT: possible store at 0x1690 -> mov byte ptr [0x645], 0xbb
  0x1695:	mov	byte ptr [0x64f], 0xf0
[run_asm_unicorn.py] BACKWARD DISASM HINT: possible store at 0x1695 -> mov byte ptr [0x64f], 0xf0
  0x169a:	call	0x17b6
  0x169d:	mov	byte ptr [0x64f], 0xf9
[run_asm_unicorn.py] BACKWARD DISASM HINT: possible store at 0x169d -> mov byte ptr [0x64f], 0xf9
  0x16a2:	jmp	0x16a9
  0x16a4:	call	0x18c0
  0x16a7:	jmp	0x16a9
  0x16a9:	jb	0x16b3
  0x16ab:	mov	byte ptr [0x636], 0
[run_asm_unicorn.py] BACKWARD DISASM HINT: possible store at 0x16ab -> mov byte ptr [0x636], 0
  0x16b0:	jmp	0x1784
  0x16b3:	mov	byte ptr [0x636], 1
[run_asm_unicorn.py] BACKWARD DISASM HINT: possible store at 0x16b3 -> mov byte ptr [0x636], 1
  0x16b8:	jmp	0x1784
  0x16bb:	mov	al, byte ptr [0x10e]
[run_asm_unicorn.py] BACKWARD DISASM HINT: possible store at 0x16bb -> mov al, byte ptr [0x10e]
  0x16be:	mov	bl, byte ptr [0x11a]
[run_asm_unicorn.py] BACKWARD DISASM HINT: possible store at 0x16be -> mov bl, byte ptr [0x11a]
  0x16c2:	cmp	al, bl
[run_asm_unicorn.py] RETURN-WRITE HIT COUNT for 0x110fe = 1
[run_asm_unicorn.py] call_targets_seen = [(6336, {'AX': 1799, 'BX': 0, 'CX': 0, 'DX': 1, 'SI': 0, 'DI': 0, 'BP': 0, 'SP': 0, 'SS': 272, 'DS': 256, 'ES': 0, 'stack': [77, 68, 1, 73, 78, 88, 7, 73, 78, 89, 7, 69, 78, 88, 0, 69, 78, 89, 0, 69, 66, 72, 0, 80, 76, 88, 0, 80, 76, 89, 0, 70, 66, 88, 0, 70, 66, 89, 0, 70, 66, 86, 0, 0, 77, 65, 80, 0, 0, 0, 0, 0, 0, 0, 0, 0, 0, 0, 0, 0, 0, 0, 0, 0]})]
[run_asm_unicorn.py] Running isolated emulation at target 0x18c0 with PRE-REGS {'AX': 1799, 'BX': 0, 'CX': 0, 'DX': 1, 'SI': 0, 'DI': 0, 'BP': 0, 'SP': 0, 'SS': 272, 'DS': 256, 'ES': 0, 'stack': [77, 68, 1, 73, 78, 88, 7, 73, 78, 89, 7, 69, 78, 88, 0, 69, 78, 89, 0, 69, 66, 72, 0, 80, 76, 88, 0, 80, 76, 89, 0, 70, 66, 88, 0, 70, 66, 89, 0, 70, 66, 86, 0, 0, 77, 65, 80, 0, 0, 0, 0, 0, 0, 0, 0, 0, 0, 0, 0, 0, 0, 0, 0, 0]}
[run_asm_unicorn.py] restored 64 stack bytes and fake return IP into isolated emulator at 0x1300 / return at 0x12fe
[run_asm_unicorn.py][isolated] exec @ 0x18c0 bytes: 50
[run_asm_unicorn.py][isolated] exec @ 0x18c1 bytes: 53
[run_asm_unicorn.py][isolated] exec @ 0x18c2 bytes: 51
[run_asm_unicorn.py][isolated] exec @ 0x18c3 bytes: 52
[run_asm_unicorn.py][isolated] exec @ 0x18c4 bytes: c606450621
[run_asm_unicorn.py][isolated] mov byte [imm16],imm8 at 0x645 (linear 0x1645) -> 0x21
[run_asm_unicorn.py][isolated][DBG] MEMWRITE SEQ=1 @ 0x1645 offset 0 val 0x21 pc 0x18c4
[run_asm_unicorn.py][isolated] exec @ 0x18c9 bytes: b021
[run_asm_unicorn.py][isolated] exec @ 0x18cb bytes: a23306
[run_asm_unicorn.py][isolated] mov [imm],al at 0x633 (linear 0x1633) AL=33
[run_asm_unicorn.py][isolated] exec @ 0x18ce bytes: 89c1
[run_asm_unicorn.py][isolated] exec @ 0x18d0 bytes: 88e3
[run_asm_unicorn.py][isolated] exec @ 0x18d2 bytes: 30ff
[run_asm_unicorn.py][isolated] exec @ 0x18d4 bytes: 30e4
[run_asm_unicorn.py][isolated] exec @ 0x18d6 bytes: d1eb
[run_asm_unicorn.py][isolated] exec @ 0x18d8 bytes: d1e8
[run_asm_unicorn.py][isolated] exec @ 0x18da bytes: 89de
[run_asm_unicorn.py][isolated] exec @ 0x18dc bytes: 89c7
[run_asm_unicorn.py][isolated] exec @ 0x18de bytes: f6c501
[run_asm_unicorn.py][isolated] exec @ 0x18e1 bytes: 7401
[run_asm_unicorn.py][isolated] exec @ 0x18e3 bytes: 46
[run_asm_unicorn.py][isolated] exec @ 0x18e4 bytes: f6c101
[run_asm_unicorn.py][isolated] exec @ 0x18e7 bytes: 7401
[run_asm_unicorn.py][isolated] exec @ 0x18e9 bytes: 47
[run_asm_unicorn.py][isolated] exec @ 0x18ea bytes: 89c1
[run_asm_unicorn.py][isolated] exec @ 0x18ec bytes: c6064f0651
[run_asm_unicorn.py][isolated] mov byte [imm16],imm8 at 0x64f (linear 0x164f) -> 0x51
[run_asm_unicorn.py][isolated][DBG] MEMWRITE SEQ=2 @ 0x164f offset 10 val 0x51 pc 0x18ec
[run_asm_unicorn.py][isolated] exec @ 0x18f1 bytes: 89ca
[run_asm_unicorn.py][isolated] exec @ 0x18f3 bytes: d1e2
[run_asm_unicorn.py][isolated] exec @ 0x18f5 bytes: d1e2
[run_asm_unicorn.py][isolated] exec @ 0x18f7 bytes: d1e2
[run_asm_unicorn.py][isolated] exec @ 0x18f9 bytes: d1e2
[run_asm_unicorn.py][isolated] exec @ 0x18fb bytes: d1e2
[run_asm_unicorn.py][isolated] exec @ 0x18fd bytes: d1e2
[run_asm_unicorn.py][isolated] exec @ 0x18ff bytes: d1e2
[run_asm_unicorn.py][isolated] exec @ 0x1901 bytes: 89dd
[run_asm_unicorn.py][isolated] exec @ 0x1903 bytes: c6064f0661
[run_asm_unicorn.py][isolated] mov byte [imm16],imm8 at 0x64f (linear 0x164f) -> 0x61
[run_asm_unicorn.py][isolated][DBG] MEMWRITE SEQ=3 @ 0x164f offset 10 val 0x61 pc 0x1903
[run_asm_unicorn.py][isolated] exec @ 0x1908 bytes: 89d0
[run_asm_unicorn.py][isolated] exec @ 0x190a bytes: 01e8
[run_asm_unicorn.py][isolated] exec @ 0x190c bytes: bb2f01
[run_asm_unicorn.py][isolated] exec @ 0x190f bytes: 01c3
[run_asm_unicorn.py][isolated] exec @ 0x1911 bytes: c6064e0620
[run_asm_unicorn.py][isolated] mov byte [imm16],imm8 at 0x64e (linear 0x164e) -> 0x20
[run_asm_unicorn.py][isolated][DBG] MEMWRITE SEQ=4 @ 0x164e offset 9 val 0x20 pc 0x1911
[run_asm_unicorn.py][isolated] exec @ 0x1916 bytes: 8a07
[run_asm_unicorn.py][isolated] exec @ 0x1918 bytes: a24a06
[run_asm_unicorn.py][isolated] mov [imm],al at 0x64a (linear 0x164a) AL=198
[run_asm_unicorn.py][isolated][DBG] MEMWRITE SEQ=5 @ 0x164a offset 5 val 0xc6 pc 0x1918
[run_asm_unicorn.py][isolated] exec @ 0x191b bytes: b044
[run_asm_unicorn.py][isolated] exec @ 0x191d bytes: a23306
[run_asm_unicorn.py][isolated] mov [imm],al at 0x633 (linear 0x1633) AL=68
[run_asm_unicorn.py][isolated] exec @ 0x1920 bytes: 8a0e2b01
[run_asm_unicorn.py][isolated] exec @ 0x1924 bytes: 38c8
[run_asm_unicorn.py][isolated] exec @ 0x1926 bytes: 7f12
[run_asm_unicorn.py][isolated] exec @ 0x193a bytes: c6064e0699
[run_asm_unicorn.py][isolated] mov byte [imm16],imm8 at 0x64e (linear 0x164e) -> 0x99
[run_asm_unicorn.py][isolated][DBG] MEMWRITE SEQ=6 @ 0x164e offset 9 val 0x99 pc 0x193a
[run_asm_unicorn.py][isolated] exec @ 0x193f bytes: f9
[run_asm_unicorn.py][isolated] exec @ 0x1940 bytes: eb00
[run_asm_unicorn.py][isolated] exec @ 0x1942 bytes: 5a
[run_asm_unicorn.py][isolated] exec @ 0x1943 bytes: 59
[run_asm_unicorn.py][isolated] exec @ 0x1944 bytes: 5b
[run_asm_unicorn.py][isolated] exec @ 0x1945 bytes: 58
[run_asm_unicorn.py][isolated] exec @ 0x1946 bytes: c3
[run_asm_unicorn.py][isolated] exec @ 0x1100 bytes: 4d
[run_asm_unicorn.py][isolated] exec @ 0x1101 bytes: 44
[run_asm_unicorn.py][isolated] exec @ 0x1102 bytes: 01494e
[run_asm_unicorn.py][isolated] exec @ 0x1105 bytes: 58
[run_asm_unicorn.py][isolated] exec @ 0x1106 bytes: 07
[run_asm_unicorn.py][isolated] exec @ 0x1107 bytes: 49
[run_asm_unicorn.py][isolated] exec @ 0x1108 bytes: 4e
[run_asm_unicorn.py][isolated] exec @ 0x1109 bytes: 59
[run_asm_unicorn.py][isolated] exec @ 0x110a bytes: 07
[run_asm_unicorn.py][isolated] exec @ 0x110b bytes: 45
[run_asm_unicorn.py][isolated] exec @ 0x110c bytes: 4e
[run_asm_unicorn.py][isolated] exec @ 0x110d bytes: 58
[run_asm_unicorn.py][isolated] exec @ 0x110e bytes: 00454e
[run_asm_unicorn.py][isolated] exec @ 0x1111 bytes: 59
[run_asm_unicorn.py][isolated] exec @ 0x1112 bytes: 004542
[run_asm_unicorn.py][isolated] exec @ 0x1115 bytes: 48
[run_asm_unicorn.py][isolated] exec @ 0x1116 bytes: 00504c
[run_asm_unicorn.py][isolated] exec @ 0x1119 bytes: 58
[run_asm_unicorn.py][isolated] exec @ 0x111a bytes: 00504c
[run_asm_unicorn.py][isolated] exec @ 0x111d bytes: 59
[run_asm_unicorn.py][isolated] exec @ 0x111e bytes: 004642
[run_asm_unicorn.py][isolated] exec @ 0x111e bytes: 004642
[run_asm_unicorn.py][isolated] exec @ 0x1121 bytes: 58
[run_asm_unicorn.py][isolated] exec @ 0x1122 bytes: 004642
[run_asm_unicorn.py][isolated] exec @ 0x1122 bytes: 004642
[run_asm_unicorn.py][isolated] exec @ 0x1125 bytes: 59
[run_asm_unicorn.py][isolated] exec @ 0x1126 bytes: 004642
[run_asm_unicorn.py][isolated] exec @ 0x1126 bytes: 004642
[run_asm_unicorn.py][isolated] exec @ 0x1129 bytes: 56
[run_asm_unicorn.py][isolated] exec @ 0x112a bytes: 0000
[run_asm_unicorn.py][isolated] exec @ 0x112c bytes: 4d
[run_asm_unicorn.py][isolated] exec @ 0x112d bytes: 41
[run_asm_unicorn.py][isolated] exec @ 0x112e bytes: 50
[run_asm_unicorn.py][isolated] exec @ 0x112f bytes: 0000
[run_asm_unicorn.py][isolated] exec @ 0x1131 bytes: 0000
[run_asm_unicorn.py][isolated] exec @ 0x1133 bytes: 0000
[run_asm_unicorn.py][isolated] exec @ 0x1135 bytes: 0000
[run_asm_unicorn.py][isolated] exec @ 0x1137 bytes: 0000
[run_asm_unicorn.py][isolated] exec @ 0x1139 bytes: 0000
[run_asm_unicorn.py][isolated] exec @ 0x113b bytes: 0000
[run_asm_unicorn.py][isolated] exec @ 0x113d bytes: 0000
[run_asm_unicorn.py][isolated] exec @ 0x113f bytes: 0000
[run_asm_unicorn.py][isolated] exec @ 0x1141 bytes: 0000
[run_asm_unicorn.py][isolated] exec @ 0x1143 bytes: 0000
[run_asm_unicorn.py][isolated] exec @ 0x1145 bytes: 0a00
[run_asm_unicorn.py][isolated] exec @ 0x1147 bytes: 0000
[run_asm_unicorn.py][isolated] exec @ 0x1149 bytes: 0000
[run_asm_unicorn.py][isolated] exec @ 0x114b bytes: 0000
[run_asm_unicorn.py][isolated] exec @ 0x114d bytes: 0000
[run_asm_unicorn.py][isolated] exec @ 0x114f bytes: 0000
[run_asm_unicorn.py][isolated] exec @ 0x1151 bytes: 0000
[run_asm_unicorn.py][isolated] exec @ 0x1153 bytes: 0000
[run_asm_unicorn.py][isolated] exec @ 0x1155 bytes: 0000
[run_asm_unicorn.py][isolated] exec @ 0x1157 bytes: 0000
[run_asm_unicorn.py][isolated] exec @ 0x1159 bytes: 0000
[run_asm_unicorn.py][isolated] exec @ 0x115b bytes: 0000
[run_asm_unicorn.py][isolated] exec @ 0x115d bytes: 0000
[run_asm_unicorn.py][isolated] exec @ 0x115f bytes: 0000
[run_asm_unicorn.py][isolated] exec @ 0x1161 bytes: 0000
[run_asm_unicorn.py][isolated] exec @ 0x1163 bytes: 0000
[run_asm_unicorn.py][isolated] exec @ 0x1165 bytes: 0000
[run_asm_unicorn.py][isolated] exec @ 0x1167 bytes: 0000
[run_asm_unicorn.py][isolated] exec @ 0x1169 bytes: 0000
[run_asm_unicorn.py][isolated] exec @ 0x116b bytes: 0000
[run_asm_unicorn.py][isolated] exec @ 0x116d bytes: 0000
[run_asm_unicorn.py][isolated] exec @ 0x116f bytes: 0000
[run_asm_unicorn.py][isolated] exec @ 0x1171 bytes: 0000
[run_asm_unicorn.py][isolated] exec @ 0x1173 bytes: 0000
[run_asm_unicorn.py][isolated] exec @ 0x1175 bytes: 0000
[run_asm_unicorn.py][isolated] exec @ 0x1177 bytes: 0000
[run_asm_unicorn.py][isolated] exec @ 0x1179 bytes: 0000
[run_asm_unicorn.py][isolated] exec @ 0x117b bytes: 0000
[run_asm_unicorn.py][isolated] exec @ 0x117d bytes: 0000
[run_asm_unicorn.py][isolated] exec @ 0x117f bytes: 0000
[run_asm_unicorn.py][isolated] exec @ 0x1181 bytes: 0000
[run_asm_unicorn.py][isolated] exec @ 0x1183 bytes: 0000
[run_asm_unicorn.py][isolated] exec @ 0x1185 bytes: 0000
[run_asm_unicorn.py][isolated] exec @ 0x1187 bytes: 0000
[run_asm_unicorn.py][isolated] exec @ 0x1189 bytes: 0000
[run_asm_unicorn.py][isolated] exec @ 0x118b bytes: 0000
[run_asm_unicorn.py][isolated] exec @ 0x118d bytes: 0000
[run_asm_unicorn.py][isolated] exec @ 0x118f bytes: 0000
[run_asm_unicorn.py][isolated] exec @ 0x1191 bytes: 0000
[run_asm_unicorn.py][isolated] exec @ 0x1193 bytes: 0000
[run_asm_unicorn.py][isolated] exec @ 0x1195 bytes: 0000
[run_asm_unicorn.py][isolated] exec @ 0x1197 bytes: 0000
[run_asm_unicorn.py][isolated] exec @ 0x1199 bytes: 0000
[run_asm_unicorn.py][isolated] exec @ 0x119b bytes: 0000
[run_asm_unicorn.py][isolated] exec @ 0x119d bytes: 0000
[run_asm_unicorn.py][isolated] exec @ 0x119f bytes: 0000
[run_asm_unicorn.py][isolated] exec @ 0x11a1 bytes: 0000
[run_asm_unicorn.py][isolated] exec @ 0x11a3 bytes: 0000
[run_asm_unicorn.py][isolated] exec @ 0x11a5 bytes: 0000
[run_asm_unicorn.py][isolated] exec @ 0x11a7 bytes: 0000
[run_asm_unicorn.py][isolated] exec @ 0x11a9 bytes: 0000
[run_asm_unicorn.py][isolated] exec @ 0x11ab bytes: 0000
[run_asm_unicorn.py][isolated] exec @ 0x11ad bytes: 0000
[run_asm_unicorn.py][isolated] exec @ 0x11af bytes: 0000
[run_asm_unicorn.py][isolated] exec @ 0x11b1 bytes: 0000
[run_asm_unicorn.py][isolated] exec @ 0x11b3 bytes: 0000
[run_asm_unicorn.py][isolated] exec @ 0x11b5 bytes: 0000
[run_asm_unicorn.py][isolated] exec @ 0x11b7 bytes: 0000
[run_asm_unicorn.py][isolated] exec @ 0x11b9 bytes: 0000
[run_asm_unicorn.py][isolated] exec @ 0x11bb bytes: 0000
[run_asm_unicorn.py][isolated] exec @ 0x11bd bytes: 0000
[run_asm_unicorn.py][isolated] exec @ 0x11bf bytes: 0000
[run_asm_unicorn.py][isolated] exec @ 0x11c1 bytes: 0000
[run_asm_unicorn.py][isolated] exec @ 0x11c3 bytes: 0000
[run_asm_unicorn.py][isolated] exec @ 0x11c5 bytes: 0000
[run_asm_unicorn.py][isolated] exec @ 0x11c7 bytes: 0000
[run_asm_unicorn.py][isolated] exec @ 0x11c9 bytes: 0000
[run_asm_unicorn.py][isolated] exec @ 0x11cb bytes: 0000
[run_asm_unicorn.py][isolated] exec @ 0x11cd bytes: 0000
[run_asm_unicorn.py][isolated] exec @ 0x11cf bytes: 0000
[run_asm_unicorn.py][isolated] exec @ 0x11d1 bytes: 0000
[run_asm_unicorn.py][isolated] exec @ 0x11d3 bytes: 0000
[run_asm_unicorn.py][isolated] exec @ 0x11d5 bytes: 0000
[run_asm_unicorn.py][isolated] exec @ 0x11d7 bytes: 0000
[run_asm_unicorn.py][isolated] exec @ 0x11d9 bytes: 0000
[run_asm_unicorn.py][isolated] exec @ 0x11db bytes: 0000
[run_asm_unicorn.py][isolated] exec @ 0x11dd bytes: 0000
[run_asm_unicorn.py][isolated] exec @ 0x11df bytes: 0000
[run_asm_unicorn.py][isolated] exec @ 0x11e1 bytes: 0000
[run_asm_unicorn.py][isolated] exec @ 0x11e3 bytes: 0000
[run_asm_unicorn.py][isolated] exec @ 0x11e5 bytes: 0000
[run_asm_unicorn.py][isolated] exec @ 0x11e7 bytes: 0000
[run_asm_unicorn.py][isolated] exec @ 0x11e9 bytes: 0000
[run_asm_unicorn.py][isolated] exec @ 0x11eb bytes: 0000
[run_asm_unicorn.py][isolated] exec @ 0x11ed bytes: 0000
[run_asm_unicorn.py][isolated] exec @ 0x11ef bytes: 0000
[run_asm_unicorn.py][isolated] exec @ 0x11f1 bytes: 0000
[run_asm_unicorn.py][isolated] exec @ 0x11f3 bytes: 0000
[run_asm_unicorn.py][isolated] exec @ 0x11f5 bytes: 0000
[run_asm_unicorn.py][isolated] exec @ 0x11f7 bytes: 0000
[run_asm_unicorn.py][isolated] exec @ 0x11f9 bytes: 0000
[run_asm_unicorn.py][isolated] exec @ 0x11fb bytes: 0000
[run_asm_unicorn.py][isolated] exec @ 0x11fd bytes: 0000
[run_asm_unicorn.py][isolated] exec @ 0x11ff bytes: 0000
[run_asm_unicorn.py][isolated] exec @ 0x1201 bytes: 0000
[run_asm_unicorn.py][isolated] exec @ 0x1203 bytes: 0000
[run_asm_unicorn.py][isolated] exec @ 0x1205 bytes: 0000
[run_asm_unicorn.py][isolated] exec @ 0x1207 bytes: 0000
[run_asm_unicorn.py][isolated] exec @ 0x1209 bytes: 0000
[run_asm_unicorn.py][isolated] exec @ 0x120b bytes: 0000
[run_asm_unicorn.py][isolated] exec @ 0x120d bytes: 0000
[run_asm_unicorn.py][isolated] exec @ 0x120f bytes: 0000
[run_asm_unicorn.py][isolated] exec @ 0x1211 bytes: 0000
[run_asm_unicorn.py][isolated] exec @ 0x1213 bytes: 0000
[run_asm_unicorn.py][isolated] exec @ 0x1215 bytes: 0000
[run_asm_unicorn.py][isolated] exec @ 0x1217 bytes: 0000
[run_asm_unicorn.py][isolated] exec @ 0x1219 bytes: 0000
[run_asm_unicorn.py][isolated] exec @ 0x121b bytes: 0000
[run_asm_unicorn.py][isolated] exec @ 0x121d bytes: 0000
[run_asm_unicorn.py][isolated] exec @ 0x121f bytes: 0000
[run_asm_unicorn.py][isolated] exec @ 0x1221 bytes: 0000
[run_asm_unicorn.py][isolated] exec @ 0x1223 bytes: 0000
[run_asm_unicorn.py][isolated] exec @ 0x1225 bytes: 0000
[run_asm_unicorn.py][isolated] exec @ 0x1227 bytes: 0000
[run_asm_unicorn.py][isolated] exec @ 0x1229 bytes: 0000
[run_asm_unicorn.py][isolated] exec @ 0x122b bytes: 0000
[run_asm_unicorn.py][isolated] exec @ 0x122d bytes: 0000
[run_asm_unicorn.py][isolated] exec @ 0x122f bytes: 0000
[run_asm_unicorn.py][isolated] exec @ 0x1231 bytes: 0000
[run_asm_unicorn.py][isolated] exec @ 0x1233 bytes: 0000
[run_asm_unicorn.py][isolated] exec @ 0x1235 bytes: 0000
[run_asm_unicorn.py][isolated] exec @ 0x1237 bytes: 0000
[run_asm_unicorn.py][isolated] exec @ 0x1239 bytes: 0000
[run_asm_unicorn.py][isolated] exec @ 0x123b bytes: 0000
[run_asm_unicorn.py][isolated] exec @ 0x123d bytes: 0000
[run_asm_unicorn.py][isolated] exec @ 0x123f bytes: 0000
[run_asm_unicorn.py][isolated] exec @ 0x1241 bytes: 0000
[run_asm_unicorn.py][isolated] exec @ 0x1243 bytes: 0000
[run_asm_unicorn.py][isolated] exec @ 0x1245 bytes: 0000
[run_asm_unicorn.py][isolated] exec @ 0x1247 bytes: 0000
[run_asm_unicorn.py][isolated] exec @ 0x1249 bytes: 0000
[run_asm_unicorn.py][isolated] exec @ 0x124b bytes: 0000
[run_asm_unicorn.py][isolated] exec @ 0x124d bytes: 0000
[run_asm_unicorn.py][isolated] exec @ 0x124f bytes: 0000
[run_asm_unicorn.py][isolated] exec @ 0x1251 bytes: 0000
[run_asm_unicorn.py][isolated] exec @ 0x1253 bytes: 0000
[run_asm_unicorn.py][isolated] exec @ 0x1255 bytes: 0000
[run_asm_unicorn.py][isolated] exec @ 0x1257 bytes: 0000
[run_asm_unicorn.py][isolated] exec @ 0x1259 bytes: 0000
[run_asm_unicorn.py][isolated] exec @ 0x125b bytes: 0000
[run_asm_unicorn.py][isolated] exec @ 0x125d bytes: 0000
[run_asm_unicorn.py][isolated] exec @ 0x125f bytes: 0000
[run_asm_unicorn.py][isolated] exec @ 0x1261 bytes: 0000
[run_asm_unicorn.py][isolated] exec @ 0x1263 bytes: 0000
[run_asm_unicorn.py][isolated] exec @ 0x1265 bytes: 0000
[run_asm_unicorn.py][isolated] exec @ 0x1267 bytes: 0000
[run_asm_unicorn.py][isolated] exec @ 0x1269 bytes: 0000
[run_asm_unicorn.py][isolated] exec @ 0x126b bytes: 0000
[run_asm_unicorn.py][isolated] exec @ 0x126d bytes: 0000
[run_asm_unicorn.py][isolated] exec @ 0x126f bytes: 0000
[run_asm_unicorn.py][isolated] exec @ 0x1271 bytes: 0000
[run_asm_unicorn.py][isolated] exec @ 0x1273 bytes: 0000
[run_asm_unicorn.py][isolated] exec @ 0x1275 bytes: 0000
[run_asm_unicorn.py][isolated] exec @ 0x1277 bytes: 0000
[run_asm_unicorn.py][isolated] exec @ 0x1279 bytes: 0000
[run_asm_unicorn.py][isolated] exec @ 0x127b bytes: 0000
[run_asm_unicorn.py][isolated] exec @ 0x127d bytes: 0000
[run_asm_unicorn.py][isolated] exec @ 0x127f bytes: 0000
[run_asm_unicorn.py][isolated] exec @ 0x1281 bytes: 0000
[run_asm_unicorn.py][isolated] exec @ 0x1283 bytes: 0000
[run_asm_unicorn.py][isolated] exec @ 0x1285 bytes: 0000
[run_asm_unicorn.py][isolated] exec @ 0x1287 bytes: 0000
[run_asm_unicorn.py][isolated] exec @ 0x1289 bytes: 0000
[run_asm_unicorn.py][isolated] exec @ 0x128b bytes: 0000
[run_asm_unicorn.py][isolated] exec @ 0x128d bytes: 0000
[run_asm_unicorn.py][isolated] exec @ 0x128f bytes: 0000
[run_asm_unicorn.py][isolated] exec @ 0x1291 bytes: 0000
[run_asm_unicorn.py][isolated] exec @ 0x1293 bytes: 0000
[run_asm_unicorn.py][isolated] exec @ 0x1295 bytes: 0000
[run_asm_unicorn.py][isolated] exec @ 0x1297 bytes: 0000
[run_asm_unicorn.py][isolated] exec @ 0x1299 bytes: 0000
[run_asm_unicorn.py][isolated] exec @ 0x129b bytes: 0000
[run_asm_unicorn.py][isolated] exec @ 0x129d bytes: 0000
[run_asm_unicorn.py][isolated] exec @ 0x129f bytes: 0000
[run_asm_unicorn.py][isolated] exec @ 0x12a1 bytes: 0000
[run_asm_unicorn.py][isolated] exec @ 0x12a3 bytes: 0000
[run_asm_unicorn.py][isolated] exec @ 0x12a5 bytes: 0000
[run_asm_unicorn.py][isolated] exec @ 0x12a7 bytes: 0000
[run_asm_unicorn.py][isolated] exec @ 0x12a9 bytes: 0000
[run_asm_unicorn.py][isolated] exec @ 0x12ab bytes: 0000
[run_asm_unicorn.py][isolated] exec @ 0x12ad bytes: 0000
[run_asm_unicorn.py][isolated] exec @ 0x12af bytes: 0000
[run_asm_unicorn.py][isolated] exec @ 0x12b1 bytes: 0000
[run_asm_unicorn.py][isolated] exec @ 0x12b3 bytes: 0100
[run_asm_unicorn.py][isolated] exec @ 0x12b5 bytes: 0000
[run_asm_unicorn.py][isolated] exec @ 0x12b7 bytes: 0000
[run_asm_unicorn.py][isolated] exec @ 0x12b9 bytes: 0000
[run_asm_unicorn.py][isolated] exec @ 0x12bb bytes: 0000
[run_asm_unicorn.py][isolated] exec @ 0x12bd bytes: 0000
[run_asm_unicorn.py][isolated] exec @ 0x12bf bytes: 0000
[run_asm_unicorn.py][isolated] exec @ 0x12c1 bytes: 0000
[run_asm_unicorn.py][isolated] exec @ 0x12c3 bytes: 0000
[run_asm_unicorn.py][isolated] exec @ 0x12c5 bytes: 0000
[run_asm_unicorn.py][isolated] exec @ 0x12c7 bytes: 0000
[run_asm_unicorn.py][isolated] exec @ 0x12c9 bytes: 0000
[run_asm_unicorn.py][isolated] exec @ 0x12cb bytes: 0000
[run_asm_unicorn.py][isolated] exec @ 0x12cd bytes: 0000
[run_asm_unicorn.py][isolated] exec @ 0x12cf bytes: 0000
[run_asm_unicorn.py][isolated] exec @ 0x12d1 bytes: 0000
[run_asm_unicorn.py][isolated] exec @ 0x12d3 bytes: 0000
[run_asm_unicorn.py][isolated] exec @ 0x12d5 bytes: 0000
[run_asm_unicorn.py][isolated] exec @ 0x12d7 bytes: 0000
[run_asm_unicorn.py][isolated] exec @ 0x12d9 bytes: 0000
[run_asm_unicorn.py][isolated] exec @ 0x12db bytes: 0000
[run_asm_unicorn.py][isolated] exec @ 0x12dd bytes: 0000
[run_asm_unicorn.py][isolated] exec @ 0x12df bytes: 0000
[run_asm_unicorn.py][isolated] exec @ 0x12e1 bytes: 0000
[run_asm_unicorn.py][isolated] exec @ 0x12e3 bytes: 0000
[run_asm_unicorn.py][isolated] exec @ 0x12e5 bytes: 0000
[run_asm_unicorn.py][isolated] exec @ 0x12e7 bytes: 0000
[run_asm_unicorn.py][isolated] exec @ 0x12e9 bytes: 0000
[run_asm_unicorn.py][isolated] exec @ 0x12eb bytes: 0000
[run_asm_unicorn.py][isolated] exec @ 0x12ed bytes: 0000
[run_asm_unicorn.py][isolated] exec @ 0x12ef bytes: 0000
[run_asm_unicorn.py][isolated] exec @ 0x12f1 bytes: 0000
[run_asm_unicorn.py][isolated] exec @ 0x12f3 bytes: 0000
[run_asm_unicorn.py][isolated] exec @ 0x12f5 bytes: 0001
[run_asm_unicorn.py][isolated] exec @ 0x12f7 bytes: 0000
[run_asm_unicorn.py][isolated] exec @ 0x12f9 bytes: 0000
[run_asm_unicorn.py][isolated] exec @ 0x12fb bytes: 0007
[run_asm_unicorn.py][isolated] exec @ 0x12fd bytes: 07
[run_asm_unicorn.py][isolated] exec @ 0x12fe bytes: 0000
[run_asm_unicorn.py][isolated] exec @ 0x1300 bytes: 4d
[run_asm_unicorn.py][isolated] exec @ 0x1301 bytes: 44
[run_asm_unicorn.py][isolated] exec @ 0x1302 bytes: 01494e
[run_asm_unicorn.py][isolated] exec @ 0x1305 bytes: 58
[run_asm_unicorn.py][isolated] exec @ 0x1306 bytes: 07
[run_asm_unicorn.py][isolated] exec @ 0x1307 bytes: 49
[run_asm_unicorn.py][isolated] exec @ 0x1308 bytes: 4e
[run_asm_unicorn.py][isolated] exec @ 0x1309 bytes: 59
[run_asm_unicorn.py][isolated] exec @ 0x130a bytes: 07
[run_asm_unicorn.py][isolated] exec @ 0x130b bytes: 45
[run_asm_unicorn.py][isolated] exec @ 0x130c bytes: 4e
[run_asm_unicorn.py][isolated] exec @ 0x130d bytes: 58
[run_asm_unicorn.py][isolated] exec @ 0x130e bytes: 00454e
[run_asm_unicorn.py][isolated] exec @ 0x1311 bytes: 59
[run_asm_unicorn.py][isolated] exec @ 0x1312 bytes: 0002
[run_asm_unicorn.py][isolated] exec @ 0x1314 bytes: 004800
[run_asm_unicorn.py][isolated] exec @ 0x1317 bytes: 50
[run_asm_unicorn.py][isolated] exec @ 0x1317 bytes: 50
[run_asm_unicorn.py][isolated] exec @ 0x1318 bytes: 4c
[run_asm_unicorn.py][isolated] exec @ 0x1319 bytes: 58
[run_asm_unicorn.py][isolated] exec @ 0x131a bytes: 00504c
[run_asm_unicorn.py][isolated] exec @ 0x131d bytes: 59
[run_asm_unicorn.py][isolated] exec @ 0x131e bytes: 4c
[run_asm_unicorn.py][isolated] exec @ 0x131f bytes: 59
[run_asm_unicorn.py][isolated] exec @ 0x1320 bytes: 42
[run_asm_unicorn.py][isolated] exec @ 0x1321 bytes: 58
[run_asm_unicorn.py][isolated] exec @ 0x1322 bytes: 004642
[run_asm_unicorn.py][isolated] exec @ 0x1325 bytes: 59
[run_asm_unicorn.py][isolated] exec @ 0x1326 bytes: 004642
[run_asm_unicorn.py][isolated] exec @ 0x1329 bytes: 56
[run_asm_unicorn.py][isolated] exec @ 0x1329 bytes: 56
[run_asm_unicorn.py][isolated] exec @ 0x132a bytes: 0000
[run_asm_unicorn.py][isolated] exec @ 0x132c bytes: 4d
[run_asm_unicorn.py][isolated] exec @ 0x132d bytes: 41
[run_asm_unicorn.py][isolated] exec @ 0x132e bytes: 50
[run_asm_unicorn.py][isolated] exec @ 0x132f bytes: 0000
[run_asm_unicorn.py][isolated] exec @ 0x1331 bytes: 0000
[run_asm_unicorn.py][isolated] exec @ 0x1333 bytes: 0000
[run_asm_unicorn.py][isolated] exec @ 0x1335 bytes: 0000
[run_asm_unicorn.py][isolated] exec @ 0x1337 bytes: 0000
[run_asm_unicorn.py][isolated] exec @ 0x1339 bytes: 0000
[run_asm_unicorn.py][isolated] exec @ 0x133b bytes: 0000
[run_asm_unicorn.py][isolated] exec @ 0x133d bytes: 0000
[run_asm_unicorn.py][isolated] exec @ 0x133f bytes: 0000
[run_asm_unicorn.py][isolated] exec @ 0x1341 bytes: 0000
[run_asm_unicorn.py][isolated] exec @ 0x1343 bytes: 0000
[run_asm_unicorn.py][isolated] exec @ 0x1345 bytes: 0000
[run_asm_unicorn.py][isolated] exec @ 0x1347 bytes: 0000
[run_asm_unicorn.py][isolated] exec @ 0x1349 bytes: 0000
[run_asm_unicorn.py][isolated] exec @ 0x134b bytes: 0000
[run_asm_unicorn.py][isolated] exec @ 0x134d bytes: 0000
[run_asm_unicorn.py][isolated] exec @ 0x134f bytes: 0000
[run_asm_unicorn.py][isolated] exec @ 0x1351 bytes: 0000
[run_asm_unicorn.py][isolated] exec @ 0x1353 bytes: 0000
[run_asm_unicorn.py][isolated] exec @ 0x1355 bytes: 0000
[run_asm_unicorn.py][isolated] exec @ 0x1357 bytes: 0000
[run_asm_unicorn.py][isolated] exec @ 0x1359 bytes: 0000
[run_asm_unicorn.py][isolated] exec @ 0x135b bytes: 0000
[run_asm_unicorn.py][isolated] exec @ 0x135d bytes: 0000
[run_asm_unicorn.py][isolated] exec @ 0x135f bytes: 0000
[run_asm_unicorn.py][isolated] exec @ 0x1361 bytes: 0000
[run_asm_unicorn.py][isolated] exec @ 0x1363 bytes: 0000
[run_asm_unicorn.py][isolated] exec @ 0x1365 bytes: 0000
[run_asm_unicorn.py][isolated] exec @ 0x1367 bytes: 0000
[run_asm_unicorn.py][isolated] exec @ 0x1369 bytes: 0000
[run_asm_unicorn.py][isolated] exec @ 0x136b bytes: 0000
[run_asm_unicorn.py][isolated] exec @ 0x136d bytes: 0000
[run_asm_unicorn.py][isolated] exec @ 0x136f bytes: 0000
[run_asm_unicorn.py][isolated] exec @ 0x1371 bytes: 0000
[run_asm_unicorn.py][isolated] exec @ 0x1373 bytes: 0000
[run_asm_unicorn.py][isolated] exec @ 0x1375 bytes: 0000
[run_asm_unicorn.py][isolated] exec @ 0x1377 bytes: 0000
[run_asm_unicorn.py][isolated] exec @ 0x1379 bytes: 0000
[run_asm_unicorn.py][isolated] exec @ 0x137b bytes: 0000
[run_asm_unicorn.py][isolated] exec @ 0x137d bytes: 0000
[run_asm_unicorn.py][isolated] exec @ 0x137f bytes: 0000
[run_asm_unicorn.py][isolated] exec @ 0x1381 bytes: 0000
[run_asm_unicorn.py][isolated] exec @ 0x1383 bytes: 0000
[run_asm_unicorn.py][isolated] exec @ 0x1385 bytes: 0000
[run_asm_unicorn.py][isolated] exec @ 0x1387 bytes: 0000
[run_asm_unicorn.py][isolated] exec @ 0x1389 bytes: 0000
[run_asm_unicorn.py][isolated] exec @ 0x138b bytes: 0000
[run_asm_unicorn.py][isolated] exec @ 0x138d bytes: 0000
[run_asm_unicorn.py][isolated] exec @ 0x138f bytes: 0000
[run_asm_unicorn.py][isolated] exec @ 0x1391 bytes: 0000
[run_asm_unicorn.py][isolated] exec @ 0x1393 bytes: 0000
[run_asm_unicorn.py][isolated] exec @ 0x1395 bytes: 0000
[run_asm_unicorn.py][isolated] exec @ 0x1397 bytes: 0000
[run_asm_unicorn.py][isolated] exec @ 0x1399 bytes: 0000
[run_asm_unicorn.py][isolated] exec @ 0x139b bytes: 0000
[run_asm_unicorn.py][isolated] exec @ 0x139d bytes: 0000
[run_asm_unicorn.py][isolated] exec @ 0x139f bytes: 0000
[run_asm_unicorn.py][isolated] exec @ 0x13a1 bytes: 0000
[run_asm_unicorn.py][isolated] exec @ 0x13a3 bytes: 0000
[run_asm_unicorn.py][isolated] exec @ 0x13a5 bytes: 0000
[run_asm_unicorn.py][isolated] exec @ 0x13a7 bytes: 0000
[run_asm_unicorn.py][isolated] exec @ 0x13a9 bytes: 0000
[run_asm_unicorn.py][isolated] exec @ 0x13ab bytes: 0000
[run_asm_unicorn.py][isolated] exec @ 0x13ad bytes: 0000
[run_asm_unicorn.py][isolated] exec @ 0x13af bytes: 0000
[run_asm_unicorn.py][isolated] exec @ 0x13b1 bytes: 0000
[run_asm_unicorn.py][isolated] exec @ 0x13b3 bytes: 0000
[run_asm_unicorn.py][isolated] exec @ 0x13b5 bytes: 0000
[run_asm_unicorn.py][isolated] exec @ 0x13b7 bytes: 0000
[run_asm_unicorn.py][isolated] exec @ 0x13b9 bytes: 0000
[run_asm_unicorn.py][isolated] exec @ 0x13bb bytes: 0000
[run_asm_unicorn.py][isolated] exec @ 0x13bd bytes: 0000
[run_asm_unicorn.py][isolated] exec @ 0x13bf bytes: 0000
[run_asm_unicorn.py][isolated] exec @ 0x13c1 bytes: 0000
[run_asm_unicorn.py][isolated] exec @ 0x13c3 bytes: 0000
[run_asm_unicorn.py][isolated] exec @ 0x13c5 bytes: 0000
[run_asm_unicorn.py][isolated] exec @ 0x13c7 bytes: 0000
[run_asm_unicorn.py][isolated] exec @ 0x13c9 bytes: 0000
[run_asm_unicorn.py][isolated] exec @ 0x13cb bytes: 0000
[run_asm_unicorn.py][isolated] exec @ 0x13cd bytes: 0000
[run_asm_unicorn.py][isolated] exec @ 0x13cf bytes: 0000
[run_asm_unicorn.py][isolated] exec @ 0x13d1 bytes: 0000
[run_asm_unicorn.py][isolated] exec @ 0x13d3 bytes: 0000
[run_asm_unicorn.py][isolated] exec @ 0x13d5 bytes: 0000
[run_asm_unicorn.py][isolated] exec @ 0x13d7 bytes: 0000
[run_asm_unicorn.py][isolated] exec @ 0x13d9 bytes: 0000
[run_asm_unicorn.py][isolated] exec @ 0x13db bytes: 0000
[run_asm_unicorn.py][isolated] exec @ 0x13dd bytes: 0000
[run_asm_unicorn.py][isolated] exec @ 0x13df bytes: 0000
[run_asm_unicorn.py][isolated] exec @ 0x13e1 bytes: 0000
[run_asm_unicorn.py][isolated] exec @ 0x13e3 bytes: 0000
[run_asm_unicorn.py][isolated] exec @ 0x13e5 bytes: 0000
[run_asm_unicorn.py][isolated] exec @ 0x13e7 bytes: 0000
[run_asm_unicorn.py][isolated] exec @ 0x13e9 bytes: 0000
[run_asm_unicorn.py][isolated] exec @ 0x13eb bytes: 0000
[run_asm_unicorn.py][isolated] exec @ 0x13ed bytes: 0000
[run_asm_unicorn.py][isolated] exec @ 0x13ef bytes: 0000
[run_asm_unicorn.py][isolated] exec @ 0x13f1 bytes: 0000
[run_asm_unicorn.py][isolated] exec @ 0x13f3 bytes: 0000
[run_asm_unicorn.py][isolated] exec @ 0x13f5 bytes: 0000
[run_asm_unicorn.py][isolated] exec @ 0x13f7 bytes: 0000
[run_asm_unicorn.py][isolated] exec @ 0x13f9 bytes: 0000
[run_asm_unicorn.py][isolated] exec @ 0x13fb bytes: 0000
[run_asm_unicorn.py][isolated] exec @ 0x13fd bytes: 0000
[run_asm_unicorn.py][isolated] exec @ 0x13ff bytes: 0000
[run_asm_unicorn.py][isolated] exec @ 0x1401 bytes: 0000
[run_asm_unicorn.py][isolated] exec @ 0x1403 bytes: 0000
[run_asm_unicorn.py][isolated] exec @ 0x1405 bytes: 0000
[run_asm_unicorn.py][isolated] exec @ 0x1407 bytes: 0000
[run_asm_unicorn.py][isolated] exec @ 0x1409 bytes: 0000
[run_asm_unicorn.py][isolated] exec @ 0x140b bytes: 0000
[run_asm_unicorn.py][isolated] exec @ 0x140d bytes: 0000
[run_asm_unicorn.py][isolated] exec @ 0x140f bytes: 0000
[run_asm_unicorn.py][isolated] exec @ 0x1411 bytes: 0000
[run_asm_unicorn.py][isolated] exec @ 0x1413 bytes: 0000
[run_asm_unicorn.py][isolated] exec @ 0x1415 bytes: 0000
[run_asm_unicorn.py][isolated] exec @ 0x1417 bytes: 0000
[run_asm_unicorn.py][isolated] exec @ 0x1419 bytes: 0000
[run_asm_unicorn.py][isolated] exec @ 0x141b bytes: 0000
[run_asm_unicorn.py][isolated] exec @ 0x141d bytes: 0000
[run_asm_unicorn.py][isolated] exec @ 0x141f bytes: 0000
[run_asm_unicorn.py][isolated] exec @ 0x1421 bytes: 0000
[run_asm_unicorn.py][isolated] exec @ 0x1423 bytes: 0000
[run_asm_unicorn.py][isolated] exec @ 0x1425 bytes: 0000
[run_asm_unicorn.py][isolated] exec @ 0x1427 bytes: 0000
[run_asm_unicorn.py][isolated] exec @ 0x1429 bytes: 0000
[run_asm_unicorn.py][isolated] exec @ 0x142b bytes: 0000
[run_asm_unicorn.py][isolated] exec @ 0x142d bytes: 0000
[run_asm_unicorn.py][isolated] exec @ 0x142f bytes: 0000
[run_asm_unicorn.py][isolated] exec @ 0x1431 bytes: 0000
[run_asm_unicorn.py][isolated] exec @ 0x1433 bytes: 0000
[run_asm_unicorn.py][isolated] exec @ 0x1435 bytes: 0000
[run_asm_unicorn.py][isolated] exec @ 0x1437 bytes: 0000
[run_asm_unicorn.py][isolated] exec @ 0x1439 bytes: 0000
[run_asm_unicorn.py][isolated] exec @ 0x143b bytes: 0000
[run_asm_unicorn.py][isolated] exec @ 0x143d bytes: 0000
[run_asm_unicorn.py][isolated] exec @ 0x143f bytes: 0000
[run_asm_unicorn.py][isolated] exec @ 0x1441 bytes: 0000
[run_asm_unicorn.py][isolated] exec @ 0x1443 bytes: 0000
[run_asm_unicorn.py][isolated] exec @ 0x1445 bytes: 0000
[run_asm_unicorn.py][isolated] exec @ 0x1447 bytes: 0000
[run_asm_unicorn.py][isolated] exec @ 0x1449 bytes: 0000
[run_asm_unicorn.py][isolated] exec @ 0x144b bytes: 0000
[run_asm_unicorn.py][isolated] exec @ 0x144d bytes: 0000
[run_asm_unicorn.py][isolated] exec @ 0x144f bytes: 0000
[run_asm_unicorn.py][isolated] exec @ 0x1451 bytes: 0000
[run_asm_unicorn.py][isolated] exec @ 0x1453 bytes: 0000
[run_asm_unicorn.py][isolated] exec @ 0x1455 bytes: 0000
[run_asm_unicorn.py][isolated] exec @ 0x1457 bytes: 0000
[run_asm_unicorn.py][isolated] exec @ 0x1459 bytes: 0000
[run_asm_unicorn.py][isolated] exec @ 0x145b bytes: 0000
[run_asm_unicorn.py][isolated] exec @ 0x145d bytes: 0000
[run_asm_unicorn.py][isolated] exec @ 0x145f bytes: 0000
[run_asm_unicorn.py][isolated] exec @ 0x1461 bytes: 0000
[run_asm_unicorn.py][isolated] exec @ 0x1463 bytes: 0000
[run_asm_unicorn.py][isolated] exec @ 0x1465 bytes: 0000
[run_asm_unicorn.py][isolated] exec @ 0x1467 bytes: 0000
[run_asm_unicorn.py][isolated] exec @ 0x1469 bytes: 0000
[run_asm_unicorn.py][isolated] exec @ 0x146b bytes: 0000
[run_asm_unicorn.py][isolated] exec @ 0x146d bytes: 0000
[run_asm_unicorn.py][isolated] exec @ 0x146f bytes: 0000
[run_asm_unicorn.py][isolated] exec @ 0x1471 bytes: 0000
[run_asm_unicorn.py][isolated] exec @ 0x1473 bytes: 0000
[run_asm_unicorn.py][isolated] exec @ 0x1475 bytes: 0000
[run_asm_unicorn.py][isolated] exec @ 0x1477 bytes: 0000
[run_asm_unicorn.py][isolated] exec @ 0x1479 bytes: 0000
[run_asm_unicorn.py][isolated] exec @ 0x147b bytes: 0000
[run_asm_unicorn.py][isolated] exec @ 0x147d bytes: 0000
[run_asm_unicorn.py][isolated] exec @ 0x147f bytes: 0000
[run_asm_unicorn.py][isolated] exec @ 0x1481 bytes: 0000
[run_asm_unicorn.py][isolated] exec @ 0x1483 bytes: 0000
[run_asm_unicorn.py][isolated] exec @ 0x1485 bytes: 0000
[run_asm_unicorn.py][isolated] exec @ 0x1487 bytes: 0000
[run_asm_unicorn.py][isolated] exec @ 0x1489 bytes: 0000
[run_asm_unicorn.py][isolated] exec @ 0x148b bytes: 0000
[run_asm_unicorn.py][isolated] exec @ 0x148d bytes: 0000
[run_asm_unicorn.py][isolated] exec @ 0x148f bytes: 0000
[run_asm_unicorn.py][isolated] exec @ 0x1491 bytes: 0000
[run_asm_unicorn.py][isolated] exec @ 0x1493 bytes: 0000
[run_asm_unicorn.py][isolated] exec @ 0x1495 bytes: 0000
[run_asm_unicorn.py][isolated] exec @ 0x1497 bytes: 0000
[run_asm_unicorn.py][isolated] exec @ 0x1499 bytes: 0000
[run_asm_unicorn.py][isolated] exec @ 0x149b bytes: 0000
[run_asm_unicorn.py][isolated] exec @ 0x149d bytes: 0000
[run_asm_unicorn.py][isolated] exec @ 0x149f bytes: 0000
[run_asm_unicorn.py][isolated] exec @ 0x14a1 bytes: 0000
[run_asm_unicorn.py][isolated] exec @ 0x14a3 bytes: 0000
[run_asm_unicorn.py][isolated] exec @ 0x14a5 bytes: 0000
[run_asm_unicorn.py][isolated] exec @ 0x14a7 bytes: 0000
[run_asm_unicorn.py][isolated] exec @ 0x14a9 bytes: 0000
[run_asm_unicorn.py][isolated] exec @ 0x14ab bytes: 0000
[run_asm_unicorn.py][isolated] exec @ 0x14ad bytes: 0000
[run_asm_unicorn.py][isolated] exec @ 0x14af bytes: 0000
[run_asm_unicorn.py][isolated] exec @ 0x14b1 bytes: 0000
[run_asm_unicorn.py][isolated] exec @ 0x14b3 bytes: 0000
[run_asm_unicorn.py][isolated] exec @ 0x14b5 bytes: 0000
[run_asm_unicorn.py][isolated] exec @ 0x14b7 bytes: 0000
[run_asm_unicorn.py][isolated] exec @ 0x14b9 bytes: 0000
[run_asm_unicorn.py][isolated] exec @ 0x14bb bytes: 0000
[run_asm_unicorn.py][isolated] exec @ 0x14bd bytes: 0000
[run_asm_unicorn.py][isolated] exec @ 0x14bf bytes: 0000
[run_asm_unicorn.py][isolated] exec @ 0x14c1 bytes: 0000
[run_asm_unicorn.py][isolated] exec @ 0x14c3 bytes: 0000
[run_asm_unicorn.py][isolated] exec @ 0x14c5 bytes: 0000
[run_asm_unicorn.py][isolated] exec @ 0x14c7 bytes: 0000
[run_asm_unicorn.py][isolated] exec @ 0x14c9 bytes: 0000
[run_asm_unicorn.py][isolated] exec @ 0x14cb bytes: 0000
[run_asm_unicorn.py][isolated] exec @ 0x14cd bytes: 0000
[run_asm_unicorn.py][isolated] exec @ 0x14cf bytes: 0000
[run_asm_unicorn.py][isolated] exec @ 0x14d1 bytes: 0000
[run_asm_unicorn.py][isolated] exec @ 0x14d3 bytes: 0000
[run_asm_unicorn.py][isolated] exec @ 0x14d5 bytes: 0000
[run_asm_unicorn.py][isolated] exec @ 0x14d7 bytes: 0000
[run_asm_unicorn.py][isolated] exec @ 0x14d9 bytes: 0000
[run_asm_unicorn.py][isolated] exec @ 0x14db bytes: 0000
[run_asm_unicorn.py][isolated] exec @ 0x14dd bytes: 0000
[run_asm_unicorn.py][isolated] exec @ 0x14df bytes: 0000
[run_asm_unicorn.py][isolated] exec @ 0x14e1 bytes: 0000
[run_asm_unicorn.py][isolated] exec @ 0x14e3 bytes: 0000
[run_asm_unicorn.py][isolated] exec @ 0x14e5 bytes: 0000
[run_asm_unicorn.py][isolated] exec @ 0x14e7 bytes: 0000
[run_asm_unicorn.py][isolated] exec @ 0x14e9 bytes: 0000
[run_asm_unicorn.py][isolated] exec @ 0x14eb bytes: 0000
[run_asm_unicorn.py][isolated] exec @ 0x14ed bytes: 0000
[run_asm_unicorn.py][isolated] exec @ 0x14ef bytes: 0000
[run_asm_unicorn.py][isolated] exec @ 0x14f1 bytes: 0000
[run_asm_unicorn.py][isolated] exec @ 0x14f3 bytes: 0000
[run_asm_unicorn.py][isolated] exec @ 0x14f5 bytes: 0000
[run_asm_unicorn.py][isolated] exec @ 0x14f7 bytes: 0000
[run_asm_unicorn.py][isolated] exec @ 0x14f9 bytes: 0000
[run_asm_unicorn.py][isolated] exec @ 0x14fb bytes: 0000
[run_asm_unicorn.py][isolated] exec @ 0x14fd bytes: 0000
[run_asm_unicorn.py][isolated] exec @ 0x14ff bytes: 0000
[run_asm_unicorn.py][isolated] exec @ 0x1501 bytes: 0000
[run_asm_unicorn.py][isolated] exec @ 0x1503 bytes: 0000
[run_asm_unicorn.py][isolated] exec @ 0x1505 bytes: 0000
[run_asm_unicorn.py][isolated] exec @ 0x1507 bytes: 0000
[run_asm_unicorn.py][isolated] exec @ 0x1509 bytes: 0000
[run_asm_unicorn.py][isolated] exec @ 0x150b bytes: 0000
[run_asm_unicorn.py][isolated] exec @ 0x150d bytes: 0000
[run_asm_unicorn.py][isolated] exec @ 0x150f bytes: 0000
[run_asm_unicorn.py][isolated] exec @ 0x1511 bytes: 0000
[run_asm_unicorn.py][isolated] exec @ 0x1513 bytes: 0000
[run_asm_unicorn.py][isolated] exec @ 0x1515 bytes: 0000
[run_asm_unicorn.py][isolated] exec @ 0x1517 bytes: 0000
[run_asm_unicorn.py][isolated] exec @ 0x1519 bytes: 0000
[run_asm_unicorn.py][isolated] exec @ 0x151b bytes: 0000
[run_asm_unicorn.py][isolated] exec @ 0x151d bytes: 0000
[run_asm_unicorn.py][isolated] exec @ 0x151f bytes: 0000
[run_asm_unicorn.py][isolated] exec @ 0x1521 bytes: 0000
[run_asm_unicorn.py][isolated] exec @ 0x1523 bytes: 0000
[run_asm_unicorn.py][isolated] exec @ 0x1525 bytes: 0000
[run_asm_unicorn.py][isolated] exec @ 0x1527 bytes: 0000
[run_asm_unicorn.py][isolated] exec @ 0x1529 bytes: 0000
[run_asm_unicorn.py][isolated] exec @ 0x152b bytes: 0000
[run_asm_unicorn.py][isolated] exec @ 0x152d bytes: 0000
[run_asm_unicorn.py][isolated] exec @ 0x152f bytes: 0000
[run_asm_unicorn.py][isolated] exec @ 0x1531 bytes: 0000
[run_asm_unicorn.py][isolated] exec @ 0x1533 bytes: 0000
[run_asm_unicorn.py][isolated] exec @ 0x1535 bytes: 0000
[run_asm_unicorn.py][isolated] exec @ 0x1537 bytes: 0000
[run_asm_unicorn.py][isolated] exec @ 0x1539 bytes: 0000
[run_asm_unicorn.py][isolated] exec @ 0x153b bytes: 0000
[run_asm_unicorn.py][isolated] exec @ 0x153d bytes: 0000
[run_asm_unicorn.py][isolated] exec @ 0x153f bytes: 0000
[run_asm_unicorn.py][isolated] exec @ 0x1541 bytes: 0000
[run_asm_unicorn.py][isolated] exec @ 0x1543 bytes: 0000
[run_asm_unicorn.py][isolated] exec @ 0x1545 bytes: 0000
[run_asm_unicorn.py][isolated] exec @ 0x1547 bytes: 0000
[run_asm_unicorn.py][isolated] exec @ 0x1549 bytes: 0000
[run_asm_unicorn.py][isolated] exec @ 0x154b bytes: 0000
[run_asm_unicorn.py][isolated] exec @ 0x154d bytes: 0000
[run_asm_unicorn.py][isolated] exec @ 0x154f bytes: 0000
[run_asm_unicorn.py][isolated] exec @ 0x1551 bytes: 0000
[run_asm_unicorn.py][isolated] exec @ 0x1553 bytes: 0000
[run_asm_unicorn.py][isolated] exec @ 0x1555 bytes: 0000
[run_asm_unicorn.py][isolated] exec @ 0x1557 bytes: 0000
[run_asm_unicorn.py][isolated] exec @ 0x1559 bytes: 0000
[run_asm_unicorn.py][isolated] exec @ 0x155b bytes: 0000
[run_asm_unicorn.py][isolated] exec @ 0x155d bytes: 0000
[run_asm_unicorn.py][isolated] exec @ 0x155f bytes: 0000
[run_asm_unicorn.py][isolated] exec @ 0x1561 bytes: 0000
[run_asm_unicorn.py][isolated] exec @ 0x1563 bytes: 0000
[run_asm_unicorn.py][isolated] exec @ 0x1565 bytes: 0000
[run_asm_unicorn.py][isolated] exec @ 0x1567 bytes: 0000
[run_asm_unicorn.py][isolated] exec @ 0x1569 bytes: 0000
[run_asm_unicorn.py][isolated] exec @ 0x156b bytes: 0000
[run_asm_unicorn.py][isolated] exec @ 0x156d bytes: 0000
[run_asm_unicorn.py][isolated] exec @ 0x156f bytes: 0000
[run_asm_unicorn.py][isolated] exec @ 0x1571 bytes: 0000
[run_asm_unicorn.py][isolated] exec @ 0x1573 bytes: 0000
[run_asm_unicorn.py][isolated] exec @ 0x1575 bytes: 0000
[run_asm_unicorn.py][isolated] exec @ 0x1577 bytes: 0000
[run_asm_unicorn.py][isolated] exec @ 0x1579 bytes: 0000
[run_asm_unicorn.py][isolated] exec @ 0x157b bytes: 0000
[run_asm_unicorn.py][isolated] exec @ 0x157d bytes: 0000
[run_asm_unicorn.py][isolated] exec @ 0x157f bytes: 0000
[run_asm_unicorn.py][isolated] exec @ 0x1581 bytes: 0000
[run_asm_unicorn.py][isolated] exec @ 0x1583 bytes: 0000
[run_asm_unicorn.py][isolated] exec @ 0x1585 bytes: 0000
[run_asm_unicorn.py][isolated] exec @ 0x1587 bytes: 0000
[run_asm_unicorn.py][isolated] exec @ 0x1589 bytes: 0000
[run_asm_unicorn.py][isolated] exec @ 0x158b bytes: 0000
[run_asm_unicorn.py][isolated] exec @ 0x158d bytes: 0000
[run_asm_unicorn.py][isolated] exec @ 0x158f bytes: 0000
[run_asm_unicorn.py][isolated] exec @ 0x1591 bytes: 0000
[run_asm_unicorn.py][isolated] exec @ 0x1593 bytes: 0000
[run_asm_unicorn.py][isolated] exec @ 0x1595 bytes: 0000
[run_asm_unicorn.py][isolated] exec @ 0x1597 bytes: 0000
[run_asm_unicorn.py][isolated] exec @ 0x1599 bytes: 0000
[run_asm_unicorn.py][isolated] exec @ 0x159b bytes: 0000
[run_asm_unicorn.py][isolated] exec @ 0x159d bytes: 0000
[run_asm_unicorn.py][isolated] exec @ 0x159f bytes: 0000
[run_asm_unicorn.py][isolated] exec @ 0x15a1 bytes: 0000
[run_asm_unicorn.py][isolated] exec @ 0x15a3 bytes: 0000
[run_asm_unicorn.py][isolated] exec @ 0x15a5 bytes: 0000
[run_asm_unicorn.py][isolated] exec @ 0x15a7 bytes: 0000
[run_asm_unicorn.py][isolated] exec @ 0x15a9 bytes: 0000
[run_asm_unicorn.py][isolated] exec @ 0x15ab bytes: 0000
[run_asm_unicorn.py][isolated] exec @ 0x15ad bytes: 0000
[run_asm_unicorn.py][isolated] exec @ 0x15af bytes: 0000
[run_asm_unicorn.py][isolated] exec @ 0x15b1 bytes: 0000
[run_asm_unicorn.py][isolated] exec @ 0x15b3 bytes: 0000
[run_asm_unicorn.py][isolated] exec @ 0x15b5 bytes: 0000
[run_asm_unicorn.py][isolated] exec @ 0x15b7 bytes: 0000
[run_asm_unicorn.py][isolated] exec @ 0x15b9 bytes: 0000
[run_asm_unicorn.py][isolated] exec @ 0x15bb bytes: 0000
[run_asm_unicorn.py][isolated] exec @ 0x15bd bytes: 0000
[run_asm_unicorn.py][isolated] exec @ 0x15bf bytes: 0000
[run_asm_unicorn.py][isolated] exec @ 0x15c1 bytes: 0000
[run_asm_unicorn.py][isolated] exec @ 0x15c3 bytes: 0000
[run_asm_unicorn.py][isolated] exec @ 0x15c5 bytes: 0000
[run_asm_unicorn.py][isolated] exec @ 0x15c7 bytes: 0000
[run_asm_unicorn.py][isolated] exec @ 0x15c9 bytes: 0000
[run_asm_unicorn.py][isolated] exec @ 0x15cb bytes: 0000
[run_asm_unicorn.py][isolated] exec @ 0x15cd bytes: 0000
[run_asm_unicorn.py][isolated] exec @ 0x15cf bytes: 0000
[run_asm_unicorn.py][isolated] exec @ 0x15d1 bytes: 0000
[run_asm_unicorn.py][isolated] exec @ 0x15d3 bytes: 0000
[run_asm_unicorn.py][isolated] exec @ 0x15d5 bytes: 0000
[run_asm_unicorn.py][isolated] exec @ 0x15d7 bytes: 0000
[run_asm_unicorn.py][isolated] exec @ 0x15d9 bytes: 0000
[run_asm_unicorn.py][isolated] exec @ 0x15db bytes: 0000
[run_asm_unicorn.py][isolated] exec @ 0x15dd bytes: 0000
[run_asm_unicorn.py][isolated] exec @ 0x15df bytes: 0000
[run_asm_unicorn.py][isolated] exec @ 0x15e1 bytes: 0000
[run_asm_unicorn.py][isolated] exec @ 0x15e3 bytes: 0000
[run_asm_unicorn.py][isolated] exec @ 0x15e5 bytes: 0000
[run_asm_unicorn.py][isolated] exec @ 0x15e7 bytes: 0000
[run_asm_unicorn.py][isolated] exec @ 0x15e9 bytes: 0000
[run_asm_unicorn.py][isolated] exec @ 0x15eb bytes: 0000
[run_asm_unicorn.py][isolated] exec @ 0x15ed bytes: 0000
[run_asm_unicorn.py][isolated] exec @ 0x15ef bytes: 0000
[run_asm_unicorn.py][isolated] exec @ 0x15f1 bytes: 0000
[run_asm_unicorn.py][isolated] exec @ 0x15f3 bytes: 0000
[run_asm_unicorn.py][isolated] exec @ 0x15f5 bytes: 0000
[run_asm_unicorn.py][isolated] exec @ 0x15f7 bytes: 0000
[run_asm_unicorn.py][isolated] exec @ 0x15f9 bytes: 0000
[run_asm_unicorn.py][isolated] exec @ 0x15fb bytes: 0000
[run_asm_unicorn.py][isolated] exec @ 0x15fd bytes: 0000
[run_asm_unicorn.py][isolated] exec @ 0x15ff bytes: 0000
[run_asm_unicorn.py][isolated] exec @ 0x1601 bytes: 0000
[run_asm_unicorn.py][isolated] exec @ 0x1603 bytes: 0000
[run_asm_unicorn.py][isolated] exec @ 0x1605 bytes: 0000
[run_asm_unicorn.py][isolated] exec @ 0x1607 bytes: 0000
[run_asm_unicorn.py][isolated] exec @ 0x1609 bytes: 0000
[run_asm_unicorn.py][isolated] exec @ 0x160b bytes: 0000
[run_asm_unicorn.py][isolated] exec @ 0x160d bytes: 0000
[run_asm_unicorn.py][isolated] exec @ 0x160f bytes: 0000
[run_asm_unicorn.py][isolated] exec @ 0x1611 bytes: 0000
[run_asm_unicorn.py][isolated] exec @ 0x1613 bytes: 0000
[run_asm_unicorn.py][isolated] exec @ 0x1615 bytes: 0000
[run_asm_unicorn.py][isolated] exec @ 0x1617 bytes: 0000
[run_asm_unicorn.py][isolated] exec @ 0x1619 bytes: 0000
[run_asm_unicorn.py][isolated] exec @ 0x161b bytes: 0000
[run_asm_unicorn.py][isolated] exec @ 0x161d bytes: 0000
[run_asm_unicorn.py][isolated] exec @ 0x161f bytes: 0000
[run_asm_unicorn.py][isolated] exec @ 0x1621 bytes: 0000
[run_asm_unicorn.py][isolated] exec @ 0x1623 bytes: 0000
[run_asm_unicorn.py][isolated] exec @ 0x1625 bytes: 0000
[run_asm_unicorn.py][isolated] exec @ 0x1627 bytes: 0000
[run_asm_unicorn.py][isolated] exec @ 0x1629 bytes: 0000
[run_asm_unicorn.py][isolated] exec @ 0x162b bytes: 0000
[run_asm_unicorn.py][isolated] exec @ 0x162d bytes: 0000
[run_asm_unicorn.py][isolated] exec @ 0x162f bytes: 50
[run_asm_unicorn.py][isolated] exec @ 0x1630 bytes: 58
[run_asm_unicorn.py][isolated] exec @ 0x1631 bytes: 0000
[run_asm_unicorn.py][isolated] exec @ 0x1633 bytes: 44
[run_asm_unicorn.py][isolated] exec @ 0x1634 bytes: 52
[run_asm_unicorn.py][isolated] exec @ 0x1635 bytes: 53
[run_asm_unicorn.py][isolated] exec @ 0x1636 bytes: 00524e
[run_asm_unicorn.py][isolated] exec @ 0x1639 bytes: 45
[run_asm_unicorn.py][isolated] exec @ 0x163a bytes: 0000
[run_asm_unicorn.py][isolated] exec @ 0x163c bytes: 52
[run_asm_unicorn.py][isolated] exec @ 0x163d bytes: 4e
[run_asm_unicorn.py][isolated] exec @ 0x163e bytes: 46
[run_asm_unicorn.py][isolated] exec @ 0x163f bytes: 0000
[run_asm_unicorn.py][isolated] exec @ 0x1641 bytes: 004442
[run_asm_unicorn.py][isolated] exec @ 0x1644 bytes: 47
[run_asm_unicorn.py][isolated] exec @ 0x1645 bytes: 2100
[run_asm_unicorn.py][isolated] exec @ 0x1647 bytes: 0000
[run_asm_unicorn.py][isolated] exec @ 0x1649 bytes: 00c6
[run_asm_unicorn.py][isolated] exec @ 0x164b bytes: 0000
[run_asm_unicorn.py][isolated] exec @ 0x164d bytes: 00996100
[run_asm_unicorn.py][isolated] exec @ 0x1651 bytes: 0000
[run_asm_unicorn.py][isolated] exec @ 0x1653 bytes: 53
[run_asm_unicorn.py][isolated] exec @ 0x1654 bytes: 54
[run_asm_unicorn.py][isolated] exec @ 0x1655 bytes: c70631063412
[run_asm_unicorn.py][isolated] exec @ 0x1655 bytes: c70631063412
[run_asm_unicorn.py][isolated] exec @ 0x165b bytes: c606330612
[run_asm_unicorn.py][isolated] mov byte [imm16],imm8 at 0x633 (linear 0x1633) -> 0x12
[run_asm_unicorn.py][isolated] exec @ 0x1660 bytes: 8a260601
[run_asm_unicorn.py][isolated] exec @ 0x1664 bytes: a00a01
[run_asm_unicorn.py][isolated] exec @ 0x1667 bytes: 88265106
[run_asm_unicorn.py][isolated] exec @ 0x166b bytes: a25006
[run_asm_unicorn.py][isolated] mov [imm],al at 0x650 (linear 0x1650) AL=7
[run_asm_unicorn.py][isolated][DBG] MEMWRITE SEQ=7 @ 0x1650 offset 11 val 0x7 pc 0x166b
[run_asm_unicorn.py][isolated] exec @ 0x166e bytes: 8a160201
[run_asm_unicorn.py][isolated] exec @ 0x1672 bytes: 80fa00
[run_asm_unicorn.py][isolated] exec @ 0x1675 bytes: 7419
[run_asm_unicorn.py][isolated] exec @ 0x1677 bytes: 80fa01
[run_asm_unicorn.py][isolated] exec @ 0x167a bytes: 7428
[run_asm_unicorn.py][isolated] exec @ 0x167c bytes: 80fa02
[run_asm_unicorn.py][isolated] exec @ 0x167f bytes: 743a
[run_asm_unicorn.py][isolated] exec @ 0x1681 bytes: 80fa03
[run_asm_unicorn.py][isolated] exec @ 0x1684 bytes: 7466
[run_asm_unicorn.py][isolated] exec @ 0x1686 bytes: 80fa04
[run_asm_unicorn.py][isolated] exec @ 0x1689 bytes: 0f84ae00
[run_asm_unicorn.py][isolated] exec @ 0x168d bytes: e9f300
[run_asm_unicorn.py][isolated] exec @ 0x1783 bytes: 90
[run_asm_unicorn.py][isolated] exec @ 0x1784 bytes: ba3606
[run_asm_unicorn.py][isolated] exec @ 0x1787 bytes: b90100
[run_asm_unicorn.py][isolated] exec @ 0x178a bytes: b43c
[run_asm_unicorn.py][isolated] exec @ 0x178c bytes: baa907
[run_asm_unicorn.py][isolated] exec @ 0x178f bytes: cd21
[run_asm_unicorn.py] isolated DBG @ 0x1645 = [33, 0, 0, 0, 0, 198, 0, 0, 0, 153, 97, 7, 7, 0, 83, 84, 199, 6, 49, 6]
[run_asm_unicorn.py] isolated RECENT DBG WRITES (most recent first):
  - SEQ=7 OFF=11 ADDR=0x1650 SIZE=1 VAL=07 PC=0x166b
  - SEQ=6 OFF=9 ADDR=0x164e SIZE=1 VAL=99 PC=0x193a
  - SEQ=5 OFF=5 ADDR=0x164a SIZE=1 VAL=c6 PC=0x1918
  - SEQ=4 OFF=9 ADDR=0x164e SIZE=1 VAL=20 PC=0x1911
  - SEQ=3 OFF=10 ADDR=0x164f SIZE=1 VAL=61 PC=0x1903
  - SEQ=2 OFF=10 ADDR=0x164f SIZE=1 VAL=51 PC=0x18ec
  - SEQ=1 OFF=0 ADDR=0x1645 SIZE=1 VAL=21 PC=0x18c4
[run_asm_unicorn.py] isolated LAST DBG WRITES (per-offset):
  - offset 0: SEQ=1 VAL=21 PC=0x18c4
  - offset 5: SEQ=5 VAL=c6 PC=0x1918
  - offset 9: SEQ=6 VAL=99 PC=0x193a
  - offset 10: SEQ=3 VAL=61 PC=0x1903
  - offset 11: SEQ=7 VAL=07 PC=0x166b
[run_asm_unicorn.py] emu mem at offset 435 = 1
[run_asm_unicorn.py] emu debug-slot @ 5701 = [0, 0, 0, 0, 0, 0, 0, 0, 0, 0, 0, 7, 7, 0, 83, 84, 199, 6, 49, 6]
[run_asm_unicorn.py] computed tile idx (file offset) = 434, mem val = 0
[run_asm_unicorn.py] debug_slot entry @ 1349 = 0
[run_asm_unicorn.py] debug_slot left @ 1350 = 0
[run_asm_unicorn.py] debug_slot right @ 1351 = 0
[run_asm_unicorn.py] debug_slot top @ 1352 = 0
[run_asm_unicorn.py] debug_slot bottom @ 1353 = 0
[run_asm_unicorn.py] debug_slot tile_val @ 1354 = 0
[run_asm_unicorn.py] debug_slot threshold @ 1355 = 0
[run_asm_unicorn.py] debug_slot cur_tx @ 1356 = 0
[run_asm_unicorn.py] debug_slot cur_ty @ 1357 = 0
[run_asm_unicorn.py] debug_slot collision_marker @ 1358 = 0
[run_asm_unicorn.py] debug_slot row_marker @ 1359 = 0
[run_asm_unicorn.py] debug_slot flags_lo @ 1360 = 7
[run_asm_unicorn.py] debug_slot flags_hi @ 1361 = 7
[run_asm_unicorn.py] debug_slot fire_active @ 1362 = 0
bytearray(b'RS\x00RNE')
0
