[run_asm_unicorn.py] ARGV: ['src/tests/asm/run_asm_unicorn.py', '1', '--x', '48', '--y', '42']
[run_asm_unicorn.py] patching marker b'MD' at 0 -> value 1
[run_asm_unicorn.py] converting INX from 48 (pixels) -> 6 (asm units: tile=3, span=0)
[run_asm_unicorn.py] patching marker b'INX' at 3 -> value 6
[run_asm_unicorn.py] converting INY from 42 (pixels) -> 5 (asm units: tile=2, span=1)
[run_asm_unicorn.py] patching marker b'INY' at 7 -> value 5
[run_asm_unicorn.py] regs IP=0x1100 EIP=0x1100 CS=0x110 DS=0x100 SS=0x110 entry_linear=0x1100 entry_seg=0x110 entry_ip=0x0 data_seg=0x100
[run_asm_unicorn.py] added DBG mem-write hook for 0x1645-0x1684
[run_asm_unicorn.py] added DBG mem-read hook for 0x1645-0x1684
[run_asm_unicorn.py] added MAP mem-read hook for 0x112f-0x192e
[run_asm_unicorn.py] added MAP mem-write hook for 0x112f-0x192e
[run_asm_unicorn.py] exec @ 0x1655 opcode_bytes: c70631063412
[run_asm_unicorn.py] exec @ 0x165b opcode_bytes: c606330612
[run_asm_unicorn.py] exec @ 0x1660 opcode_bytes: 8a260601
[run_asm_unicorn.py] exec @ 0x1664 opcode_bytes: a00a01
[run_asm_unicorn.py] exec @ 0x1667 opcode_bytes: 88265106
[run_asm_unicorn.py] exec @ 0x166b opcode_bytes: a25006
[run_asm_unicorn.py] exec @ 0x166e opcode_bytes: 8a160201
[run_asm_unicorn.py] exec @ 0x1672 opcode_bytes: 80fa00
[run_asm_unicorn.py] exec @ 0x1675 opcode_bytes: 7419
[run_asm_unicorn.py] exec @ 0x1677 opcode_bytes: 80fa01
[run_asm_unicorn.py] exec @ 0x167a opcode_bytes: 7428
[run_asm_unicorn.py] exec @ 0x16a4 opcode_bytes: e81902
[run_asm_unicorn.py] call at 0x16a4 -> target 0x18c0; PRE-REGS: {'AX': 1541, 'BX': 0, 'CX': 0, 'DX': 1, 'SI': 0, 'DI': 0, 'BP': 0, 'SP': 0, 'SS': 272, 'DS': 256, 'ES': 0, 'stack': [77, 68, 1, 73, 78, 88, 6, 73, 78, 89, 5, 69, 78, 88, 0, 69, 78, 89, 0, 69, 66, 72, 0, 80, 76, 88, 0, 80, 76, 89, 0, 70, 66, 88, 0, 70, 66, 89, 0, 70, 66, 86, 0, 0, 77, 65, 80, 0, 0, 0, 0, 0, 0, 0, 0, 0, 0, 0, 0, 0, 0, 0, 0, 0]}
[run_asm_unicorn.py] call-target bytes @ 0x18c0: 50535152c606450621b021a2330689c1
[run_asm_unicorn.py] installed RETURN-WRITE/READ watch at 0x110fe / 0x110ff for CALL 0x16a4 -> 0x18c0
[run_asm_unicorn.py] RETURN-WRITE @ 0x110fe size 2 val 1447 call_site 0x16a4 target 0x18c0 PRE-REGS {'AX': 1541, 'BX': 0, 'CX': 0, 'DX': 1, 'SI': 0, 'DI': 0, 'BP': 0, 'SP': 0, 'SS': 272, 'DS': 256, 'ES': 0, 'stack': [77, 68, 1, 73, 78, 88, 6, 73, 78, 89, 5, 69, 78, 88, 0, 69, 78, 89, 0, 69, 66, 72, 0, 80, 76, 88, 0, 80, 76, 89, 0, 70, 66, 88, 0, 70, 66, 89, 0, 70, 66, 86, 0, 0, 77, 65, 80, 0, 0, 0, 0, 0, 0, 0, 0, 0, 0, 0, 0, 0, 0, 0, 0, 0]} CURR-REGS {'IP': 1444, 'CS': 272, 'SP': 0, 'SS': 272, 'DS': 256, 'ES': 0}
[run_asm_unicorn.py] RECENT IPS (last 12):
  - 0x1655: c70631063412
  - 0x165b: c606330612
  - 0x1660: 8a260601
  - 0x1664: a00a01
  - 0x1667: 88265106
  - 0x166b: a25006
  - 0x166e: 8a160201
  - 0x1672: 80fa00
  - 0x1675: 7419
  - 0x1677: 80fa01
  - 0x167a: 7428
  - 0x16a4: e81902
[run_asm_unicorn.py] BYTES AROUND PC 0x16a4 (start 0x1694 len 48): bbc6064f06f0e81901c6064f06f9eb05e81902eb007208c606360600e9d100c606360601e9c900a00e018a1e1a0138d8
[run_asm_unicorn.py] STACK AROUND SP 0x1100: 000000000000000000000000000000004d4401494e5806494e5905454e5800454e590045424800504c5800504c5900464258004642590046425600004d415000
[run_asm_unicorn.py] STACK DIFF: no changes in captured stack snapshot
[run_asm_unicorn.py] LIKELY WRITER @ 0x166b: a25006
[run_asm_unicorn.py] BYTES BACKWARD FROM PC start 0x1684 len 64: 746680fa040f84ae00e9f300c6064506bbc6064f06f0e81901c6064f06f9eb05e81902eb007208c606360600e9d100c606360601e9c900a00e018a1e1a0138d8
[run_asm_unicorn.py] BACKWARD DISASM (around 0x16a4):
  0x1684:	je	0x16ec
  0x1686:	cmp	dl, 4
  0x1689:	je	0x173b
  0x168d:	jmp	0x1783
  0x1690:	mov	byte ptr [0x645], 0xbb
[run_asm_unicorn.py] BACKWARD DISASM HINT: possible store at 0x1690 -> mov byte ptr [0x645], 0xbb
  0x1695:	mov	byte ptr [0x64f], 0xf0
[run_asm_unicorn.py] BACKWARD DISASM HINT: possible store at 0x1695 -> mov byte ptr [0x64f], 0xf0
  0x169a:	call	0x17b6
  0x169d:	mov	byte ptr [0x64f], 0xf9
[run_asm_unicorn.py] BACKWARD DISASM HINT: possible store at 0x169d -> mov byte ptr [0x64f], 0xf9
  0x16a2:	jmp	0x16a9
  0x16a4:	call	0x18c0
  0x16a7:	jmp	0x16a9
  0x16a9:	jb	0x16b3
  0x16ab:	mov	byte ptr [0x636], 0
[run_asm_unicorn.py] BACKWARD DISASM HINT: possible store at 0x16ab -> mov byte ptr [0x636], 0
  0x16b0:	jmp	0x1784
  0x16b3:	mov	byte ptr [0x636], 1
[run_asm_unicorn.py] BACKWARD DISASM HINT: possible store at 0x16b3 -> mov byte ptr [0x636], 1
  0x16b8:	jmp	0x1784
  0x16bb:	mov	al, byte ptr [0x10e]
[run_asm_unicorn.py] BACKWARD DISASM HINT: possible store at 0x16bb -> mov al, byte ptr [0x10e]
  0x16be:	mov	bl, byte ptr [0x11a]
[run_asm_unicorn.py] BACKWARD DISASM HINT: possible store at 0x16be -> mov bl, byte ptr [0x11a]
  0x16c2:	cmp	al, bl
[run_asm_unicorn.py] RETURN-WRITE HIT COUNT for 0x110fe = 1
[run_asm_unicorn.py] call_targets_seen = [(6336, {'AX': 1541, 'BX': 0, 'CX': 0, 'DX': 1, 'SI': 0, 'DI': 0, 'BP': 0, 'SP': 0, 'SS': 272, 'DS': 256, 'ES': 0, 'stack': [77, 68, 1, 73, 78, 88, 6, 73, 78, 89, 5, 69, 78, 88, 0, 69, 78, 89, 0, 69, 66, 72, 0, 80, 76, 88, 0, 80, 76, 89, 0, 70, 66, 88, 0, 70, 66, 89, 0, 70, 66, 86, 0, 0, 77, 65, 80, 0, 0, 0, 0, 0, 0, 0, 0, 0, 0, 0, 0, 0, 0, 0, 0, 0]})]
[run_asm_unicorn.py] Running isolated emulation at target 0x18c0 with PRE-REGS {'AX': 1541, 'BX': 0, 'CX': 0, 'DX': 1, 'SI': 0, 'DI': 0, 'BP': 0, 'SP': 0, 'SS': 272, 'DS': 256, 'ES': 0, 'stack': [77, 68, 1, 73, 78, 88, 6, 73, 78, 89, 5, 69, 78, 88, 0, 69, 78, 89, 0, 69, 66, 72, 0, 80, 76, 88, 0, 80, 76, 89, 0, 70, 66, 88, 0, 70, 66, 89, 0, 70, 66, 86, 0, 0, 77, 65, 80, 0, 0, 0, 0, 0, 0, 0, 0, 0, 0, 0, 0, 0, 0, 0, 0, 0]}
[run_asm_unicorn.py] restored 64 stack bytes and fake return IP into isolated emulator at 0x1300 / return at 0x12fe
[run_asm_unicorn.py][isolated] exec @ 0x18c0 bytes: 50
[run_asm_unicorn.py][isolated] exec @ 0x18c1 bytes: 53
[run_asm_unicorn.py][isolated] exec @ 0x18c2 bytes: 51
[run_asm_unicorn.py][isolated] exec @ 0x18c3 bytes: 52
[run_asm_unicorn.py][isolated] exec @ 0x18c4 bytes: c606450621
[run_asm_unicorn.py][isolated] mov byte [imm16],imm8 at 0x645 (linear 0x1645) -> 0x21
[run_asm_unicorn.py][isolated][DBG] MEMWRITE SEQ=1 @ 0x1645 offset 0 val 0x21 pc 0x18c4
[run_asm_unicorn.py][isolated] exec @ 0x18c9 bytes: b021
[run_asm_unicorn.py][isolated] exec @ 0x18cb bytes: a23306
[run_asm_unicorn.py][isolated] mov [imm],al at 0x633 (linear 0x1633) AL=33
[run_asm_unicorn.py][isolated] exec @ 0x18ce bytes: 89c1
[run_asm_unicorn.py][isolated] exec @ 0x18d0 bytes: 88e3
[run_asm_unicorn.py][isolated] exec @ 0x18d2 bytes: 30ff
[run_asm_unicorn.py][isolated] exec @ 0x18d4 bytes: 30e4
[run_asm_unicorn.py][isolated] exec @ 0x18d6 bytes: d1eb
[run_asm_unicorn.py][isolated] exec @ 0x18d8 bytes: d1e8
[run_asm_unicorn.py][isolated] exec @ 0x18da bytes: 89de
[run_asm_unicorn.py][isolated] exec @ 0x18dc bytes: 89c7
[run_asm_unicorn.py][isolated] exec @ 0x18de bytes: f6c501
[run_asm_unicorn.py][isolated] exec @ 0x18e1 bytes: 7401
[run_asm_unicorn.py][isolated] exec @ 0x18e4 bytes: f6c101
[run_asm_unicorn.py][isolated] exec @ 0x18e7 bytes: 7401
[run_asm_unicorn.py][isolated] exec @ 0x18e9 bytes: 47
[run_asm_unicorn.py][isolated] exec @ 0x18ea bytes: 89c1
[run_asm_unicorn.py][isolated] exec @ 0x18ec bytes: c6064f0651
[run_asm_unicorn.py][isolated] mov byte [imm16],imm8 at 0x64f (linear 0x164f) -> 0x51
[run_asm_unicorn.py][isolated][DBG] MEMWRITE SEQ=2 @ 0x164f offset 10 val 0x51 pc 0x18ec
[run_asm_unicorn.py][isolated] exec @ 0x18f1 bytes: 89ca
[run_asm_unicorn.py][isolated] exec @ 0x18f3 bytes: d1e2
[run_asm_unicorn.py][isolated] exec @ 0x18f5 bytes: d1e2
[run_asm_unicorn.py][isolated] exec @ 0x18f7 bytes: d1e2
[run_asm_unicorn.py][isolated] exec @ 0x18f9 bytes: d1e2
[run_asm_unicorn.py][isolated] exec @ 0x18fb bytes: d1e2
[run_asm_unicorn.py][isolated] exec @ 0x18fd bytes: d1e2
[run_asm_unicorn.py][isolated] exec @ 0x18ff bytes: d1e2
[run_asm_unicorn.py][isolated] exec @ 0x1901 bytes: 89dd
[run_asm_unicorn.py][isolated] exec @ 0x1903 bytes: c6064f0661
[run_asm_unicorn.py][isolated] mov byte [imm16],imm8 at 0x64f (linear 0x164f) -> 0x61
[run_asm_unicorn.py][isolated][DBG] MEMWRITE SEQ=3 @ 0x164f offset 10 val 0x61 pc 0x1903
[run_asm_unicorn.py][isolated] exec @ 0x1908 bytes: 89d0
[run_asm_unicorn.py][isolated] exec @ 0x190a bytes: 01e8
[run_asm_unicorn.py][isolated] exec @ 0x190c bytes: bb2f01
[run_asm_unicorn.py][isolated] exec @ 0x190f bytes: 01c3
[run_asm_unicorn.py][isolated] exec @ 0x1911 bytes: c6064e0620
[run_asm_unicorn.py][isolated] mov byte [imm16],imm8 at 0x64e (linear 0x164e) -> 0x20
[run_asm_unicorn.py][isolated][DBG] MEMWRITE SEQ=4 @ 0x164e offset 9 val 0x20 pc 0x1911
[run_asm_unicorn.py][isolated] exec @ 0x1916 bytes: 8a07
[run_asm_unicorn.py][isolated] exec @ 0x1918 bytes: a24a06
[run_asm_unicorn.py][isolated] mov [imm],al at 0x64a (linear 0x164a) AL=198
[run_asm_unicorn.py][isolated][DBG] MEMWRITE SEQ=5 @ 0x164a offset 5 val 0xc6 pc 0x1918
[run_asm_unicorn.py][isolated] exec @ 0x191b bytes: b044
[run_asm_unicorn.py][isolated] exec @ 0x191d bytes: a23306
[run_asm_unicorn.py][isolated] mov [imm],al at 0x633 (linear 0x1633) AL=68
[run_asm_unicorn.py][isolated] exec @ 0x1920 bytes: 8a0e2b01
[run_asm_unicorn.py][isolated] exec @ 0x1924 bytes: 38c8
[run_asm_unicorn.py][isolated] exec @ 0x1926 bytes: 7f12
[run_asm_unicorn.py][isolated] exec @ 0x193a bytes: c6064e0699
[run_asm_unicorn.py][isolated] mov byte [imm16],imm8 at 0x64e (linear 0x164e) -> 0x99
[run_asm_unicorn.py][isolated][DBG] MEMWRITE SEQ=6 @ 0x164e offset 9 val 0x99 pc 0x193a
[run_asm_unicorn.py][isolated] exec @ 0x193f bytes: f9
[run_asm_unicorn.py][isolated] exec @ 0x1940 bytes: eb00
[run_asm_unicorn.py][isolated] exec @ 0x1942 bytes: 5a
[run_asm_unicorn.py][isolated] exec @ 0x1943 bytes: 59
[run_asm_unicorn.py][isolated] exec @ 0x1944 bytes: 5b
[run_asm_unicorn.py][isolated] exec @ 0x1945 bytes: 58
[run_asm_unicorn.py][isolated] exec @ 0x1946 bytes: c3
[run_asm_unicorn.py][isolated] exec @ 0x1100 bytes: 4d
[run_asm_unicorn.py][isolated] exec @ 0x1101 bytes: 44
[run_asm_unicorn.py][isolated] exec @ 0x1102 bytes: 01494e
[run_asm_unicorn.py][isolated] exec @ 0x1105 bytes: 58
[run_asm_unicorn.py][isolated] exec @ 0x1106 bytes: 06
[run_asm_unicorn.py][isolated] exec @ 0x1107 bytes: 49
[run_asm_unicorn.py][isolated] exec @ 0x1108 bytes: 4e
[run_asm_unicorn.py][isolated] exec @ 0x1109 bytes: 59
[run_asm_unicorn.py][isolated] exec @ 0x110a bytes: 05454e
[run_asm_unicorn.py][isolated] exec @ 0x110d bytes: 58
[run_asm_unicorn.py][isolated] exec @ 0x110e bytes: 00454e
[run_asm_unicorn.py][isolated] exec @ 0x1111 bytes: 59
[run_asm_unicorn.py][isolated] exec @ 0x1112 bytes: 004542
[run_asm_unicorn.py][isolated] exec @ 0x1115 bytes: 48
[run_asm_unicorn.py][isolated] exec @ 0x1116 bytes: 00504c
[run_asm_unicorn.py][isolated] exec @ 0x1119 bytes: 58
[run_asm_unicorn.py][isolated] exec @ 0x111a bytes: 00504c
[run_asm_unicorn.py][isolated] exec @ 0x111d bytes: 59
[run_asm_unicorn.py][isolated] exec @ 0x111e bytes: 004642
[run_asm_unicorn.py][isolated] exec @ 0x111e bytes: 004642
[run_asm_unicorn.py][isolated] exec @ 0x1121 bytes: 58
[run_asm_unicorn.py][isolated] exec @ 0x1122 bytes: 004642
[run_asm_unicorn.py][isolated] exec @ 0x1122 bytes: 004642
[run_asm_unicorn.py][isolated] exec @ 0x1125 bytes: 59
[run_asm_unicorn.py][isolated] exec @ 0x1126 bytes: 004642
[run_asm_unicorn.py][isolated] exec @ 0x1126 bytes: 004642
[run_asm_unicorn.py][isolated] exec @ 0x1129 bytes: 56
[run_asm_unicorn.py][isolated] exec @ 0x112a bytes: 0000
[run_asm_unicorn.py][isolated] exec @ 0x112c bytes: 4d
[run_asm_unicorn.py][isolated] exec @ 0x112d bytes: 41
[run_asm_unicorn.py][isolated] exec @ 0x112e bytes: 50
[run_asm_unicorn.py][isolated] exec @ 0x112f bytes: 0000
[run_asm_unicorn.py][isolated] exec @ 0x1131 bytes: 0000
[run_asm_unicorn.py][isolated] exec @ 0x1133 bytes: 0000
[run_asm_unicorn.py][isolated] exec @ 0x1135 bytes: 0000
[run_asm_unicorn.py][isolated] exec @ 0x1137 bytes: 0000
[run_asm_unicorn.py][isolated] exec @ 0x1139 bytes: 0000
[run_asm_unicorn.py][isolated] exec @ 0x113b bytes: 0000
[run_asm_unicorn.py][isolated] exec @ 0x113d bytes: 0000
[run_asm_unicorn.py][isolated] exec @ 0x113f bytes: 0000
[run_asm_unicorn.py][isolated] exec @ 0x1141 bytes: 0000
[run_asm_unicorn.py][isolated] exec @ 0x1143 bytes: 00d3
[run_asm_unicorn.py][isolated] exec @ 0x1145 bytes: 0000
[run_asm_unicorn.py][isolated] exec @ 0x1147 bytes: 0000
[run_asm_unicorn.py][isolated] exec @ 0x1149 bytes: 0000
[run_asm_unicorn.py][isolated] exec @ 0x114b bytes: 0000
[run_asm_unicorn.py][isolated] exec @ 0x114d bytes: 0000
[run_asm_unicorn.py][isolated] exec @ 0x114f bytes: 0000
[run_asm_unicorn.py][isolated] exec @ 0x1151 bytes: 0000
[run_asm_unicorn.py][isolated] exec @ 0x1153 bytes: 0000
[run_asm_unicorn.py][isolated] exec @ 0x1155 bytes: 0000
[run_asm_unicorn.py][isolated] exec @ 0x1157 bytes: 0000
[run_asm_unicorn.py][isolated] exec @ 0x1159 bytes: 0000
[run_asm_unicorn.py][isolated] exec @ 0x115b bytes: 0000
[run_asm_unicorn.py][isolated] exec @ 0x115d bytes: 0000
[run_asm_unicorn.py][isolated] exec @ 0x115f bytes: 0000
[run_asm_unicorn.py][isolated] exec @ 0x1161 bytes: 0000
[run_asm_unicorn.py][isolated] exec @ 0x1163 bytes: 0000
[run_asm_unicorn.py][isolated] exec @ 0x1165 bytes: 0000
[run_asm_unicorn.py][isolated] exec @ 0x1167 bytes: 0000
[run_asm_unicorn.py][isolated] exec @ 0x1169 bytes: 0000
[run_asm_unicorn.py][isolated] exec @ 0x116b bytes: 0000
[run_asm_unicorn.py][isolated] exec @ 0x116d bytes: 0000
[run_asm_unicorn.py][isolated] exec @ 0x116f bytes: 0000
[run_asm_unicorn.py][isolated] exec @ 0x1171 bytes: 0000
[run_asm_unicorn.py][isolated] exec @ 0x1173 bytes: 0000
[run_asm_unicorn.py][isolated] exec @ 0x1175 bytes: 0000
[run_asm_unicorn.py][isolated] exec @ 0x1177 bytes: 0000
[run_asm_unicorn.py][isolated] exec @ 0x1179 bytes: 0000
[run_asm_unicorn.py][isolated] exec @ 0x117b bytes: 0000
[run_asm_unicorn.py][isolated] exec @ 0x117d bytes: 0000
[run_asm_unicorn.py][isolated] exec @ 0x117f bytes: 0000
[run_asm_unicorn.py][isolated] exec @ 0x1181 bytes: 0000
[run_asm_unicorn.py][isolated] exec @ 0x1183 bytes: 0000
[run_asm_unicorn.py][isolated] exec @ 0x1185 bytes: 0000
[run_asm_unicorn.py][isolated] exec @ 0x1187 bytes: 0000
[run_asm_unicorn.py][isolated] exec @ 0x1189 bytes: 0000
[run_asm_unicorn.py][isolated] exec @ 0x118b bytes: 0000
[run_asm_unicorn.py][isolated] exec @ 0x118d bytes: 0000
[run_asm_unicorn.py][isolated] exec @ 0x118f bytes: 0000
[run_asm_unicorn.py][isolated] exec @ 0x1191 bytes: 0000
[run_asm_unicorn.py][isolated] exec @ 0x1193 bytes: 0000
[run_asm_unicorn.py][isolated] exec @ 0x1195 bytes: 0000
[run_asm_unicorn.py][isolated] exec @ 0x1197 bytes: 0000
[run_asm_unicorn.py][isolated] exec @ 0x1199 bytes: 0000
[run_asm_unicorn.py][isolated] exec @ 0x119b bytes: 0000
[run_asm_unicorn.py][isolated] exec @ 0x119d bytes: 0000
[run_asm_unicorn.py][isolated] exec @ 0x119f bytes: 0000
[run_asm_unicorn.py][isolated] exec @ 0x11a1 bytes: 0000
[run_asm_unicorn.py][isolated] exec @ 0x11a3 bytes: 0000
[run_asm_unicorn.py][isolated] exec @ 0x11a5 bytes: 0000
[run_asm_unicorn.py][isolated] exec @ 0x11a7 bytes: 0000
[run_asm_unicorn.py][isolated] exec @ 0x11a9 bytes: 0000
[run_asm_unicorn.py][isolated] exec @ 0x11ab bytes: 0000
[run_asm_unicorn.py][isolated] exec @ 0x11ad bytes: 0000
[run_asm_unicorn.py][isolated] exec @ 0x11af bytes: 0000
[run_asm_unicorn.py][isolated] exec @ 0x11b1 bytes: 0000
[run_asm_unicorn.py][isolated] exec @ 0x11b3 bytes: 0000
[run_asm_unicorn.py][isolated] exec @ 0x11b5 bytes: 0000
[run_asm_unicorn.py][isolated] exec @ 0x11b7 bytes: 0000
[run_asm_unicorn.py][isolated] exec @ 0x11b9 bytes: 0000
[run_asm_unicorn.py][isolated] exec @ 0x11bb bytes: 0000
[run_asm_unicorn.py][isolated] exec @ 0x11bd bytes: 0000
[run_asm_unicorn.py][isolated] exec @ 0x11bf bytes: 0000
[run_asm_unicorn.py][isolated] exec @ 0x11c1 bytes: 0000
[run_asm_unicorn.py][isolated] exec @ 0x11c3 bytes: 0000
[run_asm_unicorn.py][isolated] exec @ 0x11c5 bytes: 0000
[run_asm_unicorn.py][isolated] exec @ 0x11c7 bytes: 0000
[run_asm_unicorn.py][isolated] exec @ 0x11c9 bytes: 0000
[run_asm_unicorn.py][isolated] exec @ 0x11cb bytes: 0000
[run_asm_unicorn.py][isolated] exec @ 0x11cd bytes: 0000
[run_asm_unicorn.py][isolated] exec @ 0x11cf bytes: 0000
[run_asm_unicorn.py][isolated] exec @ 0x11d1 bytes: 0000
[run_asm_unicorn.py][isolated] exec @ 0x11d3 bytes: 0000
[run_asm_unicorn.py][isolated] exec @ 0x11d5 bytes: 0000
[run_asm_unicorn.py][isolated] exec @ 0x11d7 bytes: 0000
[run_asm_unicorn.py][isolated] exec @ 0x11d9 bytes: 0000
[run_asm_unicorn.py][isolated] exec @ 0x11db bytes: 0000
[run_asm_unicorn.py][isolated] exec @ 0x11dd bytes: 0000
[run_asm_unicorn.py][isolated] exec @ 0x11df bytes: 0000
[run_asm_unicorn.py][isolated] exec @ 0x11e1 bytes: 0000
[run_asm_unicorn.py][isolated] exec @ 0x11e3 bytes: 0000
[run_asm_unicorn.py][isolated] exec @ 0x11e5 bytes: 0000
[run_asm_unicorn.py][isolated] exec @ 0x11e7 bytes: 0000
[run_asm_unicorn.py][isolated] exec @ 0x11e9 bytes: 0000
[run_asm_unicorn.py][isolated] exec @ 0x11eb bytes: 0000
[run_asm_unicorn.py][isolated] exec @ 0x11ed bytes: 0000
[run_asm_unicorn.py][isolated] exec @ 0x11ef bytes: 0000
[run_asm_unicorn.py][isolated] exec @ 0x11f1 bytes: 0000
[run_asm_unicorn.py][isolated] exec @ 0x11f3 bytes: 0000
[run_asm_unicorn.py][isolated] exec @ 0x11f5 bytes: 0000
[run_asm_unicorn.py][isolated] exec @ 0x11f7 bytes: 0000
[run_asm_unicorn.py][isolated] exec @ 0x11f9 bytes: 0000
[run_asm_unicorn.py][isolated] exec @ 0x11fb bytes: 0000
[run_asm_unicorn.py][isolated] exec @ 0x11fd bytes: 0000
[run_asm_unicorn.py][isolated] exec @ 0x11ff bytes: 0000
[run_asm_unicorn.py][isolated] exec @ 0x1201 bytes: 0000
[run_asm_unicorn.py][isolated] exec @ 0x1203 bytes: 0000
[run_asm_unicorn.py][isolated] exec @ 0x1205 bytes: 0000
[run_asm_unicorn.py][isolated] exec @ 0x1207 bytes: 0000
[run_asm_unicorn.py][isolated] exec @ 0x1209 bytes: 0000
[run_asm_unicorn.py][isolated] exec @ 0x120b bytes: 0000
[run_asm_unicorn.py][isolated] exec @ 0x120d bytes: 0000
[run_asm_unicorn.py][isolated] exec @ 0x120f bytes: 0000
[run_asm_unicorn.py][isolated] exec @ 0x1211 bytes: 0000
[run_asm_unicorn.py][isolated] exec @ 0x1213 bytes: 0000
[run_asm_unicorn.py][isolated] exec @ 0x1215 bytes: 0000
[run_asm_unicorn.py][isolated] exec @ 0x1217 bytes: 0000
[run_asm_unicorn.py][isolated] exec @ 0x1219 bytes: 0000
[run_asm_unicorn.py][isolated] exec @ 0x121b bytes: 0000
[run_asm_unicorn.py][isolated] exec @ 0x121d bytes: 0000
[run_asm_unicorn.py][isolated] exec @ 0x121f bytes: 0000
[run_asm_unicorn.py][isolated] exec @ 0x1221 bytes: 0000
[run_asm_unicorn.py][isolated] exec @ 0x1223 bytes: 0000
[run_asm_unicorn.py][isolated] exec @ 0x1225 bytes: 0000
[run_asm_unicorn.py][isolated] exec @ 0x1227 bytes: 0000
[run_asm_unicorn.py][isolated] exec @ 0x1229 bytes: 0000
[run_asm_unicorn.py][isolated] exec @ 0x122b bytes: 0000
[run_asm_unicorn.py][isolated] exec @ 0x122d bytes: 0000
[run_asm_unicorn.py][isolated] exec @ 0x122f bytes: 0000
[run_asm_unicorn.py][isolated] exec @ 0x1231 bytes: 0000
[run_asm_unicorn.py][isolated] exec @ 0x1233 bytes: 0000
[run_asm_unicorn.py][isolated] exec @ 0x1235 bytes: 0000
[run_asm_unicorn.py][isolated] exec @ 0x1237 bytes: 0000
[run_asm_unicorn.py][isolated] exec @ 0x1239 bytes: 0000
[run_asm_unicorn.py][isolated] exec @ 0x123b bytes: 0000
[run_asm_unicorn.py][isolated] exec @ 0x123d bytes: 0000
[run_asm_unicorn.py][isolated] exec @ 0x123f bytes: 0000
[run_asm_unicorn.py][isolated] exec @ 0x1241 bytes: 0000
[run_asm_unicorn.py][isolated] exec @ 0x1243 bytes: 0000
[run_asm_unicorn.py][isolated] exec @ 0x1245 bytes: 0000
[run_asm_unicorn.py][isolated] exec @ 0x1247 bytes: 0000
[run_asm_unicorn.py][isolated] exec @ 0x1249 bytes: 0000
[run_asm_unicorn.py][isolated] exec @ 0x124b bytes: 0000
[run_asm_unicorn.py][isolated] exec @ 0x124d bytes: 0000
[run_asm_unicorn.py][isolated] exec @ 0x124f bytes: 0000
[run_asm_unicorn.py][isolated] exec @ 0x1251 bytes: 0000
[run_asm_unicorn.py][isolated] exec @ 0x1253 bytes: 0000
[run_asm_unicorn.py][isolated] exec @ 0x1255 bytes: 0000
[run_asm_unicorn.py][isolated] exec @ 0x1257 bytes: 0000
[run_asm_unicorn.py][isolated] exec @ 0x1259 bytes: 0000
[run_asm_unicorn.py][isolated] exec @ 0x125b bytes: 0000
[run_asm_unicorn.py][isolated] exec @ 0x125d bytes: 0000
[run_asm_unicorn.py][isolated] exec @ 0x125f bytes: 0000
[run_asm_unicorn.py][isolated] exec @ 0x1261 bytes: 0000
[run_asm_unicorn.py][isolated] exec @ 0x1263 bytes: 0000
[run_asm_unicorn.py][isolated] exec @ 0x1265 bytes: 0000
[run_asm_unicorn.py][isolated] exec @ 0x1267 bytes: 0000
[run_asm_unicorn.py][isolated] exec @ 0x1269 bytes: 0000
[run_asm_unicorn.py][isolated] exec @ 0x126b bytes: 0000
[run_asm_unicorn.py][isolated] exec @ 0x126d bytes: 0000
[run_asm_unicorn.py][isolated] exec @ 0x126f bytes: 0000
[run_asm_unicorn.py][isolated] exec @ 0x1271 bytes: 0000
[run_asm_unicorn.py][isolated] exec @ 0x1273 bytes: 0000
[run_asm_unicorn.py][isolated] exec @ 0x1275 bytes: 0000
[run_asm_unicorn.py][isolated] exec @ 0x1277 bytes: 0000
[run_asm_unicorn.py][isolated] exec @ 0x1279 bytes: 0000
[run_asm_unicorn.py][isolated] exec @ 0x127b bytes: 0000
[run_asm_unicorn.py][isolated] exec @ 0x127d bytes: 0000
[run_asm_unicorn.py][isolated] exec @ 0x127f bytes: 0000
[run_asm_unicorn.py][isolated] exec @ 0x1281 bytes: 0000
[run_asm_unicorn.py][isolated] exec @ 0x1283 bytes: 0000
[run_asm_unicorn.py][isolated] exec @ 0x1285 bytes: 0000
[run_asm_unicorn.py][isolated] exec @ 0x1287 bytes: 0000
[run_asm_unicorn.py][isolated] exec @ 0x1289 bytes: 0000
[run_asm_unicorn.py][isolated] exec @ 0x128b bytes: 0000
[run_asm_unicorn.py][isolated] exec @ 0x128d bytes: 0000
[run_asm_unicorn.py][isolated] exec @ 0x128f bytes: 0000
[run_asm_unicorn.py][isolated] exec @ 0x1291 bytes: 0000
[run_asm_unicorn.py][isolated] exec @ 0x1293 bytes: 0000
[run_asm_unicorn.py][isolated] exec @ 0x1295 bytes: 0000
[run_asm_unicorn.py][isolated] exec @ 0x1297 bytes: 0000
[run_asm_unicorn.py][isolated] exec @ 0x1299 bytes: 0000
[run_asm_unicorn.py][isolated] exec @ 0x129b bytes: 0000
[run_asm_unicorn.py][isolated] exec @ 0x129d bytes: 0000
[run_asm_unicorn.py][isolated] exec @ 0x129f bytes: 0000
[run_asm_unicorn.py][isolated] exec @ 0x12a1 bytes: 0000
[run_asm_unicorn.py][isolated] exec @ 0x12a3 bytes: 0000
[run_asm_unicorn.py][isolated] exec @ 0x12a5 bytes: 0000
[run_asm_unicorn.py][isolated] exec @ 0x12a7 bytes: 0000
[run_asm_unicorn.py][isolated] exec @ 0x12a9 bytes: 0000
[run_asm_unicorn.py][isolated] exec @ 0x12ab bytes: 0000
[run_asm_unicorn.py][isolated] exec @ 0x12ad bytes: 0000
[run_asm_unicorn.py][isolated] exec @ 0x12af bytes: 0000
[run_asm_unicorn.py][isolated] exec @ 0x12b1 bytes: 0000
[run_asm_unicorn.py][isolated] exec @ 0x12b3 bytes: 0000
[run_asm_unicorn.py][isolated] exec @ 0x12b5 bytes: 0000
[run_asm_unicorn.py][isolated] exec @ 0x12b7 bytes: 0000
[run_asm_unicorn.py][isolated] exec @ 0x12b9 bytes: 0000
[run_asm_unicorn.py][isolated] exec @ 0x12bb bytes: 0000
[run_asm_unicorn.py][isolated] exec @ 0x12bd bytes: 0000
[run_asm_unicorn.py][isolated] exec @ 0x12bf bytes: 0000
[run_asm_unicorn.py][isolated] exec @ 0x12c1 bytes: 0000
[run_asm_unicorn.py][isolated] exec @ 0x12c3 bytes: 0000
[run_asm_unicorn.py][isolated] exec @ 0x12c5 bytes: 0000
[run_asm_unicorn.py][isolated] exec @ 0x12c7 bytes: 0000
[run_asm_unicorn.py][isolated] exec @ 0x12c9 bytes: 0000
[run_asm_unicorn.py][isolated] exec @ 0x12cb bytes: 0000
[run_asm_unicorn.py][isolated] exec @ 0x12cd bytes: 0000
[run_asm_unicorn.py][isolated] exec @ 0x12cf bytes: 0000
[run_asm_unicorn.py][isolated] exec @ 0x12d1 bytes: 0000
[run_asm_unicorn.py][isolated] exec @ 0x12d3 bytes: 0000
[run_asm_unicorn.py][isolated] exec @ 0x12d5 bytes: 0000
[run_asm_unicorn.py][isolated] exec @ 0x12d7 bytes: 0000
[run_asm_unicorn.py][isolated] exec @ 0x12d9 bytes: 0000
[run_asm_unicorn.py][isolated] exec @ 0x12db bytes: 0000
[run_asm_unicorn.py][isolated] exec @ 0x12dd bytes: 0000
[run_asm_unicorn.py][isolated] exec @ 0x12df bytes: 0000
[run_asm_unicorn.py][isolated] exec @ 0x12e1 bytes: 0000
[run_asm_unicorn.py][isolated] exec @ 0x12e3 bytes: 0000
[run_asm_unicorn.py][isolated] exec @ 0x12e5 bytes: 0000
[run_asm_unicorn.py][isolated] exec @ 0x12e7 bytes: 0000
[run_asm_unicorn.py][isolated] exec @ 0x12e9 bytes: 0000
[run_asm_unicorn.py][isolated] exec @ 0x12eb bytes: 0000
[run_asm_unicorn.py][isolated] exec @ 0x12ed bytes: 0000
[run_asm_unicorn.py][isolated] exec @ 0x12ef bytes: 0000
[run_asm_unicorn.py][isolated] exec @ 0x12f1 bytes: 0000
[run_asm_unicorn.py][isolated] exec @ 0x12f3 bytes: 0000
[run_asm_unicorn.py][isolated] exec @ 0x12f5 bytes: 0001
[run_asm_unicorn.py][isolated] exec @ 0x12f7 bytes: 0000
[run_asm_unicorn.py][isolated] exec @ 0x12f9 bytes: 0000
[run_asm_unicorn.py][isolated] exec @ 0x12fb bytes: 0005
[run_asm_unicorn.py][isolated] exec @ 0x12fd bytes: 06
[run_asm_unicorn.py][isolated] exec @ 0x12fd bytes: 06
[run_asm_unicorn.py][isolated] exec @ 0x12fe bytes: 0000
[run_asm_unicorn.py][isolated] exec @ 0x1300 bytes: 4d
[run_asm_unicorn.py][isolated] exec @ 0x1301 bytes: 0000
[run_asm_unicorn.py][isolated] exec @ 0x1303 bytes: 49
[run_asm_unicorn.py][isolated] exec @ 0x1304 bytes: 4e
[run_asm_unicorn.py][isolated] exec @ 0x1305 bytes: 58
[run_asm_unicorn.py][isolated] exec @ 0x1306 bytes: 06
[run_asm_unicorn.py][isolated] exec @ 0x1306 bytes: 06
[run_asm_unicorn.py][isolated] exec @ 0x1307 bytes: 49
[run_asm_unicorn.py][isolated] exec @ 0x1308 bytes: 4e
[run_asm_unicorn.py][isolated] exec @ 0x1309 bytes: 0000
[run_asm_unicorn.py][isolated] exec @ 0x130b bytes: 45
[run_asm_unicorn.py][isolated] exec @ 0x130c bytes: 4e
[run_asm_unicorn.py][isolated] exec @ 0x130d bytes: 0200
[run_asm_unicorn.py][isolated] exec @ 0x130f bytes: 45
[run_asm_unicorn.py][isolated] exec @ 0x1310 bytes: 4e
[run_asm_unicorn.py][isolated] exec @ 0x1311 bytes: 59
[run_asm_unicorn.py][isolated] exec @ 0x1312 bytes: 004542
[run_asm_unicorn.py][isolated] exec @ 0x1315 bytes: 48
[run_asm_unicorn.py][isolated] exec @ 0x1316 bytes: 00504c
[run_asm_unicorn.py][isolated] exec @ 0x1319 bytes: 58
[run_asm_unicorn.py][isolated] exec @ 0x131a bytes: 00504c
[run_asm_unicorn.py][isolated] exec @ 0x131d bytes: 59
[run_asm_unicorn.py][isolated] exec @ 0x131e bytes: 004642
[run_asm_unicorn.py][isolated] exec @ 0x1321 bytes: 58
[run_asm_unicorn.py][isolated] exec @ 0x1322 bytes: 004642
[run_asm_unicorn.py][isolated] exec @ 0x1325 bytes: 59
[run_asm_unicorn.py][isolated] exec @ 0x1326 bytes: 004642
[run_asm_unicorn.py][isolated] exec @ 0x1329 bytes: 56
[run_asm_unicorn.py][isolated] exec @ 0x1329 bytes: 56
[run_asm_unicorn.py][isolated] exec @ 0x132a bytes: 0000
[run_asm_unicorn.py] isolated DBG @ 0x1645 = [33, 0, 0, 0, 0, 198, 0, 0, 0, 153, 97, 0, 0, 0, 83, 84, 199, 6, 49, 6]
[run_asm_unicorn.py] isolated RECENT DBG WRITES (most recent first):
  - SEQ=6 OFF=9 ADDR=0x164e SIZE=1 VAL=99 PC=0x193a
  - SEQ=5 OFF=5 ADDR=0x164a SIZE=1 VAL=c6 PC=0x1918
  - SEQ=4 OFF=9 ADDR=0x164e SIZE=1 VAL=20 PC=0x1911
  - SEQ=3 OFF=10 ADDR=0x164f SIZE=1 VAL=61 PC=0x1903
  - SEQ=2 OFF=10 ADDR=0x164f SIZE=1 VAL=51 PC=0x18ec
  - SEQ=1 OFF=0 ADDR=0x1645 SIZE=1 VAL=21 PC=0x18c4
[run_asm_unicorn.py] isolated LAST DBG WRITES (per-offset):
  - offset 0: SEQ=1 VAL=21 PC=0x18c4
  - offset 5: SEQ=5 VAL=c6 PC=0x1918
  - offset 9: SEQ=6 VAL=99 PC=0x193a
  - offset 10: SEQ=3 VAL=61 PC=0x1903
bytearray(b'RS\x00RNE')
0
