[run_asm_unicorn.py] ARGV: ['src/tests/asm/run_asm_unicorn.py', '1', '--x', '64', '--y', '50']
[run_asm_unicorn.py] patching marker b'MD' at 0 -> value 1
[run_asm_unicorn.py] converting INX from 64 (pixels) -> 8 (asm units: tile=4, span=0)
[run_asm_unicorn.py] patching marker b'INX' at 3 -> value 8
[run_asm_unicorn.py] converting INY from 50 (pixels) -> 7 (asm units: tile=3, span=1)
[run_asm_unicorn.py] patching marker b'INY' at 7 -> value 7
[run_asm_unicorn.py] regs IP=0x1100 EIP=0x1100 CS=0x110 DS=0x100 SS=0x110 entry_linear=0x1100 entry_seg=0x110 entry_ip=0x0 data_seg=0x100
[run_asm_unicorn.py] added DBG mem-write hook for 0x1645-0x1684
[run_asm_unicorn.py] added DBG mem-read hook for 0x1645-0x1684
[run_asm_unicorn.py] added MAP mem-read hook for 0x112f-0x192e
[run_asm_unicorn.py] added MAP mem-write hook for 0x112f-0x192e
[run_asm_unicorn.py] exec @ 0x1655 opcode_bytes: c70631063412
[run_asm_unicorn.py] exec @ 0x165b opcode_bytes: c606330612
[run_asm_unicorn.py] exec @ 0x1660 opcode_bytes: 8a260601
[run_asm_unicorn.py] exec @ 0x1664 opcode_bytes: a00a01
[run_asm_unicorn.py] exec @ 0x1667 opcode_bytes: 88265106
[run_asm_unicorn.py] exec @ 0x166b opcode_bytes: a25006
[run_asm_unicorn.py] exec @ 0x166e opcode_bytes: 8a160201
[run_asm_unicorn.py] exec @ 0x1672 opcode_bytes: 80fa00
[run_asm_unicorn.py] exec @ 0x1675 opcode_bytes: 7419
[run_asm_unicorn.py] exec @ 0x1677 opcode_bytes: 80fa01
[run_asm_unicorn.py] exec @ 0x167a opcode_bytes: 7428
[run_asm_unicorn.py] exec @ 0x16a4 opcode_bytes: e81902
[run_asm_unicorn.py] call at 0x16a4 -> target 0x18c0; PRE-REGS: {'AX': 2055, 'BX': 0, 'CX': 0, 'DX': 1, 'SI': 0, 'DI': 0, 'BP': 0, 'SP': 0, 'SS': 272, 'DS': 256, 'ES': 0, 'stack': [77, 68, 1, 73, 78, 88, 8, 73, 78, 89, 7, 69, 78, 88, 0, 69, 78, 89, 0, 69, 66, 72, 0, 80, 76, 88, 0, 80, 76, 89, 0, 70, 66, 88, 0, 70, 66, 89, 0, 70, 66, 86, 0, 0, 77, 65, 80, 0, 0, 0, 0, 0, 0, 0, 0, 0, 0, 0, 0, 0, 0, 0, 0, 0]}
[run_asm_unicorn.py] call-target bytes @ 0x18c0: 50535152c606450621b021a2330689c1
[run_asm_unicorn.py] installed RETURN-WRITE/READ watch at 0x110fe / 0x110ff for CALL 0x16a4 -> 0x18c0
[run_asm_unicorn.py] RETURN-WRITE @ 0x110fe size 2 val 1447 call_site 0x16a4 target 0x18c0 PRE-REGS {'AX': 2055, 'BX': 0, 'CX': 0, 'DX': 1, 'SI': 0, 'DI': 0, 'BP': 0, 'SP': 0, 'SS': 272, 'DS': 256, 'ES': 0, 'stack': [77, 68, 1, 73, 78, 88, 8, 73, 78, 89, 7, 69, 78, 88, 0, 69, 78, 89, 0, 69, 66, 72, 0, 80, 76, 88, 0, 80, 76, 89, 0, 70, 66, 88, 0, 70, 66, 89, 0, 70, 66, 86, 0, 0, 77, 65, 80, 0, 0, 0, 0, 0, 0, 0, 0, 0, 0, 0, 0, 0, 0, 0, 0, 0]} CURR-REGS {'IP': 1444, 'CS': 272, 'SP': 0, 'SS': 272, 'DS': 256, 'ES': 0}
[run_asm_unicorn.py] RECENT IPS (last 12):
  - 0x1655: c70631063412
  - 0x165b: c606330612
  - 0x1660: 8a260601
  - 0x1664: a00a01
  - 0x1667: 88265106
  - 0x166b: a25006
  - 0x166e: 8a160201
  - 0x1672: 80fa00
  - 0x1675: 7419
  - 0x1677: 80fa01
  - 0x167a: 7428
  - 0x16a4: e81902
[run_asm_unicorn.py] BYTES AROUND PC 0x16a4 (start 0x1694 len 48): bbc6064f06f0e81901c6064f06f9eb05e81902eb007208c606360600e9d100c606360601e9c900a00e018a1e1a0138d8
[run_asm_unicorn.py] STACK AROUND SP 0x1100: 000000000000000000000000000000004d4401494e5808494e5907454e5800454e590045424800504c5800504c5900464258004642590046425600004d415000
[run_asm_unicorn.py] STACK DIFF: no changes in captured stack snapshot
[run_asm_unicorn.py] LIKELY WRITER @ 0x166b: a25006
[run_asm_unicorn.py] BYTES BACKWARD FROM PC start 0x1684 len 64: 746680fa040f84ae00e9f300c6064506bbc6064f06f0e81901c6064f06f9eb05e81902eb007208c606360600e9d100c606360601e9c900a00e018a1e1a0138d8
[run_asm_unicorn.py] BACKWARD DISASM (around 0x16a4):
  0x1684:	je	0x16ec
  0x1686:	cmp	dl, 4
  0x1689:	je	0x173b
  0x168d:	jmp	0x1783
  0x1690:	mov	byte ptr [0x645], 0xbb
[run_asm_unicorn.py] BACKWARD DISASM HINT: possible store at 0x1690 -> mov byte ptr [0x645], 0xbb
  0x1695:	mov	byte ptr [0x64f], 0xf0
[run_asm_unicorn.py] BACKWARD DISASM HINT: possible store at 0x1695 -> mov byte ptr [0x64f], 0xf0
  0x169a:	call	0x17b6
  0x169d:	mov	byte ptr [0x64f], 0xf9
[run_asm_unicorn.py] BACKWARD DISASM HINT: possible store at 0x169d -> mov byte ptr [0x64f], 0xf9
  0x16a2:	jmp	0x16a9
  0x16a4:	call	0x18c0
  0x16a7:	jmp	0x16a9
  0x16a9:	jb	0x16b3
  0x16ab:	mov	byte ptr [0x636], 0
[run_asm_unicorn.py] BACKWARD DISASM HINT: possible store at 0x16ab -> mov byte ptr [0x636], 0
  0x16b0:	jmp	0x1784
  0x16b3:	mov	byte ptr [0x636], 1
[run_asm_unicorn.py] BACKWARD DISASM HINT: possible store at 0x16b3 -> mov byte ptr [0x636], 1
  0x16b8:	jmp	0x1784
  0x16bb:	mov	al, byte ptr [0x10e]
[run_asm_unicorn.py] BACKWARD DISASM HINT: possible store at 0x16bb -> mov al, byte ptr [0x10e]
  0x16be:	mov	bl, byte ptr [0x11a]
[run_asm_unicorn.py] BACKWARD DISASM HINT: possible store at 0x16be -> mov bl, byte ptr [0x11a]
  0x16c2:	cmp	al, bl
[run_asm_unicorn.py] RETURN-WRITE HIT COUNT for 0x110fe = 1
[run_asm_unicorn.py] call_targets_seen = [(6336, {'AX': 2055, 'BX': 0, 'CX': 0, 'DX': 1, 'SI': 0, 'DI': 0, 'BP': 0, 'SP': 0, 'SS': 272, 'DS': 256, 'ES': 0, 'stack': [77, 68, 1, 73, 78, 88, 8, 73, 78, 89, 7, 69, 78, 88, 0, 69, 78, 89, 0, 69, 66, 72, 0, 80, 76, 88, 0, 80, 76, 89, 0, 70, 66, 88, 0, 70, 66, 89, 0, 70, 66, 86, 0, 0, 77, 65, 80, 0, 0, 0, 0, 0, 0, 0, 0, 0, 0, 0, 0, 0, 0, 0, 0, 0]})]
[run_asm_unicorn.py] Running isolated emulation at target 0x18c0 with PRE-REGS {'AX': 2055, 'BX': 0, 'CX': 0, 'DX': 1, 'SI': 0, 'DI': 0, 'BP': 0, 'SP': 0, 'SS': 272, 'DS': 256, 'ES': 0, 'stack': [77, 68, 1, 73, 78, 88, 8, 73, 78, 89, 7, 69, 78, 88, 0, 69, 78, 89, 0, 69, 66, 72, 0, 80, 76, 88, 0, 80, 76, 89, 0, 70, 66, 88, 0, 70, 66, 89, 0, 70, 66, 86, 0, 0, 77, 65, 80, 0, 0, 0, 0, 0, 0, 0, 0, 0, 0, 0, 0, 0, 0, 0, 0, 0]}
[run_asm_unicorn.py] restored 64 stack bytes and fake return IP into isolated emulator at 0x1300 / return at 0x12fe
[run_asm_unicorn.py][isolated] exec @ 0x18c0 bytes: 50
[run_asm_unicorn.py][isolated] exec @ 0x18c1 bytes: 53
[run_asm_unicorn.py][isolated] exec @ 0x18c2 bytes: 51
[run_asm_unicorn.py][isolated] exec @ 0x18c3 bytes: 52
[run_asm_unicorn.py][isolated] exec @ 0x18c4 bytes: c606450621
[run_asm_unicorn.py][isolated] mov byte [imm16],imm8 at 0x645 (linear 0x1645) -> 0x21
[run_asm_unicorn.py][isolated][DBG] MEMWRITE SEQ=1 @ 0x1645 offset 0 val 0x21 pc 0x18c4
[run_asm_unicorn.py][isolated] exec @ 0x18c9 bytes: b021
[run_asm_unicorn.py][isolated] exec @ 0x18cb bytes: a23306
[run_asm_unicorn.py][isolated] mov [imm],al at 0x633 (linear 0x1633) AL=33
[run_asm_unicorn.py][isolated] exec @ 0x18ce bytes: 89c1
[run_asm_unicorn.py][isolated] exec @ 0x18d0 bytes: 88e3
[run_asm_unicorn.py][isolated] exec @ 0x18d2 bytes: 30ff
[run_asm_unicorn.py][isolated] exec @ 0x18d4 bytes: 30e4
[run_asm_unicorn.py][isolated] exec @ 0x18d6 bytes: d1eb
[run_asm_unicorn.py][isolated] exec @ 0x18d8 bytes: d1e8
[run_asm_unicorn.py][isolated] exec @ 0x18da bytes: 89de
[run_asm_unicorn.py][isolated] exec @ 0x18dc bytes: 89c7
[run_asm_unicorn.py][isolated] exec @ 0x18de bytes: f6c501
[run_asm_unicorn.py][isolated] exec @ 0x18e1 bytes: 7401
[run_asm_unicorn.py][isolated] exec @ 0x18e4 bytes: f6c101
[run_asm_unicorn.py][isolated] exec @ 0x18e7 bytes: 7401
[run_asm_unicorn.py][isolated] exec @ 0x18e9 bytes: 47
[run_asm_unicorn.py][isolated] exec @ 0x18ea bytes: 89c1
[run_asm_unicorn.py][isolated] exec @ 0x18ec bytes: c6064f0651
[run_asm_unicorn.py][isolated] mov byte [imm16],imm8 at 0x64f (linear 0x164f) -> 0x51
[run_asm_unicorn.py][isolated][DBG] MEMWRITE SEQ=2 @ 0x164f offset 10 val 0x51 pc 0x18ec
[run_asm_unicorn.py][isolated] exec @ 0x18f1 bytes: 89ca
[run_asm_unicorn.py][isolated] exec @ 0x18f3 bytes: d1e2
[run_asm_unicorn.py][isolated] exec @ 0x18f5 bytes: d1e2
[run_asm_unicorn.py][isolated] exec @ 0x18f7 bytes: d1e2
[run_asm_unicorn.py][isolated] exec @ 0x18f9 bytes: d1e2
[run_asm_unicorn.py][isolated] exec @ 0x18fb bytes: d1e2
[run_asm_unicorn.py][isolated] exec @ 0x18fd bytes: d1e2
[run_asm_unicorn.py][isolated] exec @ 0x18ff bytes: d1e2
[run_asm_unicorn.py][isolated] exec @ 0x1901 bytes: 89dd
[run_asm_unicorn.py][isolated] exec @ 0x1903 bytes: c6064f0661
[run_asm_unicorn.py][isolated] mov byte [imm16],imm8 at 0x64f (linear 0x164f) -> 0x61
[run_asm_unicorn.py][isolated][DBG] MEMWRITE SEQ=3 @ 0x164f offset 10 val 0x61 pc 0x1903
[run_asm_unicorn.py][isolated] exec @ 0x1908 bytes: 89d0
[run_asm_unicorn.py][isolated] exec @ 0x190a bytes: 01e8
[run_asm_unicorn.py][isolated] exec @ 0x190c bytes: bb2f01
[run_asm_unicorn.py][isolated] exec @ 0x190f bytes: 01c3
[run_asm_unicorn.py][isolated] exec @ 0x1911 bytes: c6064e0620
[run_asm_unicorn.py][isolated] mov byte [imm16],imm8 at 0x64e (linear 0x164e) -> 0x20
[run_asm_unicorn.py][isolated][DBG] MEMWRITE SEQ=4 @ 0x164e offset 9 val 0x20 pc 0x1911
[run_asm_unicorn.py][isolated] exec @ 0x1916 bytes: 8a07
[run_asm_unicorn.py][isolated] exec @ 0x1918 bytes: a24a06
[run_asm_unicorn.py][isolated] mov [imm],al at 0x64a (linear 0x164a) AL=6
[run_asm_unicorn.py][isolated][DBG] MEMWRITE SEQ=5 @ 0x164a offset 5 val 0x6 pc 0x1918
[run_asm_unicorn.py][isolated] exec @ 0x191b bytes: b044
[run_asm_unicorn.py][isolated] exec @ 0x191d bytes: a23306
[run_asm_unicorn.py][isolated] mov [imm],al at 0x633 (linear 0x1633) AL=68
[run_asm_unicorn.py][isolated] exec @ 0x1920 bytes: 8a0e2b01
[run_asm_unicorn.py][isolated] exec @ 0x1924 bytes: 38c8
[run_asm_unicorn.py][isolated] exec @ 0x1926 bytes: 7f12
[run_asm_unicorn.py][isolated] exec @ 0x193a bytes: c6064e0699
[run_asm_unicorn.py][isolated] mov byte [imm16],imm8 at 0x64e (linear 0x164e) -> 0x99
[run_asm_unicorn.py][isolated][DBG] MEMWRITE SEQ=6 @ 0x164e offset 9 val 0x99 pc 0x193a
[run_asm_unicorn.py][isolated] exec @ 0x193f bytes: f9
[run_asm_unicorn.py][isolated] exec @ 0x1940 bytes: eb00
[run_asm_unicorn.py][isolated] exec @ 0x1942 bytes: 5a
[run_asm_unicorn.py][isolated] exec @ 0x1943 bytes: 59
[run_asm_unicorn.py][isolated] exec @ 0x1944 bytes: 5b
[run_asm_unicorn.py][isolated] exec @ 0x1945 bytes: 58
[run_asm_unicorn.py][isolated] exec @ 0x1946 bytes: c3
[run_asm_unicorn.py][isolated] exec @ 0x1100 bytes: 4d
[run_asm_unicorn.py][isolated] exec @ 0x1101 bytes: 44
[run_asm_unicorn.py][isolated] exec @ 0x1102 bytes: 01494e
[run_asm_unicorn.py][isolated] exec @ 0x1105 bytes: 58
[run_asm_unicorn.py][isolated] exec @ 0x1106 bytes: 08494e
[run_asm_unicorn.py][isolated] exec @ 0x1109 bytes: 59
[run_asm_unicorn.py][isolated] exec @ 0x110a bytes: 07
[run_asm_unicorn.py][isolated] exec @ 0x110b bytes: 45
[run_asm_unicorn.py][isolated] exec @ 0x110c bytes: 4e
[run_asm_unicorn.py][isolated] exec @ 0x110d bytes: 58
[run_asm_unicorn.py][isolated] exec @ 0x110e bytes: 00454e
[run_asm_unicorn.py][isolated] exec @ 0x1111 bytes: 59
[run_asm_unicorn.py][isolated] exec @ 0x1112 bytes: 004542
[run_asm_unicorn.py][isolated] exec @ 0x1115 bytes: 48
[run_asm_unicorn.py][isolated] exec @ 0x1116 bytes: 00504c
[run_asm_unicorn.py][isolated] exec @ 0x1119 bytes: 58
[run_asm_unicorn.py][isolated] exec @ 0x111a bytes: 00504c
[run_asm_unicorn.py][isolated] exec @ 0x111d bytes: 59
[run_asm_unicorn.py][isolated] exec @ 0x111e bytes: 004642
[run_asm_unicorn.py][isolated] exec @ 0x111e bytes: 004642
[run_asm_unicorn.py][isolated] exec @ 0x1121 bytes: 58
[run_asm_unicorn.py][isolated] exec @ 0x1122 bytes: 004642
[run_asm_unicorn.py][isolated] exec @ 0x1122 bytes: 004642
[run_asm_unicorn.py][isolated] exec @ 0x1125 bytes: 59
[run_asm_unicorn.py][isolated] exec @ 0x1126 bytes: 004642
[run_asm_unicorn.py][isolated] exec @ 0x1126 bytes: 004642
[run_asm_unicorn.py][isolated] exec @ 0x1129 bytes: 56
[run_asm_unicorn.py][isolated] exec @ 0x112a bytes: 0000
[run_asm_unicorn.py][isolated] exec @ 0x112c bytes: 4d
[run_asm_unicorn.py][isolated] exec @ 0x112d bytes: 41
[run_asm_unicorn.py][isolated] exec @ 0x112e bytes: 50
[run_asm_unicorn.py][isolated] exec @ 0x112f bytes: 0000
[run_asm_unicorn.py][isolated] exec @ 0x1131 bytes: 0000
[run_asm_unicorn.py][isolated] exec @ 0x1133 bytes: 0000
[run_asm_unicorn.py][isolated] exec @ 0x1135 bytes: 0000
[run_asm_unicorn.py][isolated] exec @ 0x1137 bytes: 0000
[run_asm_unicorn.py][isolated] exec @ 0x1139 bytes: 0000
[run_asm_unicorn.py][isolated] exec @ 0x113b bytes: 0000
[run_asm_unicorn.py][isolated] exec @ 0x113d bytes: 0000
[run_asm_unicorn.py][isolated] exec @ 0x113f bytes: 0000
[run_asm_unicorn.py][isolated] exec @ 0x1141 bytes: 0000
[run_asm_unicorn.py][isolated] exec @ 0x1143 bytes: 0000
[run_asm_unicorn.py][isolated] exec @ 0x1145 bytes: 00cf
[run_asm_unicorn.py][isolated] exec @ 0x1147 bytes: 0000
[run_asm_unicorn.py] isolated DBG @ 0x1645 = [33, 0, 0, 0, 0, 6, 0, 0, 0, 153, 97, 0, 0, 0, 83, 84, 199, 6, 49, 6]
[run_asm_unicorn.py] isolated RECENT DBG WRITES (most recent first):
  - SEQ=6 OFF=9 ADDR=0x164e SIZE=1 VAL=99 PC=0x193a
  - SEQ=5 OFF=5 ADDR=0x164a SIZE=1 VAL=06 PC=0x1918
  - SEQ=4 OFF=9 ADDR=0x164e SIZE=1 VAL=20 PC=0x1911
  - SEQ=3 OFF=10 ADDR=0x164f SIZE=1 VAL=61 PC=0x1903
  - SEQ=2 OFF=10 ADDR=0x164f SIZE=1 VAL=51 PC=0x18ec
  - SEQ=1 OFF=0 ADDR=0x1645 SIZE=1 VAL=21 PC=0x18c4
[run_asm_unicorn.py] isolated LAST DBG WRITES (per-offset):
  - offset 0: SEQ=1 VAL=21 PC=0x18c4
  - offset 5: SEQ=5 VAL=06 PC=0x1918
  - offset 9: SEQ=6 VAL=99 PC=0x193a
  - offset 10: SEQ=3 VAL=61 PC=0x1903
bytearray(b'RS\x00RNE')
0
